<?xml version="1.0" encoding="UTF-8"?>
<robot generator="Robot 7.4.2 (Python 3.11.0 on win32)" generated="2026-06-22T13:58:34.043840" rpa="false" schemaversion="5">
<suite id="s1" name="Login Tests" source="D:\New folder\WashTab_Automation\tests\login_tests.robot">
<test id="s1-t1" name="AUT-WT-LOGIN01: Verify successful login using valid username and valid password through SIGN IN button" line="8">
<kw name="Open Home Page And Click User Button" owner="common_keywords" type="SETUP">
<kw name="Open Browser To Url" owner="common_keywords">
<kw name="Open Browser Session" owner="common_keywords">
<kw name="Open Browser" owner="SeleniumLibrary">
<msg time="2026-06-22T13:58:34.514246" level="INFO">Opening browser 'chrome' to base url 'about:blank'.</msg>
<arg>about:blank</arg>
<arg>${browser}</arg>
<doc>Opens a new browser instance to the optional ``url``.</doc>
<status status="PASS" start="2026-06-22T13:58:34.514246" elapsed="1.926451"/>
</kw>
<kw name="Maximize Browser Window" owner="SeleniumLibrary">
<doc>Maximizes current browser window.</doc>
<status status="PASS" start="2026-06-22T13:58:36.440697" elapsed="0.042333"/>
</kw>
<arg>${browser}</arg>
<doc>Opens a browser session on a blank page and maximizes the window.</doc>
<status status="PASS" start="2026-06-22T13:58:34.513227" elapsed="1.970803"/>
</kw>
<kw name="Go To Url" owner="common_keywords">
<kw name="Go To" owner="SeleniumLibrary">
<msg time="2026-06-22T13:58:36.485032" level="INFO">Opening url 'http://172.21.166.115/washtabui/home'</msg>
<arg>${url}</arg>
<doc>Navigates the current browser window to the provided ``url``.</doc>
<status status="PASS" start="2026-06-22T13:58:36.484030" elapsed="5.879744"/>
</kw>
<arg>${url}</arg>
<doc>Navigates the current browser session to the provided URL.</doc>
<status status="PASS" start="2026-06-22T13:58:36.484030" elapsed="5.880744"/>
</kw>
<arg>${url}</arg>
<doc>Opens a browser session and navigates to the provided URL.</doc>
<status status="PASS" start="2026-06-22T13:58:34.511708" elapsed="7.853066"/>
</kw>
<kw name="Click When Ready" owner="common_keywords">
<kw name="Wait For Element To Be Ready" owner="common_keywords">
<kw name="Wait Until Element Is Visible" owner="SeleniumLibrary">
<arg>${locator}</arg>
<arg>${timeout}</arg>
<doc>Waits until the element ``locator`` is visible.</doc>
<status status="PASS" start="2026-06-22T13:58:42.366773" elapsed="0.040033"/>
</kw>
<kw name="Wait Until Element Is Enabled" owner="SeleniumLibrary">
<arg>${locator}</arg>
<arg>${timeout}</arg>
<doc>Waits until the element ``locator`` is enabled.</doc>
<status status="PASS" start="2026-06-22T13:58:42.406806" elapsed="0.027492"/>
</kw>
<arg>${locator}</arg>
<arg>${timeout}</arg>
<doc>Waits until the provided locator is visible and enabled.</doc>
<status status="PASS" start="2026-06-22T13:58:42.366773" elapsed="0.067525"/>
</kw>
<kw name="Click Element" owner="SeleniumLibrary">
<msg time="2026-06-22T13:58:42.435303" level="INFO">Clicking element '//ion-icon[@aria-label='person']'.</msg>
<arg>${locator}</arg>
<doc>Click the element identified by ``locator``.</doc>
<status status="PASS" start="2026-06-22T13:58:42.434298" elapsed="0.105324"/>
</kw>
<arg>//ion-icon[@aria-label='person']</arg>
<doc>Waits for an element and then clicks it.</doc>
<status status="PASS" start="2026-06-22T13:58:42.365773" elapsed="0.173849"/>
</kw>
<arg>${HOME_PAGE_URL}</arg>
<status status="PASS" start="2026-06-22T13:58:34.511708" elapsed="8.027914"/>
</kw>
<kw name="Verify Login Page Loaded" owner="login_page">
<kw name="Wait Until Location Is" owner="SeleniumLibrary">
<arg>${LOGIN_PAGE_URL}</arg>
<arg>10s</arg>
<doc>Waits until the current URL is ``expected``.</doc>
<status status="PASS" start="2026-06-22T13:58:42.542633" elapsed="0.010986"/>
</kw>
<kw name="Wait For Element To Be Ready" owner="common_keywords">
<kw name="Wait Until Element Is Visible" owner="SeleniumLibrary">
<arg>${locator}</arg>
<arg>${timeout}</arg>
<doc>Waits until the element ``locator`` is visible.</doc>
<status status="PASS" start="2026-06-22T13:58:42.554618" elapsed="1.103512"/>
</kw>
<kw name="Wait Until Element Is Enabled" owner="SeleniumLibrary">
<arg>${locator}</arg>
<arg>${timeout}</arg>
<doc>Waits until the element ``locator`` is enabled.</doc>
<status status="PASS" start="2026-06-22T13:58:43.658130" elapsed="0.022523"/>
</kw>
<arg>${USERNAME_TEXTBOX}</arg>
<doc>Waits until the provided locator is visible and enabled.</doc>
<status status="PASS" start="2026-06-22T13:58:42.553619" elapsed="1.127034"/>
</kw>
<kw name="Wait For Element To Be Ready" owner="common_keywords">
<kw name="Wait Until Element Is Visible" owner="SeleniumLibrary">
<arg>${locator}</arg>
<arg>${timeout}</arg>
<doc>Waits until the element ``locator`` is visible.</doc>
<status status="PASS" start="2026-06-22T13:58:43.681645" elapsed="0.028019"/>
</kw>
<kw name="Wait Until Element Is Enabled" owner="SeleniumLibrary">
<arg>${locator}</arg>
<arg>${timeout}</arg>
<doc>Waits until the element ``locator`` is enabled.</doc>
<status status="PASS" start="2026-06-22T13:58:43.709664" elapsed="0.026503"/>
</kw>
<arg>${PASSWORD_TEXTBOX}</arg>
<doc>Waits until the provided locator is visible and enabled.</doc>
<status status="PASS" start="2026-06-22T13:58:43.680653" elapsed="0.055514"/>
</kw>
<kw name="Wait For Element To Be Ready" owner="common_keywords">
<kw name="Wait Until Element Is Visible" owner="SeleniumLibrary">
<arg>${locator}</arg>
<arg>${timeout}</arg>
<doc>Waits until the element ``locator`` is visible.</doc>
<status status="PASS" start="2026-06-22T13:58:43.737170" elapsed="0.019996"/>
</kw>
<kw name="Wait Until Element Is Enabled" owner="SeleniumLibrary">
<arg>${locator}</arg>
<arg>${timeout}</arg>
<doc>Waits until the element ``locator`` is enabled.</doc>
<status status="PASS" start="2026-06-22T13:58:43.757166" elapsed="0.019001"/>
</kw>
<arg>${SIGN_IN_BUTTON}</arg>
<doc>Waits until the provided locator is visible and enabled.</doc>
<status status="PASS" start="2026-06-22T13:58:43.737170" elapsed="0.038997"/>
</kw>
<kw name="Wait For Element To Be Ready" owner="common_keywords">
<kw name="Wait Until Element Is Visible" owner="SeleniumLibrary">
<msg time="2026-06-22T13:58:54.240870" level="INFO" html="true">&lt;/td&gt;&lt;/tr&gt;&lt;tr&gt;&lt;td colspan="3"&gt;&lt;a href="selenium-screenshot-36.png"&gt;&lt;img src="selenium-screenshot-36.png" width="800px"&gt;&lt;/a&gt;</msg>
<msg time="2026-06-22T13:58:54.240870" level="FAIL">Element 'xpath=//ion-fab-button[.//ion-icon[@aria-label='home']]' not visible after 10 seconds.</msg>
<arg>${locator}</arg>
<arg>${timeout}</arg>
<doc>Waits until the element ``locator`` is visible.</doc>
<status status="FAIL" start="2026-06-22T13:58:43.776167" elapsed="10.469086">Element 'xpath=//ion-fab-button[.//ion-icon[@aria-label='home']]' not visible after 10 seconds.</status>
</kw>
<kw name="Wait Until Element Is Enabled" owner="SeleniumLibrary">
<arg>${locator}</arg>
<arg>${timeout}</arg>
<doc>Waits until the element ``locator`` is enabled.</doc>
<status status="NOT RUN" start="2026-06-22T13:58:54.245253" elapsed="0.000000"/>
</kw>
<arg>${HOME_NAVIGATION_BUTTON}</arg>
<doc>Waits until the provided locator is visible and enabled.</doc>
<status status="FAIL" start="2026-06-22T13:58:43.776167" elapsed="10.470094">Element 'xpath=//ion-fab-button[.//ion-icon[@aria-label='home']]' not visible after 10 seconds.</status>
</kw>
<kw name="Wait For Element To Be Ready" owner="common_keywords">
<arg>${BACK_NAVIGATION_BUTTON}</arg>
<doc>Waits until the provided locator is visible and enabled.</doc>
<status status="NOT RUN" start="2026-06-22T13:58:54.246261" elapsed="0.000000"/>
</kw>
<doc>Verify login page URL and required UI elements are visible and ready for interaction.</doc>
<status status="FAIL" start="2026-06-22T13:58:42.540622" elapsed="11.705639">Element 'xpath=//ion-fab-button[.//ion-icon[@aria-label='home']]' not visible after 10 seconds.</status>
</kw>
<kw name="Enter Username" owner="login_page">
<arg>${VALID_USERNAME}</arg>
<doc>Enter username into username textbox.</doc>
<status status="NOT RUN" start="2026-06-22T13:58:54.246261" elapsed="0.000000"/>
</kw>
<kw name="Enter Password" owner="login_page">
<arg>${VALID_PASSWORD}</arg>
<doc>Enter password into password textbox using password input.</doc>
<status status="NOT RUN" start="2026-06-22T13:58:54.246261" elapsed="0.000000"/>
</kw>
<kw name="Click Sign In Button" owner="login_page">
<doc>Click the SIGN IN button.</doc>
<status status="NOT RUN" start="2026-06-22T13:58:54.246261" elapsed="0.000000"/>
</kw>
<kw name="Verify Successful Login Redirect" owner="login_page">
<doc>Verify successful authentication redirects the user to the home page.</doc>
<status status="NOT RUN" start="2026-06-22T13:58:54.247262" elapsed="0.000000"/>
</kw>
<kw name="Close Browser Session" owner="common_keywords" type="TEARDOWN">
<kw name="Close All Browsers" owner="SeleniumLibrary">
<doc>Closes all open browsers and resets the browser cache.</doc>
<status status="PASS" start="2026-06-22T13:58:54.247262" elapsed="2.306799"/>
</kw>
<doc>Closes all open browser instances for the current execution.</doc>
<status status="PASS" start="2026-06-22T13:58:54.247262" elapsed="2.306799"/>
</kw>
<tag>positive</tag>
<tag>WT-LOGIN01</tag>
<status status="FAIL" start="2026-06-22T13:58:34.509705" elapsed="22.045362">Element 'xpath=//ion-fab-button[.//ion-icon[@aria-label='home']]' not visible after 10 seconds.</status>
</test>
<test id="s1-t2" name="AUT-WT-LOGIN02: Verify login fails when valid username is entered with incorrect password" line="16">
<kw name="Open Home Page And Click User Button" owner="common_keywords" type="SETUP">
<kw name="Open Browser To Url" owner="common_keywords">
<kw name="Open Browser Session" owner="common_keywords">
<kw name="Open Browser" owner="SeleniumLibrary">
<msg time="2026-06-22T13:58:56.557065" level="INFO">Opening browser 'chrome' to base url 'about:blank'.</msg>
<arg>about:blank</arg>
<arg>${browser}</arg>
<doc>Opens a new browser instance to the optional ``url``.</doc>
<status status="PASS" start="2026-06-22T13:58:56.557065" elapsed="1.903165"/>
</kw>
<kw name="Maximize Browser Window" owner="SeleniumLibrary">
<doc>Maximizes current browser window.</doc>
<status status="PASS" start="2026-06-22T13:58:58.461229" elapsed="0.039527"/>
</kw>
<arg>${browser}</arg>
<doc>Opens a browser session on a blank page and maximizes the window.</doc>
<status status="PASS" start="2026-06-22T13:58:56.557065" elapsed="1.943691"/>
</kw>
<kw name="Go To Url" owner="common_keywords">
<kw name="Go To" owner="SeleniumLibrary">
<msg time="2026-06-22T13:58:58.502757" level="INFO">Opening url 'http://172.21.166.115/washtabui/home'</msg>
<arg>${url}</arg>
<doc>Navigates the current browser window to the provided ``url``.</doc>
<status status="PASS" start="2026-06-22T13:58:58.502757" elapsed="5.498999"/>
</kw>
<arg>${url}</arg>
<doc>Navigates the current browser session to the provided URL.</doc>
<status status="PASS" start="2026-06-22T13:58:58.501758" elapsed="5.499998"/>
</kw>
<arg>${url}</arg>
<doc>Opens a browser session and navigates to the provided URL.</doc>
<status status="PASS" start="2026-06-22T13:58:56.556066" elapsed="7.445690"/>
</kw>
<kw name="Click When Ready" owner="common_keywords">
<kw name="Wait For Element To Be Ready" owner="common_keywords">
<kw name="Wait Until Element Is Visible" owner="SeleniumLibrary">
<arg>${locator}</arg>
<arg>${timeout}</arg>
<doc>Waits until the element ``locator`` is visible.</doc>
<status status="PASS" start="2026-06-22T13:59:04.002837" elapsed="0.022505"/>
</kw>
<kw name="Wait Until Element Is Enabled" owner="SeleniumLibrary">
<arg>${locator}</arg>
<arg>${timeout}</arg>
<doc>Waits until the element ``locator`` is enabled.</doc>
<status status="PASS" start="2026-06-22T13:59:04.026344" elapsed="0.021370"/>
</kw>
<arg>${locator}</arg>
<arg>${timeout}</arg>
<doc>Waits until the provided locator is visible and enabled.</doc>
<status status="PASS" start="2026-06-22T13:59:04.001756" elapsed="0.045958"/>
</kw>
<kw name="Click Element" owner="SeleniumLibrary">
<msg time="2026-06-22T13:59:04.047714" level="INFO">Clicking element '//ion-icon[@aria-label='person']'.</msg>
<arg>${locator}</arg>
<doc>Click the element identified by ``locator``.</doc>
<status status="PASS" start="2026-06-22T13:59:04.047714" elapsed="0.082000"/>
</kw>
<arg>//ion-icon[@aria-label='person']</arg>
<doc>Waits for an element and then clicks it.</doc>
<status status="PASS" start="2026-06-22T13:59:04.001756" elapsed="0.128957"/>
</kw>
<arg>${HOME_PAGE_URL}</arg>
<status status="PASS" start="2026-06-22T13:58:56.556066" elapsed="7.574647"/>
</kw>
<kw name="Verify Login Page Loaded" owner="login_page">
<kw name="Wait Until Location Is" owner="SeleniumLibrary">
<arg>${LOGIN_PAGE_URL}</arg>
<arg>10s</arg>
<doc>Waits until the current URL is ``expected``.</doc>
<status status="PASS" start="2026-06-22T13:59:04.130713" elapsed="0.009007"/>
</kw>
<kw name="Wait For Element To Be Ready" owner="common_keywords">
<kw name="Wait Until Element Is Visible" owner="SeleniumLibrary">
<arg>${locator}</arg>
<arg>${timeout}</arg>
<doc>Waits until the element ``locator`` is visible.</doc>
<status status="PASS" start="2026-06-22T13:59:04.139720" elapsed="0.879418"/>
</kw>
<kw name="Wait Until Element Is Enabled" owner="SeleniumLibrary">
<arg>${locator}</arg>
<arg>${timeout}</arg>
<doc>Waits until the element ``locator`` is enabled.</doc>
<status status="PASS" start="2026-06-22T13:59:05.019138" elapsed="0.022221"/>
</kw>
<arg>${USERNAME_TEXTBOX}</arg>
<doc>Waits until the provided locator is visible and enabled.</doc>
<status status="PASS" start="2026-06-22T13:59:04.139720" elapsed="0.902636"/>
</kw>
<kw name="Wait For Element To Be Ready" owner="common_keywords">
<kw name="Wait Until Element Is Visible" owner="SeleniumLibrary">
<arg>${locator}</arg>
<arg>${timeout}</arg>
<doc>Waits until the element ``locator`` is visible.</doc>
<status status="PASS" start="2026-06-22T13:59:05.043375" elapsed="0.019524"/>
</kw>
<kw name="Wait Until Element Is Enabled" owner="SeleniumLibrary">
<arg>${locator}</arg>
<arg>${timeout}</arg>
<doc>Waits until the element ``locator`` is enabled.</doc>
<status status="PASS" start="2026-06-22T13:59:05.062899" elapsed="0.022996"/>
</kw>
<arg>${PASSWORD_TEXTBOX}</arg>
<doc>Waits until the provided locator is visible and enabled.</doc>
<status status="PASS" start="2026-06-22T13:59:05.042356" elapsed="0.043539"/>
</kw>
<kw name="Wait For Element To Be Ready" owner="common_keywords">
<kw name="Wait Until Element Is Visible" owner="SeleniumLibrary">
<arg>${locator}</arg>
<arg>${timeout}</arg>
<doc>Waits until the element ``locator`` is visible.</doc>
<status status="PASS" start="2026-06-22T13:59:05.086895" elapsed="0.020000"/>
</kw>
<kw name="Wait Until Element Is Enabled" owner="SeleniumLibrary">
<arg>${locator}</arg>
<arg>${timeout}</arg>
<doc>Waits until the element ``locator`` is enabled.</doc>
<status status="PASS" start="2026-06-22T13:59:05.106895" elapsed="0.027016"/>
</kw>
<arg>${SIGN_IN_BUTTON}</arg>
<doc>Waits until the provided locator is visible and enabled.</doc>
<status status="PASS" start="2026-06-22T13:59:05.086895" elapsed="0.047016"/>
</kw>
<kw name="Wait For Element To Be Ready" owner="common_keywords">
<kw name="Wait Until Element Is Visible" owner="SeleniumLibrary">
<arg>${locator}</arg>
<arg>${timeout}</arg>
<doc>Waits until the element ``locator`` is visible.</doc>
<status status="PASS" start="2026-06-22T13:59:05.134910" elapsed="0.020718"/>
</kw>
<kw name="Wait Until Element Is Enabled" owner="SeleniumLibrary">
<arg>${locator}</arg>
<arg>${timeout}</arg>
<doc>Waits until the element ``locator`` is enabled.</doc>
<status status="PASS" start="2026-06-22T13:59:05.155628" elapsed="0.018998"/>
</kw>
<arg>${HOME_NAVIGATION_BUTTON}</arg>
<doc>Waits until the provided locator is visible and enabled.</doc>
<status status="PASS" start="2026-06-22T13:59:05.134910" elapsed="0.039716"/>
</kw>
<kw name="Wait For Element To Be Ready" owner="common_keywords">
<kw name="Wait Until Element Is Visible" owner="SeleniumLibrary">
<arg>${locator}</arg>
<arg>${timeout}</arg>
<doc>Waits until the element ``locator`` is visible.</doc>
<status status="PASS" start="2026-06-22T13:59:05.175627" elapsed="0.022999"/>
</kw>
<kw name="Wait Until Element Is Enabled" owner="SeleniumLibrary">
<arg>${locator}</arg>
<arg>${timeout}</arg>
<doc>Waits until the element ``locator`` is enabled.</doc>
<status status="PASS" start="2026-06-22T13:59:05.198626" elapsed="0.024518"/>
</kw>
<arg>${BACK_NAVIGATION_BUTTON}</arg>
<doc>Waits until the provided locator is visible and enabled.</doc>
<status status="PASS" start="2026-06-22T13:59:05.174626" elapsed="0.048518"/>
</kw>
<doc>Verify login page URL and required UI elements are visible and ready for interaction.</doc>
<status status="PASS" start="2026-06-22T13:59:04.130713" elapsed="1.092431"/>
</kw>
<kw name="Enter Username" owner="login_page">
<kw name="Input Text When Ready" owner="common_keywords">
<kw name="Wait For Element To Be Ready" owner="common_keywords">
<kw name="Wait Until Element Is Visible" owner="SeleniumLibrary">
<arg>${locator}</arg>
<arg>${timeout}</arg>
<doc>Waits until the element ``locator`` is visible.</doc>
<status status="PASS" start="2026-06-22T13:59:05.225148" elapsed="0.022038"/>
</kw>
<kw name="Wait Until Element Is Enabled" owner="SeleniumLibrary">
<arg>${locator}</arg>
<arg>${timeout}</arg>
<doc>Waits until the element ``locator`` is enabled.</doc>
<status status="PASS" start="2026-06-22T13:59:05.247186" elapsed="0.026486"/>
</kw>
<arg>${locator}</arg>
<arg>${timeout}</arg>
<doc>Waits until the provided locator is visible and enabled.</doc>
<status status="PASS" start="2026-06-22T13:59:05.224149" elapsed="0.049523"/>
</kw>
<kw name="Input Text" owner="SeleniumLibrary">
<msg time="2026-06-22T13:59:05.274671" level="INFO">Typing text 'hacklarr' into text field 'xpath=//input[@name='ion-input-0']'.</msg>
<arg>${locator}</arg>
<arg>${text}</arg>
<doc>Types the given ``text`` into the text field identified by ``locator``.</doc>
<status status="PASS" start="2026-06-22T13:59:05.273672" elapsed="0.110661"/>
</kw>
<arg>${USERNAME_TEXTBOX}</arg>
<arg>${username}</arg>
<doc>Waits for an element and then inputs the provided text.</doc>
<status status="PASS" start="2026-06-22T13:59:05.224149" elapsed="0.160184"/>
</kw>
<arg>${VALID_USERNAME}</arg>
<doc>Enter username into username textbox.</doc>
<status status="PASS" start="2026-06-22T13:59:05.223144" elapsed="0.161189"/>
</kw>
<kw name="Enter Password" owner="login_page">
<kw name="Input Text When Ready" owner="common_keywords">
<kw name="Wait For Element To Be Ready" owner="common_keywords">
<kw name="Wait Until Element Is Visible" owner="SeleniumLibrary">
<arg>${locator}</arg>
<arg>${timeout}</arg>
<doc>Waits until the element ``locator`` is visible.</doc>
<status status="PASS" start="2026-06-22T13:59:05.385331" elapsed="0.014007"/>
</kw>
<kw name="Wait Until Element Is Enabled" owner="SeleniumLibrary">
<arg>${locator}</arg>
<arg>${timeout}</arg>
<doc>Waits until the element ``locator`` is enabled.</doc>
<status status="PASS" start="2026-06-22T13:59:05.399338" elapsed="0.016973"/>
</kw>
<arg>${locator}</arg>
<arg>${timeout}</arg>
<doc>Waits until the provided locator is visible and enabled.</doc>
<status status="PASS" start="2026-06-22T13:59:05.385331" elapsed="0.031981"/>
</kw>
<kw name="Input Text" owner="SeleniumLibrary">
<msg time="2026-06-22T13:59:05.417312" level="INFO">Typing text 'WrongPassword1' into text field 'xpath=//input[@name='ion-input-1']'.</msg>
<arg>${locator}</arg>
<arg>${text}</arg>
<doc>Types the given ``text`` into the text field identified by ``locator``.</doc>
<status status="PASS" start="2026-06-22T13:59:05.417312" elapsed="0.075110"/>
</kw>
<arg>${PASSWORD_TEXTBOX}</arg>
<arg>${password}</arg>
<doc>Waits for an element and then inputs the provided text.</doc>
<status status="PASS" start="2026-06-22T13:59:05.385331" elapsed="0.107091"/>
</kw>
<arg>${INCORRECT_PASSWORD}</arg>
<doc>Enter password into password textbox using password input.</doc>
<status status="PASS" start="2026-06-22T13:59:05.384333" elapsed="0.108089"/>
</kw>
<kw name="Click Sign In Button" owner="login_page">
<kw name="Click When Ready" owner="common_keywords">
<kw name="Wait For Element To Be Ready" owner="common_keywords">
<kw name="Wait Until Element Is Visible" owner="SeleniumLibrary">
<arg>${locator}</arg>
<arg>${timeout}</arg>
<doc>Waits until the element ``locator`` is visible.</doc>
<status status="PASS" start="2026-06-22T13:59:05.494437" elapsed="0.027016"/>
</kw>
<kw name="Wait Until Element Is Enabled" owner="SeleniumLibrary">
<arg>${locator}</arg>
<arg>${timeout}</arg>
<doc>Waits until the element ``locator`` is enabled.</doc>
<status status="PASS" start="2026-06-22T13:59:05.521453" elapsed="0.020012"/>
</kw>
<arg>${locator}</arg>
<arg>${timeout}</arg>
<doc>Waits until the provided locator is visible and enabled.</doc>
<status status="PASS" start="2026-06-22T13:59:05.493421" elapsed="0.048044"/>
</kw>
<kw name="Click Element" owner="SeleniumLibrary">
<msg time="2026-06-22T13:59:05.542464" level="INFO">Clicking element 'xpath=//ion-button[normalize-space()='SIGN IN']'.</msg>
<arg>${locator}</arg>
<doc>Click the element identified by ``locator``.</doc>
<status status="PASS" start="2026-06-22T13:59:05.541465" elapsed="0.068759"/>
</kw>
<arg>${SIGN_IN_BUTTON}</arg>
<doc>Waits for an element and then clicks it.</doc>
<status status="PASS" start="2026-06-22T13:59:05.493421" elapsed="0.116803"/>
</kw>
<doc>Click the SIGN IN button.</doc>
<status status="PASS" start="2026-06-22T13:59:05.493421" elapsed="0.116803"/>
</kw>
<kw name="Verify Login Failed And Still On Login Page" owner="login_page">
<kw name="Wait Until Location Is" owner="SeleniumLibrary">
<arg>${LOGIN_PAGE_URL}</arg>
<arg>10s</arg>
<doc>Waits until the current URL is ``expected``.</doc>
<status status="PASS" start="2026-06-22T13:59:05.611224" elapsed="0.007524"/>
</kw>
<kw name="Wait For Element To Be Ready" owner="common_keywords">
<kw name="Wait Until Element Is Visible" owner="SeleniumLibrary">
<arg>${locator}</arg>
<arg>${timeout}</arg>
<doc>Waits until the element ``locator`` is visible.</doc>
<status status="PASS" start="2026-06-22T13:59:05.619748" elapsed="0.021012"/>
</kw>
<kw name="Wait Until Element Is Enabled" owner="SeleniumLibrary">
<arg>${locator}</arg>
<arg>${timeout}</arg>
<doc>Waits until the element ``locator`` is enabled.</doc>
<status status="PASS" start="2026-06-22T13:59:05.641758" elapsed="0.026682"/>
</kw>
<arg>${SIGN_IN_BUTTON}</arg>
<doc>Waits until the provided locator is visible and enabled.</doc>
<status status="PASS" start="2026-06-22T13:59:05.619748" elapsed="0.048692"/>
</kw>
<doc>Verify authentication failure keeps the user on the login page.</doc>
<status status="PASS" start="2026-06-22T13:59:05.610224" elapsed="0.058216"/>
</kw>
<kw name="Close Browser Session" owner="common_keywords" type="TEARDOWN">
<kw name="Close All Browsers" owner="SeleniumLibrary">
<doc>Closes all open browsers and resets the browser cache.</doc>
<status status="PASS" start="2026-06-22T13:59:05.669438" elapsed="2.373715"/>
</kw>
<doc>Closes all open browser instances for the current execution.</doc>
<status status="PASS" start="2026-06-22T13:59:05.669438" elapsed="2.373715"/>
</kw>
<tag>negative</tag>
<tag>WT-LOGIN02</tag>
<status status="PASS" start="2026-06-22T13:58:56.555067" elapsed="11.488086"/>
</test>
<test id="s1-t3" name="AUT-WT-LOGIN03: Verify login fails when invalid username is entered with valid password" line="24">
<kw name="Open Home Page And Click User Button" owner="common_keywords" type="SETUP">
<kw name="Open Browser To Url" owner="common_keywords">
<kw name="Open Browser Session" owner="common_keywords">
<kw name="Open Browser" owner="SeleniumLibrary">
<msg time="2026-06-22T13:59:08.045154" level="INFO">Opening browser 'chrome' to base url 'about:blank'.</msg>
<arg>about:blank</arg>
<arg>${browser}</arg>
<doc>Opens a new browser instance to the optional ``url``.</doc>
<status status="PASS" start="2026-06-22T13:59:08.045154" elapsed="1.712737"/>
</kw>
<kw name="Maximize Browser Window" owner="SeleniumLibrary">
<doc>Maximizes current browser window.</doc>
<status status="PASS" start="2026-06-22T13:59:09.758890" elapsed="0.044335"/>
</kw>
<arg>${browser}</arg>
<doc>Opens a browser session on a blank page and maximizes the window.</doc>
<status status="PASS" start="2026-06-22T13:59:08.045154" elapsed="1.758071"/>
</kw>
<kw name="Go To Url" owner="common_keywords">
<kw name="Go To" owner="SeleniumLibrary">
<msg time="2026-06-22T13:59:09.805226" level="INFO">Opening url 'http://172.21.166.115/washtabui/home'</msg>
<arg>${url}</arg>
<doc>Navigates the current browser window to the provided ``url``.</doc>
<status status="PASS" start="2026-06-22T13:59:09.804229" elapsed="5.395101"/>
</kw>
<arg>${url}</arg>
<doc>Navigates the current browser session to the provided URL.</doc>
<status status="PASS" start="2026-06-22T13:59:09.803225" elapsed="5.396105"/>
</kw>
<arg>${url}</arg>
<doc>Opens a browser session and navigates to the provided URL.</doc>
<status status="PASS" start="2026-06-22T13:59:08.045154" elapsed="7.155174"/>
</kw>
<kw name="Click When Ready" owner="common_keywords">
<kw name="Wait For Element To Be Ready" owner="common_keywords">
<kw name="Wait Until Element Is Visible" owner="SeleniumLibrary">
<arg>${locator}</arg>
<arg>${timeout}</arg>
<doc>Waits until the element ``locator`` is visible.</doc>
<status status="PASS" start="2026-06-22T13:59:15.201327" elapsed="0.021998"/>
</kw>
<kw name="Wait Until Element Is Enabled" owner="SeleniumLibrary">
<arg>${locator}</arg>
<arg>${timeout}</arg>
<doc>Waits until the element ``locator`` is enabled.</doc>
<status status="PASS" start="2026-06-22T13:59:15.224326" elapsed="0.019005"/>
</kw>
<arg>${locator}</arg>
<arg>${timeout}</arg>
<doc>Waits until the provided locator is visible and enabled.</doc>
<status status="PASS" start="2026-06-22T13:59:15.201327" elapsed="0.042004"/>
</kw>
<kw name="Click Element" owner="SeleniumLibrary">
<msg time="2026-06-22T13:59:15.244330" level="INFO">Clicking element '//ion-icon[@aria-label='person']'.</msg>
<arg>${locator}</arg>
<doc>Click the element identified by ``locator``.</doc>
<status status="PASS" start="2026-06-22T13:59:15.243331" elapsed="0.079518"/>
</kw>
<arg>//ion-icon[@aria-label='person']</arg>
<doc>Waits for an element and then clicks it.</doc>
<status status="PASS" start="2026-06-22T13:59:15.200328" elapsed="0.122521"/>
</kw>
<arg>${HOME_PAGE_URL}</arg>
<status status="PASS" start="2026-06-22T13:59:08.044154" elapsed="7.278695"/>
</kw>
<kw name="Verify Login Page Loaded" owner="login_page">
<kw name="Wait Until Location Is" owner="SeleniumLibrary">
<arg>${LOGIN_PAGE_URL}</arg>
<arg>10s</arg>
<doc>Waits until the current URL is ``expected``.</doc>
<status status="PASS" start="2026-06-22T13:59:15.323847" elapsed="0.010999"/>
</kw>
<kw name="Wait For Element To Be Ready" owner="common_keywords">
<kw name="Wait Until Element Is Visible" owner="SeleniumLibrary">
<arg>${locator}</arg>
<arg>${timeout}</arg>
<doc>Waits until the element ``locator`` is visible.</doc>
<status status="PASS" start="2026-06-22T13:59:15.334846" elapsed="0.864897"/>
</kw>
<kw name="Wait Until Element Is Enabled" owner="SeleniumLibrary">
<arg>${locator}</arg>
<arg>${timeout}</arg>
<doc>Waits until the element ``locator`` is enabled.</doc>
<status status="PASS" start="2026-06-22T13:59:16.199743" elapsed="0.021516"/>
</kw>
<arg>${USERNAME_TEXTBOX}</arg>
<doc>Waits until the provided locator is visible and enabled.</doc>
<status status="PASS" start="2026-06-22T13:59:15.334846" elapsed="0.886413"/>
</kw>
<kw name="Wait For Element To Be Ready" owner="common_keywords">
<kw name="Wait Until Element Is Visible" owner="SeleniumLibrary">
<arg>${locator}</arg>
<arg>${timeout}</arg>
<doc>Waits until the element ``locator`` is visible.</doc>
<status status="PASS" start="2026-06-22T13:59:16.222258" elapsed="0.019999"/>
</kw>
<kw name="Wait Until Element Is Enabled" owner="SeleniumLibrary">
<arg>${locator}</arg>
<arg>${timeout}</arg>
<doc>Waits until the element ``locator`` is enabled.</doc>
<status status="PASS" start="2026-06-22T13:59:16.242257" elapsed="0.026537"/>
</kw>
<arg>${PASSWORD_TEXTBOX}</arg>
<doc>Waits until the provided locator is visible and enabled.</doc>
<status status="PASS" start="2026-06-22T13:59:16.221259" elapsed="0.048531"/>
</kw>
<kw name="Wait For Element To Be Ready" owner="common_keywords">
<kw name="Wait Until Element Is Visible" owner="SeleniumLibrary">
<arg>${locator}</arg>
<arg>${timeout}</arg>
<doc>Waits until the element ``locator`` is visible.</doc>
<status status="PASS" start="2026-06-22T13:59:16.270791" elapsed="0.018010"/>
</kw>
<kw name="Wait Until Element Is Enabled" owner="SeleniumLibrary">
<arg>${locator}</arg>
<arg>${timeout}</arg>
<doc>Waits until the element ``locator`` is enabled.</doc>
<status status="PASS" start="2026-06-22T13:59:16.288801" elapsed="0.017611"/>
</kw>
<arg>${SIGN_IN_BUTTON}</arg>
<doc>Waits until the provided locator is visible and enabled.</doc>
<status status="PASS" start="2026-06-22T13:59:16.269790" elapsed="0.037619"/>
</kw>
<kw name="Wait For Element To Be Ready" owner="common_keywords">
<kw name="Wait Until Element Is Visible" owner="SeleniumLibrary">
<arg>${locator}</arg>
<arg>${timeout}</arg>
<doc>Waits until the element ``locator`` is visible.</doc>
<status status="PASS" start="2026-06-22T13:59:16.308412" elapsed="0.022999"/>
</kw>
<kw name="Wait Until Element Is Enabled" owner="SeleniumLibrary">
<arg>${locator}</arg>
<arg>${timeout}</arg>
<doc>Waits until the element ``locator`` is enabled.</doc>
<status status="PASS" start="2026-06-22T13:59:16.331411" elapsed="0.022010"/>
</kw>
<arg>${HOME_NAVIGATION_BUTTON}</arg>
<doc>Waits until the provided locator is visible and enabled.</doc>
<status status="PASS" start="2026-06-22T13:59:16.307409" elapsed="0.046012"/>
</kw>
<kw name="Wait For Element To Be Ready" owner="common_keywords">
<kw name="Wait Until Element Is Visible" owner="SeleniumLibrary">
<arg>${locator}</arg>
<arg>${timeout}</arg>
<doc>Waits until the element ``locator`` is visible.</doc>
<status status="PASS" start="2026-06-22T13:59:16.354424" elapsed="0.018217"/>
</kw>
<kw name="Wait Until Element Is Enabled" owner="SeleniumLibrary">
<arg>${locator}</arg>
<arg>${timeout}</arg>
<doc>Waits until the element ``locator`` is enabled.</doc>
<status status="PASS" start="2026-06-22T13:59:16.373642" elapsed="0.020003"/>
</kw>
<arg>${BACK_NAVIGATION_BUTTON}</arg>
<doc>Waits until the provided locator is visible and enabled.</doc>
<status status="PASS" start="2026-06-22T13:59:16.353421" elapsed="0.040224"/>
</kw>
<doc>Verify login page URL and required UI elements are visible and ready for interaction.</doc>
<status status="PASS" start="2026-06-22T13:59:15.322849" elapsed="1.070796"/>
</kw>
<kw name="Enter Username" owner="login_page">
<kw name="Input Text When Ready" owner="common_keywords">
<kw name="Wait For Element To Be Ready" owner="common_keywords">
<kw name="Wait Until Element Is Visible" owner="SeleniumLibrary">
<arg>${locator}</arg>
<arg>${timeout}</arg>
<doc>Waits until the element ``locator`` is visible.</doc>
<status status="PASS" start="2026-06-22T13:59:16.396645" elapsed="0.013722"/>
</kw>
<kw name="Wait Until Element Is Enabled" owner="SeleniumLibrary">
<arg>${locator}</arg>
<arg>${timeout}</arg>
<doc>Waits until the element ``locator`` is enabled.</doc>
<status status="PASS" start="2026-06-22T13:59:16.410367" elapsed="0.021552"/>
</kw>
<arg>${locator}</arg>
<arg>${timeout}</arg>
<doc>Waits until the provided locator is visible and enabled.</doc>
<status status="PASS" start="2026-06-22T13:59:16.396645" elapsed="0.035274"/>
</kw>
<kw name="Input Text" owner="SeleniumLibrary">
<msg time="2026-06-22T13:59:16.432935" level="INFO">Typing text 'invaliduser' into text field 'xpath=//input[@name='ion-input-0']'.</msg>
<arg>${locator}</arg>
<arg>${text}</arg>
<doc>Types the given ``text`` into the text field identified by ``locator``.</doc>
<status status="PASS" start="2026-06-22T13:59:16.431919" elapsed="0.110404"/>
</kw>
<arg>${USERNAME_TEXTBOX}</arg>
<arg>${username}</arg>
<doc>Waits for an element and then inputs the provided text.</doc>
<status status="PASS" start="2026-06-22T13:59:16.395653" elapsed="0.146670"/>
</kw>
<arg>${INVALID_USERNAME}</arg>
<doc>Enter username into username textbox.</doc>
<status status="PASS" start="2026-06-22T13:59:16.393645" elapsed="0.148678"/>
</kw>
<kw name="Enter Password" owner="login_page">
<kw name="Input Text When Ready" owner="common_keywords">
<kw name="Wait For Element To Be Ready" owner="common_keywords">
<kw name="Wait Until Element Is Visible" owner="SeleniumLibrary">
<arg>${locator}</arg>
<arg>${timeout}</arg>
<doc>Waits until the element ``locator`` is visible.</doc>
<status status="PASS" start="2026-06-22T13:59:16.544343" elapsed="0.014498"/>
</kw>
<kw name="Wait Until Element Is Enabled" owner="SeleniumLibrary">
<arg>${locator}</arg>
<arg>${timeout}</arg>
<doc>Waits until the element ``locator`` is enabled.</doc>
<status status="PASS" start="2026-06-22T13:59:16.559851" elapsed="0.031382"/>
</kw>
<arg>${locator}</arg>
<arg>${timeout}</arg>
<doc>Waits until the provided locator is visible and enabled.</doc>
<status status="PASS" start="2026-06-22T13:59:16.544343" elapsed="0.047889"/>
</kw>
<kw name="Input Text" owner="SeleniumLibrary">
<msg time="2026-06-22T13:59:16.592232" level="INFO">Typing text 'Icstunnel1' into text field 'xpath=//input[@name='ion-input-1']'.</msg>
<arg>${locator}</arg>
<arg>${text}</arg>
<doc>Types the given ``text`` into the text field identified by ``locator``.</doc>
<status status="PASS" start="2026-06-22T13:59:16.592232" elapsed="0.078965"/>
</kw>
<arg>${PASSWORD_TEXTBOX}</arg>
<arg>${password}</arg>
<doc>Waits for an element and then inputs the provided text.</doc>
<status status="PASS" start="2026-06-22T13:59:16.543327" elapsed="0.127870"/>
</kw>
<arg>${VALID_PASSWORD}</arg>
<doc>Enter password into password textbox using password input.</doc>
<status status="PASS" start="2026-06-22T13:59:16.543327" elapsed="0.127870"/>
</kw>
<kw name="Click Sign In Button" owner="login_page">
<kw name="Click When Ready" owner="common_keywords">
<kw name="Wait For Element To Be Ready" owner="common_keywords">
<kw name="Wait Until Element Is Visible" owner="SeleniumLibrary">
<arg>${locator}</arg>
<arg>${timeout}</arg>
<doc>Waits until the element ``locator`` is visible.</doc>
<status status="PASS" start="2026-06-22T13:59:16.673195" elapsed="0.015122"/>
</kw>
<kw name="Wait Until Element Is Enabled" owner="SeleniumLibrary">
<arg>${locator}</arg>
<arg>${timeout}</arg>
<doc>Waits until the element ``locator`` is enabled.</doc>
<status status="PASS" start="2026-06-22T13:59:16.688317" elapsed="0.019661"/>
</kw>
<arg>${locator}</arg>
<arg>${timeout}</arg>
<doc>Waits until the provided locator is visible and enabled.</doc>
<status status="PASS" start="2026-06-22T13:59:16.673195" elapsed="0.034783"/>
</kw>
<kw name="Click Element" owner="SeleniumLibrary">
<msg time="2026-06-22T13:59:16.709064" level="INFO">Clicking element 'xpath=//ion-button[normalize-space()='SIGN IN']'.</msg>
<arg>${locator}</arg>
<doc>Click the element identified by ``locator``.</doc>
<status status="PASS" start="2026-06-22T13:59:16.707978" elapsed="0.063357"/>
</kw>
<arg>${SIGN_IN_BUTTON}</arg>
<doc>Waits for an element and then clicks it.</doc>
<status status="PASS" start="2026-06-22T13:59:16.672213" elapsed="0.100128"/>
</kw>
<doc>Click the SIGN IN button.</doc>
<status status="PASS" start="2026-06-22T13:59:16.672213" elapsed="0.100128"/>
</kw>
<kw name="Verify Login Failed And Still On Login Page" owner="login_page">
<kw name="Wait Until Location Is" owner="SeleniumLibrary">
<arg>${LOGIN_PAGE_URL}</arg>
<arg>10s</arg>
<doc>Waits until the current URL is ``expected``.</doc>
<status status="PASS" start="2026-06-22T13:59:16.772341" elapsed="0.007995"/>
</kw>
<kw name="Wait For Element To Be Ready" owner="common_keywords">
<kw name="Wait Until Element Is Visible" owner="SeleniumLibrary">
<arg>${locator}</arg>
<arg>${timeout}</arg>
<doc>Waits until the element ``locator`` is visible.</doc>
<status status="PASS" start="2026-06-22T13:59:16.781332" elapsed="0.017002"/>
</kw>
<kw name="Wait Until Element Is Enabled" owner="SeleniumLibrary">
<arg>${locator}</arg>
<arg>${timeout}</arg>
<doc>Waits until the element ``locator`` is enabled.</doc>
<status status="PASS" start="2026-06-22T13:59:16.799335" elapsed="0.025369"/>
</kw>
<arg>${SIGN_IN_BUTTON}</arg>
<doc>Waits until the provided locator is visible and enabled.</doc>
<status status="PASS" start="2026-06-22T13:59:16.780336" elapsed="0.044368"/>
</kw>
<doc>Verify authentication failure keeps the user on the login page.</doc>
<status status="PASS" start="2026-06-22T13:59:16.772341" elapsed="0.053361"/>
</kw>
<kw name="Close Browser Session" owner="common_keywords" type="TEARDOWN">
<kw name="Close All Browsers" owner="SeleniumLibrary">
<doc>Closes all open browsers and resets the browser cache.</doc>
<status status="PASS" start="2026-06-22T13:59:16.826701" elapsed="2.315823"/>
</kw>
<doc>Closes all open browser instances for the current execution.</doc>
<status status="PASS" start="2026-06-22T13:59:16.825702" elapsed="2.317849"/>
</kw>
<tag>negative</tag>
<tag>WT-LOGIN03</tag>
<status status="PASS" start="2026-06-22T13:59:08.044154" elapsed="11.099397"/>
</test>
<test id="s1-t4" name="AUT-WT-LOGIN04: Verify login fails when both username and password are invalid" line="32">
<kw name="Open Home Page And Click User Button" owner="common_keywords" type="SETUP">
<kw name="Open Browser To Url" owner="common_keywords">
<kw name="Open Browser Session" owner="common_keywords">
<kw name="Open Browser" owner="SeleniumLibrary">
<msg time="2026-06-22T13:59:19.147562" level="INFO">Opening browser 'chrome' to base url 'about:blank'.</msg>
<arg>about:blank</arg>
<arg>${browser}</arg>
<doc>Opens a new browser instance to the optional ``url``.</doc>
<status status="PASS" start="2026-06-22T13:59:19.147562" elapsed="1.724946"/>
</kw>
<kw name="Maximize Browser Window" owner="SeleniumLibrary">
<doc>Maximizes current browser window.</doc>
<status status="PASS" start="2026-06-22T13:59:20.873508" elapsed="0.045002"/>
</kw>
<arg>${browser}</arg>
<doc>Opens a browser session on a blank page and maximizes the window.</doc>
<status status="PASS" start="2026-06-22T13:59:19.146554" elapsed="1.771956"/>
</kw>
<kw name="Go To Url" owner="common_keywords">
<kw name="Go To" owner="SeleniumLibrary">
<msg time="2026-06-22T13:59:20.920508" level="INFO">Opening url 'http://172.21.166.115/washtabui/home'</msg>
<arg>${url}</arg>
<doc>Navigates the current browser window to the provided ``url``.</doc>
<status status="PASS" start="2026-06-22T13:59:20.919510" elapsed="5.742205"/>
</kw>
<arg>${url}</arg>
<doc>Navigates the current browser session to the provided URL.</doc>
<status status="PASS" start="2026-06-22T13:59:20.919510" elapsed="5.742205"/>
</kw>
<arg>${url}</arg>
<doc>Opens a browser session and navigates to the provided URL.</doc>
<status status="PASS" start="2026-06-22T13:59:19.146554" elapsed="7.516158"/>
</kw>
<kw name="Click When Ready" owner="common_keywords">
<kw name="Wait For Element To Be Ready" owner="common_keywords">
<kw name="Wait Until Element Is Visible" owner="SeleniumLibrary">
<arg>${locator}</arg>
<arg>${timeout}</arg>
<doc>Waits until the element ``locator`` is visible.</doc>
<status status="PASS" start="2026-06-22T13:59:26.663714" elapsed="0.023792"/>
</kw>
<kw name="Wait Until Element Is Enabled" owner="SeleniumLibrary">
<arg>${locator}</arg>
<arg>${timeout}</arg>
<doc>Waits until the element ``locator`` is enabled.</doc>
<status status="PASS" start="2026-06-22T13:59:26.688527" elapsed="0.019267"/>
</kw>
<arg>${locator}</arg>
<arg>${timeout}</arg>
<doc>Waits until the provided locator is visible and enabled.</doc>
<status status="PASS" start="2026-06-22T13:59:26.662712" elapsed="0.045082"/>
</kw>
<kw name="Click Element" owner="SeleniumLibrary">
<msg time="2026-06-22T13:59:26.708793" level="INFO">Clicking element '//ion-icon[@aria-label='person']'.</msg>
<arg>${locator}</arg>
<doc>Click the element identified by ``locator``.</doc>
<status status="PASS" start="2026-06-22T13:59:26.708793" elapsed="0.077581"/>
</kw>
<arg>//ion-icon[@aria-label='person']</arg>
<doc>Waits for an element and then clicks it.</doc>
<status status="PASS" start="2026-06-22T13:59:26.662712" elapsed="0.123662"/>
</kw>
<arg>${HOME_PAGE_URL}</arg>
<status status="PASS" start="2026-06-22T13:59:19.145553" elapsed="7.640821"/>
</kw>
<kw name="Verify Login Page Loaded" owner="login_page">
<kw name="Wait Until Location Is" owner="SeleniumLibrary">
<arg>${LOGIN_PAGE_URL}</arg>
<arg>10s</arg>
<doc>Waits until the current URL is ``expected``.</doc>
<status status="PASS" start="2026-06-22T13:59:26.787373" elapsed="0.007552"/>
</kw>
<kw name="Wait For Element To Be Ready" owner="common_keywords">
<kw name="Wait Until Element Is Visible" owner="SeleniumLibrary">
<arg>${locator}</arg>
<arg>${timeout}</arg>
<doc>Waits until the element ``locator`` is visible.</doc>
<status status="PASS" start="2026-06-22T13:59:26.795926" elapsed="0.862565"/>
</kw>
<kw name="Wait Until Element Is Enabled" owner="SeleniumLibrary">
<arg>${locator}</arg>
<arg>${timeout}</arg>
<doc>Waits until the element ``locator`` is enabled.</doc>
<status status="PASS" start="2026-06-22T13:59:27.659493" elapsed="0.021047"/>
</kw>
<arg>${USERNAME_TEXTBOX}</arg>
<doc>Waits until the provided locator is visible and enabled.</doc>
<status status="PASS" start="2026-06-22T13:59:26.794925" elapsed="0.886616"/>
</kw>
<kw name="Wait For Element To Be Ready" owner="common_keywords">
<kw name="Wait Until Element Is Visible" owner="SeleniumLibrary">
<arg>${locator}</arg>
<arg>${timeout}</arg>
<doc>Waits until the element ``locator`` is visible.</doc>
<status status="PASS" start="2026-06-22T13:59:27.681541" elapsed="0.019000"/>
</kw>
<kw name="Wait Until Element Is Enabled" owner="SeleniumLibrary">
<arg>${locator}</arg>
<arg>${timeout}</arg>
<doc>Waits until the element ``locator`` is enabled.</doc>
<status status="PASS" start="2026-06-22T13:59:27.700541" elapsed="0.026002"/>
</kw>
<arg>${PASSWORD_TEXTBOX}</arg>
<doc>Waits until the provided locator is visible and enabled.</doc>
<status status="PASS" start="2026-06-22T13:59:27.681541" elapsed="0.045002"/>
</kw>
<kw name="Wait For Element To Be Ready" owner="common_keywords">
<kw name="Wait Until Element Is Visible" owner="SeleniumLibrary">
<arg>${locator}</arg>
<arg>${timeout}</arg>
<doc>Waits until the element ``locator`` is visible.</doc>
<status status="PASS" start="2026-06-22T13:59:27.727541" elapsed="0.022002"/>
</kw>
<kw name="Wait Until Element Is Enabled" owner="SeleniumLibrary">
<arg>${locator}</arg>
<arg>${timeout}</arg>
<doc>Waits until the element ``locator`` is enabled.</doc>
<status status="PASS" start="2026-06-22T13:59:27.749543" elapsed="0.029136"/>
</kw>
<arg>${SIGN_IN_BUTTON}</arg>
<doc>Waits until the provided locator is visible and enabled.</doc>
<status status="PASS" start="2026-06-22T13:59:27.727541" elapsed="0.052133"/>
</kw>
<kw name="Wait For Element To Be Ready" owner="common_keywords">
<kw name="Wait Until Element Is Visible" owner="SeleniumLibrary">
<arg>${locator}</arg>
<arg>${timeout}</arg>
<doc>Waits until the element ``locator`` is visible.</doc>
<status status="PASS" start="2026-06-22T13:59:27.780670" elapsed="0.022100"/>
</kw>
<kw name="Wait Until Element Is Enabled" owner="SeleniumLibrary">
<arg>${locator}</arg>
<arg>${timeout}</arg>
<doc>Waits until the element ``locator`` is enabled.</doc>
<status status="PASS" start="2026-06-22T13:59:27.802770" elapsed="0.022009"/>
</kw>
<arg>${HOME_NAVIGATION_BUTTON}</arg>
<doc>Waits until the provided locator is visible and enabled.</doc>
<status status="PASS" start="2026-06-22T13:59:27.779674" elapsed="0.045105"/>
</kw>
<kw name="Wait For Element To Be Ready" owner="common_keywords">
<kw name="Wait Until Element Is Visible" owner="SeleniumLibrary">
<arg>${locator}</arg>
<arg>${timeout}</arg>
<doc>Waits until the element ``locator`` is visible.</doc>
<status status="PASS" start="2026-06-22T13:59:27.825783" elapsed="0.022531"/>
</kw>
<kw name="Wait Until Element Is Enabled" owner="SeleniumLibrary">
<arg>${locator}</arg>
<arg>${timeout}</arg>
<doc>Waits until the element ``locator`` is enabled.</doc>
<status status="PASS" start="2026-06-22T13:59:27.849310" elapsed="0.023627"/>
</kw>
<arg>${BACK_NAVIGATION_BUTTON}</arg>
<doc>Waits until the provided locator is visible and enabled.</doc>
<status status="PASS" start="2026-06-22T13:59:27.825783" elapsed="0.047154"/>
</kw>
<doc>Verify login page URL and required UI elements are visible and ready for interaction.</doc>
<status status="PASS" start="2026-06-22T13:59:26.787373" elapsed="1.085564"/>
</kw>
<kw name="Enter Username" owner="login_page">
<kw name="Input Text When Ready" owner="common_keywords">
<kw name="Wait For Element To Be Ready" owner="common_keywords">
<kw name="Wait Until Element Is Visible" owner="SeleniumLibrary">
<arg>${locator}</arg>
<arg>${timeout}</arg>
<doc>Waits until the element ``locator`` is visible.</doc>
<status status="PASS" start="2026-06-22T13:59:27.874935" elapsed="0.015002"/>
</kw>
<kw name="Wait Until Element Is Enabled" owner="SeleniumLibrary">
<arg>${locator}</arg>
<arg>${timeout}</arg>
<doc>Waits until the element ``locator`` is enabled.</doc>
<status status="PASS" start="2026-06-22T13:59:27.890936" elapsed="0.023008"/>
</kw>
<arg>${locator}</arg>
<arg>${timeout}</arg>
<doc>Waits until the provided locator is visible and enabled.</doc>
<status status="PASS" start="2026-06-22T13:59:27.873936" elapsed="0.040008"/>
</kw>
<kw name="Input Text" owner="SeleniumLibrary">
<msg time="2026-06-22T13:59:27.914947" level="INFO">Typing text 'invaliduser' into text field 'xpath=//input[@name='ion-input-0']'.</msg>
<arg>${locator}</arg>
<arg>${text}</arg>
<doc>Types the given ``text`` into the text field identified by ``locator``.</doc>
<status status="PASS" start="2026-06-22T13:59:27.914947" elapsed="0.108845"/>
</kw>
<arg>${USERNAME_TEXTBOX}</arg>
<arg>${username}</arg>
<doc>Waits for an element and then inputs the provided text.</doc>
<status status="PASS" start="2026-06-22T13:59:27.873936" elapsed="0.149856"/>
</kw>
<arg>${INVALID_USERNAME}</arg>
<doc>Enter username into username textbox.</doc>
<status status="PASS" start="2026-06-22T13:59:27.872937" elapsed="0.151871"/>
</kw>
<kw name="Enter Password" owner="login_page">
<kw name="Input Text When Ready" owner="common_keywords">
<kw name="Wait For Element To Be Ready" owner="common_keywords">
<kw name="Wait Until Element Is Visible" owner="SeleniumLibrary">
<arg>${locator}</arg>
<arg>${timeout}</arg>
<doc>Waits until the element ``locator`` is visible.</doc>
<status status="PASS" start="2026-06-22T13:59:28.026876" elapsed="0.018045"/>
</kw>
<kw name="Wait Until Element Is Enabled" owner="SeleniumLibrary">
<arg>${locator}</arg>
<arg>${timeout}</arg>
<doc>Waits until the element ``locator`` is enabled.</doc>
<status status="PASS" start="2026-06-22T13:59:28.044921" elapsed="0.022003"/>
</kw>
<arg>${locator}</arg>
<arg>${timeout}</arg>
<doc>Waits until the provided locator is visible and enabled.</doc>
<status status="PASS" start="2026-06-22T13:59:28.025788" elapsed="0.042138"/>
</kw>
<kw name="Input Text" owner="SeleniumLibrary">
<msg time="2026-06-22T13:59:28.067926" level="INFO">Typing text 'invalidpassword' into text field 'xpath=//input[@name='ion-input-1']'.</msg>
<arg>${locator}</arg>
<arg>${text}</arg>
<doc>Types the given ``text`` into the text field identified by ``locator``.</doc>
<status status="PASS" start="2026-06-22T13:59:28.067926" elapsed="0.104775"/>
</kw>
<arg>${PASSWORD_TEXTBOX}</arg>
<arg>${password}</arg>
<doc>Waits for an element and then inputs the provided text.</doc>
<status status="PASS" start="2026-06-22T13:59:28.025788" elapsed="0.146913"/>
</kw>
<arg>${INVALID_PASSWORD}</arg>
<doc>Enter password into password textbox using password input.</doc>
<status status="PASS" start="2026-06-22T13:59:28.024808" elapsed="0.148891"/>
</kw>
<kw name="Click Sign In Button" owner="login_page">
<kw name="Click When Ready" owner="common_keywords">
<kw name="Wait For Element To Be Ready" owner="common_keywords">
<kw name="Wait Until Element Is Visible" owner="SeleniumLibrary">
<arg>${locator}</arg>
<arg>${timeout}</arg>
<doc>Waits until the element ``locator`` is visible.</doc>
<status status="PASS" start="2026-06-22T13:59:28.175713" elapsed="0.016984"/>
</kw>
<kw name="Wait Until Element Is Enabled" owner="SeleniumLibrary">
<arg>${locator}</arg>
<arg>${timeout}</arg>
<doc>Waits until the element ``locator`` is enabled.</doc>
<status status="PASS" start="2026-06-22T13:59:28.192697" elapsed="0.023008"/>
</kw>
<arg>${locator}</arg>
<arg>${timeout}</arg>
<doc>Waits until the provided locator is visible and enabled.</doc>
<status status="PASS" start="2026-06-22T13:59:28.174717" elapsed="0.040988"/>
</kw>
<kw name="Click Element" owner="SeleniumLibrary">
<msg time="2026-06-22T13:59:28.216723" level="INFO">Clicking element 'xpath=//ion-button[normalize-space()='SIGN IN']'.</msg>
<arg>${locator}</arg>
<doc>Click the element identified by ``locator``.</doc>
<status status="PASS" start="2026-06-22T13:59:28.215705" elapsed="0.067230"/>
</kw>
<arg>${SIGN_IN_BUTTON}</arg>
<doc>Waits for an element and then clicks it.</doc>
<status status="PASS" start="2026-06-22T13:59:28.174717" elapsed="0.108218"/>
</kw>
<doc>Click the SIGN IN button.</doc>
<status status="PASS" start="2026-06-22T13:59:28.173699" elapsed="0.109236"/>
</kw>
<kw name="Verify Login Failed And Still On Login Page" owner="login_page">
<kw name="Wait Until Location Is" owner="SeleniumLibrary">
<arg>${LOGIN_PAGE_URL}</arg>
<arg>10s</arg>
<doc>Waits until the current URL is ``expected``.</doc>
<status status="PASS" start="2026-06-22T13:59:28.283933" elapsed="0.005021"/>
</kw>
<kw name="Wait For Element To Be Ready" owner="common_keywords">
<kw name="Wait Until Element Is Visible" owner="SeleniumLibrary">
<arg>${locator}</arg>
<arg>${timeout}</arg>
<doc>Waits until the element ``locator`` is visible.</doc>
<status status="PASS" start="2026-06-22T13:59:28.290488" elapsed="0.014006"/>
</kw>
<kw name="Wait Until Element Is Enabled" owner="SeleniumLibrary">
<arg>${locator}</arg>
<arg>${timeout}</arg>
<doc>Waits until the element ``locator`` is enabled.</doc>
<status status="PASS" start="2026-06-22T13:59:28.305495" elapsed="0.021003"/>
</kw>
<arg>${SIGN_IN_BUTTON}</arg>
<doc>Waits until the provided locator is visible and enabled.</doc>
<status status="PASS" start="2026-06-22T13:59:28.289956" elapsed="0.037541"/>
</kw>
<doc>Verify authentication failure keeps the user on the login page.</doc>
<status status="PASS" start="2026-06-22T13:59:28.283933" elapsed="0.043564"/>
</kw>
<kw name="Close Browser Session" owner="common_keywords" type="TEARDOWN">
<kw name="Close All Browsers" owner="SeleniumLibrary">
<doc>Closes all open browsers and resets the browser cache.</doc>
<status status="PASS" start="2026-06-22T13:59:28.328498" elapsed="2.263006"/>
</kw>
<doc>Closes all open browser instances for the current execution.</doc>
<status status="PASS" start="2026-06-22T13:59:28.327497" elapsed="2.264007"/>
</kw>
<tag>negative</tag>
<tag>WT-LOGIN04</tag>
<status status="PASS" start="2026-06-22T13:59:19.144551" elapsed="11.446953"/>
</test>
<test id="s1-t5" name="AUT-WT-LOGIN05: Verify login attempt when both username and password fields are empty" line="40">
<kw name="Open Home Page And Click User Button" owner="common_keywords" type="SETUP">
<kw name="Open Browser To Url" owner="common_keywords">
<kw name="Open Browser Session" owner="common_keywords">
<kw name="Open Browser" owner="SeleniumLibrary">
<msg time="2026-06-22T13:59:30.596500" level="INFO">Opening browser 'chrome' to base url 'about:blank'.</msg>
<arg>about:blank</arg>
<arg>${browser}</arg>
<doc>Opens a new browser instance to the optional ``url``.</doc>
<status status="PASS" start="2026-06-22T13:59:30.596500" elapsed="1.612399"/>
</kw>
<kw name="Maximize Browser Window" owner="SeleniumLibrary">
<doc>Maximizes current browser window.</doc>
<status status="PASS" start="2026-06-22T13:59:32.208899" elapsed="0.033008"/>
</kw>
<arg>${browser}</arg>
<doc>Opens a browser session on a blank page and maximizes the window.</doc>
<status status="PASS" start="2026-06-22T13:59:30.595504" elapsed="1.646403"/>
</kw>
<kw name="Go To Url" owner="common_keywords">
<kw name="Go To" owner="SeleniumLibrary">
<msg time="2026-06-22T13:59:32.243901" level="INFO">Opening url 'http://172.21.166.115/washtabui/home'</msg>
<arg>${url}</arg>
<doc>Navigates the current browser window to the provided ``url``.</doc>
<status status="PASS" start="2026-06-22T13:59:32.242898" elapsed="5.184685"/>
</kw>
<arg>${url}</arg>
<doc>Navigates the current browser session to the provided URL.</doc>
<status status="PASS" start="2026-06-22T13:59:32.242898" elapsed="5.184685"/>
</kw>
<arg>${url}</arg>
<doc>Opens a browser session and navigates to the provided URL.</doc>
<status status="PASS" start="2026-06-22T13:59:30.595504" elapsed="6.832079"/>
</kw>
<kw name="Click When Ready" owner="common_keywords">
<kw name="Wait For Element To Be Ready" owner="common_keywords">
<kw name="Wait Until Element Is Visible" owner="SeleniumLibrary">
<arg>${locator}</arg>
<arg>${timeout}</arg>
<doc>Waits until the element ``locator`` is visible.</doc>
<status status="PASS" start="2026-06-22T13:59:37.429588" elapsed="0.024257"/>
</kw>
<kw name="Wait Until Element Is Enabled" owner="SeleniumLibrary">
<arg>${locator}</arg>
<arg>${timeout}</arg>
<doc>Waits until the element ``locator`` is enabled.</doc>
<status status="PASS" start="2026-06-22T13:59:37.453845" elapsed="0.019032"/>
</kw>
<arg>${locator}</arg>
<arg>${timeout}</arg>
<doc>Waits until the provided locator is visible and enabled.</doc>
<status status="PASS" start="2026-06-22T13:59:37.428585" elapsed="0.044292"/>
</kw>
<kw name="Click Element" owner="SeleniumLibrary">
<msg time="2026-06-22T13:59:37.472877" level="INFO">Clicking element '//ion-icon[@aria-label='person']'.</msg>
<arg>${locator}</arg>
<doc>Click the element identified by ``locator``.</doc>
<status status="PASS" start="2026-06-22T13:59:37.472877" elapsed="0.075434"/>
</kw>
<arg>//ion-icon[@aria-label='person']</arg>
<doc>Waits for an element and then clicks it.</doc>
<status status="PASS" start="2026-06-22T13:59:37.427583" elapsed="0.120728"/>
</kw>
<arg>${HOME_PAGE_URL}</arg>
<status status="PASS" start="2026-06-22T13:59:30.594504" elapsed="6.953807"/>
</kw>
<kw name="Verify Login Page Loaded" owner="login_page">
<kw name="Wait Until Location Is" owner="SeleniumLibrary">
<arg>${LOGIN_PAGE_URL}</arg>
<arg>10s</arg>
<doc>Waits until the current URL is ``expected``.</doc>
<status status="PASS" start="2026-06-22T13:59:37.549314" elapsed="0.005434"/>
</kw>
<kw name="Wait For Element To Be Ready" owner="common_keywords">
<kw name="Wait Until Element Is Visible" owner="SeleniumLibrary">
<arg>${locator}</arg>
<arg>${timeout}</arg>
<doc>Waits until the element ``locator`` is visible.</doc>
<status status="PASS" start="2026-06-22T13:59:37.555829" elapsed="0.868616"/>
</kw>
<kw name="Wait Until Element Is Enabled" owner="SeleniumLibrary">
<arg>${locator}</arg>
<arg>${timeout}</arg>
<doc>Waits until the element ``locator`` is enabled.</doc>
<status status="PASS" start="2026-06-22T13:59:38.424445" elapsed="0.023001"/>
</kw>
<arg>${USERNAME_TEXTBOX}</arg>
<doc>Waits until the provided locator is visible and enabled.</doc>
<status status="PASS" start="2026-06-22T13:59:37.555829" elapsed="0.892619"/>
</kw>
<kw name="Wait For Element To Be Ready" owner="common_keywords">
<kw name="Wait Until Element Is Visible" owner="SeleniumLibrary">
<arg>${locator}</arg>
<arg>${timeout}</arg>
<doc>Waits until the element ``locator`` is visible.</doc>
<status status="PASS" start="2026-06-22T13:59:38.449446" elapsed="0.024006"/>
</kw>
<kw name="Wait Until Element Is Enabled" owner="SeleniumLibrary">
<arg>${locator}</arg>
<arg>${timeout}</arg>
<doc>Waits until the element ``locator`` is enabled.</doc>
<status status="PASS" start="2026-06-22T13:59:38.474451" elapsed="0.026031"/>
</kw>
<arg>${PASSWORD_TEXTBOX}</arg>
<doc>Waits until the provided locator is visible and enabled.</doc>
<status status="PASS" start="2026-06-22T13:59:38.448448" elapsed="0.052034"/>
</kw>
<kw name="Wait For Element To Be Ready" owner="common_keywords">
<kw name="Wait Until Element Is Visible" owner="SeleniumLibrary">
<arg>${locator}</arg>
<arg>${timeout}</arg>
<doc>Waits until the element ``locator`` is visible.</doc>
<status status="PASS" start="2026-06-22T13:59:38.501480" elapsed="0.022999"/>
</kw>
<kw name="Wait Until Element Is Enabled" owner="SeleniumLibrary">
<arg>${locator}</arg>
<arg>${timeout}</arg>
<doc>Waits until the element ``locator`` is enabled.</doc>
<status status="PASS" start="2026-06-22T13:59:38.524479" elapsed="0.020002"/>
</kw>
<arg>${SIGN_IN_BUTTON}</arg>
<doc>Waits until the provided locator is visible and enabled.</doc>
<status status="PASS" start="2026-06-22T13:59:38.500482" elapsed="0.043999"/>
</kw>
<kw name="Wait For Element To Be Ready" owner="common_keywords">
<kw name="Wait Until Element Is Visible" owner="SeleniumLibrary">
<arg>${locator}</arg>
<arg>${timeout}</arg>
<doc>Waits until the element ``locator`` is visible.</doc>
<status status="PASS" start="2026-06-22T13:59:38.545479" elapsed="0.029006"/>
</kw>
<kw name="Wait Until Element Is Enabled" owner="SeleniumLibrary">
<arg>${locator}</arg>
<arg>${timeout}</arg>
<doc>Waits until the element ``locator`` is enabled.</doc>
<status status="PASS" start="2026-06-22T13:59:38.575491" elapsed="0.018082"/>
</kw>
<arg>${HOME_NAVIGATION_BUTTON}</arg>
<doc>Waits until the provided locator is visible and enabled.</doc>
<status status="PASS" start="2026-06-22T13:59:38.545479" elapsed="0.049093"/>
</kw>
<kw name="Wait For Element To Be Ready" owner="common_keywords">
<kw name="Wait Until Element Is Visible" owner="SeleniumLibrary">
<arg>${locator}</arg>
<arg>${timeout}</arg>
<doc>Waits until the element ``locator`` is visible.</doc>
<status status="PASS" start="2026-06-22T13:59:38.596571" elapsed="0.019005"/>
</kw>
<kw name="Wait Until Element Is Enabled" owner="SeleniumLibrary">
<arg>${locator}</arg>
<arg>${timeout}</arg>
<doc>Waits until the element ``locator`` is enabled.</doc>
<status status="PASS" start="2026-06-22T13:59:38.615576" elapsed="0.021749"/>
</kw>
<arg>${BACK_NAVIGATION_BUTTON}</arg>
<doc>Waits until the provided locator is visible and enabled.</doc>
<status status="PASS" start="2026-06-22T13:59:38.595580" elapsed="0.041745"/>
</kw>
<doc>Verify login page URL and required UI elements are visible and ready for interaction.</doc>
<status status="PASS" start="2026-06-22T13:59:37.548311" elapsed="1.089014"/>
</kw>
<kw name="Enter Username" owner="login_page">
<kw name="Input Text When Ready" owner="common_keywords">
<kw name="Wait For Element To Be Ready" owner="common_keywords">
<kw name="Wait Until Element Is Visible" owner="SeleniumLibrary">
<arg>${locator}</arg>
<arg>${timeout}</arg>
<doc>Waits until the element ``locator`` is visible.</doc>
<status status="PASS" start="2026-06-22T13:59:38.641324" elapsed="0.014347"/>
</kw>
<kw name="Wait Until Element Is Enabled" owner="SeleniumLibrary">
<arg>${locator}</arg>
<arg>${timeout}</arg>
<doc>Waits until the element ``locator`` is enabled.</doc>
<status status="PASS" start="2026-06-22T13:59:38.655671" elapsed="0.019280"/>
</kw>
<arg>${locator}</arg>
<arg>${timeout}</arg>
<doc>Waits until the provided locator is visible and enabled.</doc>
<status status="PASS" start="2026-06-22T13:59:38.639346" elapsed="0.035605"/>
</kw>
<kw name="Input Text" owner="SeleniumLibrary">
<msg time="2026-06-22T13:59:38.676475" level="INFO">Typing text '' into text field 'xpath=//input[@name='ion-input-0']'.</msg>
<arg>${locator}</arg>
<arg>${text}</arg>
<doc>Types the given ``text`` into the text field identified by ``locator``.</doc>
<status status="PASS" start="2026-06-22T13:59:38.674951" elapsed="0.084306"/>
</kw>
<arg>${USERNAME_TEXTBOX}</arg>
<arg>${username}</arg>
<doc>Waits for an element and then inputs the provided text.</doc>
<status status="PASS" start="2026-06-22T13:59:38.638327" elapsed="0.121930"/>
</kw>
<arg>${EMPTY}</arg>
<doc>Enter username into username textbox.</doc>
<status status="PASS" start="2026-06-22T13:59:38.637325" elapsed="0.122932"/>
</kw>
<kw name="Enter Password" owner="login_page">
<kw name="Input Text When Ready" owner="common_keywords">
<kw name="Wait For Element To Be Ready" owner="common_keywords">
<kw name="Wait Until Element Is Visible" owner="SeleniumLibrary">
<arg>${locator}</arg>
<arg>${timeout}</arg>
<doc>Waits until the element ``locator`` is visible.</doc>
<status status="PASS" start="2026-06-22T13:59:38.762288" elapsed="0.012975"/>
</kw>
<kw name="Wait Until Element Is Enabled" owner="SeleniumLibrary">
<arg>${locator}</arg>
<arg>${timeout}</arg>
<doc>Waits until the element ``locator`` is enabled.</doc>
<status status="PASS" start="2026-06-22T13:59:38.776264" elapsed="0.015540"/>
</kw>
<arg>${locator}</arg>
<arg>${timeout}</arg>
<doc>Waits until the provided locator is visible and enabled.</doc>
<status status="PASS" start="2026-06-22T13:59:38.762288" elapsed="0.029516"/>
</kw>
<kw name="Input Text" owner="SeleniumLibrary">
<msg time="2026-06-22T13:59:38.792803" level="INFO">Typing text '' into text field 'xpath=//input[@name='ion-input-1']'.</msg>
<arg>${locator}</arg>
<arg>${text}</arg>
<doc>Types the given ``text`` into the text field identified by ``locator``.</doc>
<status status="PASS" start="2026-06-22T13:59:38.792803" elapsed="0.063386"/>
</kw>
<arg>${PASSWORD_TEXTBOX}</arg>
<arg>${password}</arg>
<doc>Waits for an element and then inputs the provided text.</doc>
<status status="PASS" start="2026-06-22T13:59:38.761255" elapsed="0.094934"/>
</kw>
<arg>${EMPTY}</arg>
<doc>Enter password into password textbox using password input.</doc>
<status status="PASS" start="2026-06-22T13:59:38.760257" elapsed="0.095932"/>
</kw>
<kw name="Click Sign In Button" owner="login_page">
<kw name="Click When Ready" owner="common_keywords">
<kw name="Wait For Element To Be Ready" owner="common_keywords">
<kw name="Wait Until Element Is Visible" owner="SeleniumLibrary">
<arg>${locator}</arg>
<arg>${timeout}</arg>
<doc>Waits until the element ``locator`` is visible.</doc>
<status status="PASS" start="2026-06-22T13:59:38.857211" elapsed="0.013004"/>
</kw>
<kw name="Wait Until Element Is Enabled" owner="SeleniumLibrary">
<arg>${locator}</arg>
<arg>${timeout}</arg>
<doc>Waits until the element ``locator`` is enabled.</doc>
<status status="PASS" start="2026-06-22T13:59:38.871214" elapsed="0.019570"/>
</kw>
<arg>${locator}</arg>
<arg>${timeout}</arg>
<doc>Waits until the provided locator is visible and enabled.</doc>
<status status="PASS" start="2026-06-22T13:59:38.857211" elapsed="0.033573"/>
</kw>
<kw name="Click Element" owner="SeleniumLibrary">
<msg time="2026-06-22T13:59:38.890784" level="INFO">Clicking element 'xpath=//ion-button[normalize-space()='SIGN IN']'.</msg>
<arg>${locator}</arg>
<doc>Click the element identified by ``locator``.</doc>
<status status="PASS" start="2026-06-22T13:59:38.890784" elapsed="0.082693"/>
</kw>
<arg>${SIGN_IN_BUTTON}</arg>
<doc>Waits for an element and then clicks it.</doc>
<status status="PASS" start="2026-06-22T13:59:38.857211" elapsed="0.116266"/>
</kw>
<doc>Click the SIGN IN button.</doc>
<status status="PASS" start="2026-06-22T13:59:38.856189" elapsed="0.117288"/>
</kw>
<kw name="Verify Username Required Validation" owner="login_page">
<kw name="Wait Until Location Is" owner="SeleniumLibrary">
<arg>${LOGIN_PAGE_URL}</arg>
<arg>10s</arg>
<doc>Waits until the current URL is ``expected``.</doc>
<status status="PASS" start="2026-06-22T13:59:38.974478" elapsed="0.007995"/>
</kw>
<kw name="Wait For Element To Be Ready" owner="common_keywords">
<kw name="Wait Until Element Is Visible" owner="SeleniumLibrary">
<arg>${locator}</arg>
<arg>${timeout}</arg>
<doc>Waits until the element ``locator`` is visible.</doc>
<status status="PASS" start="2026-06-22T13:59:38.983471" elapsed="0.019518"/>
</kw>
<kw name="Wait Until Element Is Enabled" owner="SeleniumLibrary">
<arg>${locator}</arg>
<arg>${timeout}</arg>
<doc>Waits until the element ``locator`` is enabled.</doc>
<status status="PASS" start="2026-06-22T13:59:39.002989" elapsed="0.023998"/>
</kw>
<arg>${USERNAME_TEXTBOX}</arg>
<doc>Waits until the provided locator is visible and enabled.</doc>
<status status="PASS" start="2026-06-22T13:59:38.983471" elapsed="0.043516"/>
</kw>
<doc>Verify login attempt without username keeps the user on the login page.</doc>
<status status="PASS" start="2026-06-22T13:59:38.974478" elapsed="0.052509"/>
</kw>
<kw name="Verify Password Required Validation" owner="login_page">
<kw name="Wait Until Location Is" owner="SeleniumLibrary">
<arg>${LOGIN_PAGE_URL}</arg>
<arg>10s</arg>
<doc>Waits until the current URL is ``expected``.</doc>
<status status="PASS" start="2026-06-22T13:59:39.027986" elapsed="0.007007"/>
</kw>
<kw name="Wait For Element To Be Ready" owner="common_keywords">
<kw name="Wait Until Element Is Visible" owner="SeleniumLibrary">
<arg>${locator}</arg>
<arg>${timeout}</arg>
<doc>Waits until the element ``locator`` is visible.</doc>
<status status="PASS" start="2026-06-22T13:59:39.036988" elapsed="0.022002"/>
</kw>
<kw name="Wait Until Element Is Enabled" owner="SeleniumLibrary">
<arg>${locator}</arg>
<arg>${timeout}</arg>
<doc>Waits until the element ``locator`` is enabled.</doc>
<status status="PASS" start="2026-06-22T13:59:39.058990" elapsed="0.029052"/>
</kw>
<arg>${PASSWORD_TEXTBOX}</arg>
<doc>Waits until the provided locator is visible and enabled.</doc>
<status status="PASS" start="2026-06-22T13:59:39.035990" elapsed="0.052052"/>
</kw>
<doc>Verify login attempt without password keeps the user on the login page.</doc>
<status status="PASS" start="2026-06-22T13:59:39.027986" elapsed="0.060056"/>
</kw>
<kw name="Close Browser Session" owner="common_keywords" type="TEARDOWN">
<kw name="Close All Browsers" owner="SeleniumLibrary">
<doc>Closes all open browsers and resets the browser cache.</doc>
<status status="PASS" start="2026-06-22T13:59:39.089041" elapsed="2.293415"/>
</kw>
<doc>Closes all open browser instances for the current execution.</doc>
<status status="PASS" start="2026-06-22T13:59:39.089041" elapsed="2.293415"/>
</kw>
<tag>negative</tag>
<tag>WT-LOGIN05</tag>
<status status="PASS" start="2026-06-22T13:59:30.592508" elapsed="10.790967"/>
</test>
<test id="s1-t6" name="AUT-WT-LOGIN06: Verify login attempt when username is empty and password is entered" line="49">
<kw name="Open Home Page And Click User Button" owner="common_keywords" type="SETUP">
<kw name="Open Browser To Url" owner="common_keywords">
<kw name="Open Browser Session" owner="common_keywords">
<kw name="Open Browser" owner="SeleniumLibrary">
<msg time="2026-06-22T13:59:41.387988" level="INFO">Opening browser 'chrome' to base url 'about:blank'.</msg>
<arg>about:blank</arg>
<arg>${browser}</arg>
<doc>Opens a new browser instance to the optional ``url``.</doc>
<status status="PASS" start="2026-06-22T13:59:41.387988" elapsed="1.473539"/>
</kw>
<kw name="Maximize Browser Window" owner="SeleniumLibrary">
<doc>Maximizes current browser window.</doc>
<status status="PASS" start="2026-06-22T13:59:42.861527" elapsed="0.023265"/>
</kw>
<arg>${browser}</arg>
<doc>Opens a browser session on a blank page and maximizes the window.</doc>
<status status="PASS" start="2026-06-22T13:59:41.387472" elapsed="1.498322"/>
</kw>
<kw name="Go To Url" owner="common_keywords">
<kw name="Go To" owner="SeleniumLibrary">
<msg time="2026-06-22T13:59:42.886794" level="INFO">Opening url 'http://172.21.166.115/washtabui/home'</msg>
<arg>${url}</arg>
<doc>Navigates the current browser window to the provided ``url``.</doc>
<status status="PASS" start="2026-06-22T13:59:42.886794" elapsed="5.226895"/>
</kw>
<arg>${url}</arg>
<doc>Navigates the current browser session to the provided URL.</doc>
<status status="PASS" start="2026-06-22T13:59:42.885794" elapsed="5.227895"/>
</kw>
<arg>${url}</arg>
<doc>Opens a browser session and navigates to the provided URL.</doc>
<status status="PASS" start="2026-06-22T13:59:41.386479" elapsed="6.728211"/>
</kw>
<kw name="Click When Ready" owner="common_keywords">
<kw name="Wait For Element To Be Ready" owner="common_keywords">
<kw name="Wait Until Element Is Visible" owner="SeleniumLibrary">
<arg>${locator}</arg>
<arg>${timeout}</arg>
<doc>Waits until the element ``locator`` is visible.</doc>
<status status="PASS" start="2026-06-22T13:59:48.115688" elapsed="0.025996"/>
</kw>
<kw name="Wait Until Element Is Enabled" owner="SeleniumLibrary">
<arg>${locator}</arg>
<arg>${timeout}</arg>
<doc>Waits until the element ``locator`` is enabled.</doc>
<status status="PASS" start="2026-06-22T13:59:48.141684" elapsed="0.018999"/>
</kw>
<arg>${locator}</arg>
<arg>${timeout}</arg>
<doc>Waits until the provided locator is visible and enabled.</doc>
<status status="PASS" start="2026-06-22T13:59:48.115688" elapsed="0.045996"/>
</kw>
<kw name="Click Element" owner="SeleniumLibrary">
<msg time="2026-06-22T13:59:48.161684" level="INFO">Clicking element '//ion-icon[@aria-label='person']'.</msg>
<arg>${locator}</arg>
<doc>Click the element identified by ``locator``.</doc>
<status status="PASS" start="2026-06-22T13:59:48.161684" elapsed="0.080121"/>
</kw>
<arg>//ion-icon[@aria-label='person']</arg>
<doc>Waits for an element and then clicks it.</doc>
<status status="PASS" start="2026-06-22T13:59:48.114690" elapsed="0.127115"/>
</kw>
<arg>${HOME_PAGE_URL}</arg>
<status status="PASS" start="2026-06-22T13:59:41.385471" elapsed="6.856334"/>
</kw>
<kw name="Verify Login Page Loaded" owner="login_page">
<kw name="Wait Until Location Is" owner="SeleniumLibrary">
<arg>${LOGIN_PAGE_URL}</arg>
<arg>10s</arg>
<doc>Waits until the current URL is ``expected``.</doc>
<status status="PASS" start="2026-06-22T13:59:48.242788" elapsed="0.007699"/>
</kw>
<kw name="Wait For Element To Be Ready" owner="common_keywords">
<kw name="Wait Until Element Is Visible" owner="SeleniumLibrary">
<arg>${locator}</arg>
<arg>${timeout}</arg>
<doc>Waits until the element ``locator`` is visible.</doc>
<status status="PASS" start="2026-06-22T13:59:48.251518" elapsed="0.868246"/>
</kw>
<kw name="Wait Until Element Is Enabled" owner="SeleniumLibrary">
<arg>${locator}</arg>
<arg>${timeout}</arg>
<doc>Waits until the element ``locator`` is enabled.</doc>
<status status="PASS" start="2026-06-22T13:59:49.119764" elapsed="0.019002"/>
</kw>
<arg>${USERNAME_TEXTBOX}</arg>
<doc>Waits until the provided locator is visible and enabled.</doc>
<status status="PASS" start="2026-06-22T13:59:48.251518" elapsed="0.887248"/>
</kw>
<kw name="Wait For Element To Be Ready" owner="common_keywords">
<kw name="Wait Until Element Is Visible" owner="SeleniumLibrary">
<arg>${locator}</arg>
<arg>${timeout}</arg>
<doc>Waits until the element ``locator`` is visible.</doc>
<status status="PASS" start="2026-06-22T13:59:49.139789" elapsed="0.014976"/>
</kw>
<kw name="Wait Until Element Is Enabled" owner="SeleniumLibrary">
<arg>${locator}</arg>
<arg>${timeout}</arg>
<doc>Waits until the element ``locator`` is enabled.</doc>
<status status="PASS" start="2026-06-22T13:59:49.154765" elapsed="0.018001"/>
</kw>
<arg>${PASSWORD_TEXTBOX}</arg>
<doc>Waits until the provided locator is visible and enabled.</doc>
<status status="PASS" start="2026-06-22T13:59:49.138766" elapsed="0.034000"/>
</kw>
<kw name="Wait For Element To Be Ready" owner="common_keywords">
<kw name="Wait Until Element Is Visible" owner="SeleniumLibrary">
<arg>${locator}</arg>
<arg>${timeout}</arg>
<doc>Waits until the element ``locator`` is visible.</doc>
<status status="PASS" start="2026-06-22T13:59:49.173767" elapsed="0.019008"/>
</kw>
<kw name="Wait Until Element Is Enabled" owner="SeleniumLibrary">
<arg>${locator}</arg>
<arg>${timeout}</arg>
<doc>Waits until the element ``locator`` is enabled.</doc>
<status status="PASS" start="2026-06-22T13:59:49.192775" elapsed="0.019511"/>
</kw>
<arg>${SIGN_IN_BUTTON}</arg>
<doc>Waits until the provided locator is visible and enabled.</doc>
<status status="PASS" start="2026-06-22T13:59:49.173767" elapsed="0.038519"/>
</kw>
<kw name="Wait For Element To Be Ready" owner="common_keywords">
<kw name="Wait Until Element Is Visible" owner="SeleniumLibrary">
<arg>${locator}</arg>
<arg>${timeout}</arg>
<doc>Waits until the element ``locator`` is visible.</doc>
<status status="PASS" start="2026-06-22T13:59:49.213288" elapsed="0.024998"/>
</kw>
<kw name="Wait Until Element Is Enabled" owner="SeleniumLibrary">
<arg>${locator}</arg>
<arg>${timeout}</arg>
<doc>Waits until the element ``locator`` is enabled.</doc>
<status status="PASS" start="2026-06-22T13:59:49.238286" elapsed="0.018998"/>
</kw>
<arg>${HOME_NAVIGATION_BUTTON}</arg>
<doc>Waits until the provided locator is visible and enabled.</doc>
<status status="PASS" start="2026-06-22T13:59:49.213288" elapsed="0.043996"/>
</kw>
<kw name="Wait For Element To Be Ready" owner="common_keywords">
<kw name="Wait Until Element Is Visible" owner="SeleniumLibrary">
<arg>${locator}</arg>
<arg>${timeout}</arg>
<doc>Waits until the element ``locator`` is visible.</doc>
<status status="PASS" start="2026-06-22T13:59:49.258284" elapsed="0.016006"/>
</kw>
<kw name="Wait Until Element Is Enabled" owner="SeleniumLibrary">
<arg>${locator}</arg>
<arg>${timeout}</arg>
<doc>Waits until the element ``locator`` is enabled.</doc>
<status status="PASS" start="2026-06-22T13:59:49.275290" elapsed="0.017131"/>
</kw>
<arg>${BACK_NAVIGATION_BUTTON}</arg>
<doc>Waits until the provided locator is visible and enabled.</doc>
<status status="PASS" start="2026-06-22T13:59:49.257284" elapsed="0.036161"/>
</kw>
<doc>Verify login page URL and required UI elements are visible and ready for interaction.</doc>
<status status="PASS" start="2026-06-22T13:59:48.242788" elapsed="1.050657"/>
</kw>
<kw name="Enter Username" owner="login_page">
<kw name="Input Text When Ready" owner="common_keywords">
<kw name="Wait For Element To Be Ready" owner="common_keywords">
<kw name="Wait Until Element Is Visible" owner="SeleniumLibrary">
<arg>${locator}</arg>
<arg>${timeout}</arg>
<doc>Waits until the element ``locator`` is visible.</doc>
<status status="PASS" start="2026-06-22T13:59:49.296202" elapsed="0.012290"/>
</kw>
<kw name="Wait Until Element Is Enabled" owner="SeleniumLibrary">
<arg>${locator}</arg>
<arg>${timeout}</arg>
<doc>Waits until the element ``locator`` is enabled.</doc>
<status status="PASS" start="2026-06-22T13:59:49.309490" elapsed="0.017999"/>
</kw>
<arg>${locator}</arg>
<arg>${timeout}</arg>
<doc>Waits until the provided locator is visible and enabled.</doc>
<status status="PASS" start="2026-06-22T13:59:49.295963" elapsed="0.032540"/>
</kw>
<kw name="Input Text" owner="SeleniumLibrary">
<msg time="2026-06-22T13:59:49.329501" level="INFO">Typing text '' into text field 'xpath=//input[@name='ion-input-0']'.</msg>
<arg>${locator}</arg>
<arg>${text}</arg>
<doc>Types the given ``text`` into the text field identified by ``locator``.</doc>
<status status="PASS" start="2026-06-22T13:59:49.329501" elapsed="0.072606"/>
</kw>
<arg>${USERNAME_TEXTBOX}</arg>
<arg>${username}</arg>
<doc>Waits for an element and then inputs the provided text.</doc>
<status status="PASS" start="2026-06-22T13:59:49.294444" elapsed="0.107663"/>
</kw>
<arg>${EMPTY}</arg>
<doc>Enter username into username textbox.</doc>
<status status="PASS" start="2026-06-22T13:59:49.293445" elapsed="0.108662"/>
</kw>
<kw name="Enter Password" owner="login_page">
<kw name="Input Text When Ready" owner="common_keywords">
<kw name="Wait For Element To Be Ready" owner="common_keywords">
<kw name="Wait Until Element Is Visible" owner="SeleniumLibrary">
<arg>${locator}</arg>
<arg>${timeout}</arg>
<doc>Waits until the element ``locator`` is visible.</doc>
<status status="PASS" start="2026-06-22T13:59:49.403106" elapsed="0.012864"/>
</kw>
<kw name="Wait Until Element Is Enabled" owner="SeleniumLibrary">
<arg>${locator}</arg>
<arg>${timeout}</arg>
<doc>Waits until the element ``locator`` is enabled.</doc>
<status status="PASS" start="2026-06-22T13:59:49.415970" elapsed="0.014269"/>
</kw>
<arg>${locator}</arg>
<arg>${timeout}</arg>
<doc>Waits until the provided locator is visible and enabled.</doc>
<status status="PASS" start="2026-06-22T13:59:49.403106" elapsed="0.027133"/>
</kw>
<kw name="Input Text" owner="SeleniumLibrary">
<msg time="2026-06-22T13:59:49.430239" level="INFO">Typing text 'Icstunnel1' into text field 'xpath=//input[@name='ion-input-1']'.</msg>
<arg>${locator}</arg>
<arg>${text}</arg>
<doc>Types the given ``text`` into the text field identified by ``locator``.</doc>
<status status="PASS" start="2026-06-22T13:59:49.430239" elapsed="0.057183"/>
</kw>
<arg>${PASSWORD_TEXTBOX}</arg>
<arg>${password}</arg>
<doc>Waits for an element and then inputs the provided text.</doc>
<status status="PASS" start="2026-06-22T13:59:49.403106" elapsed="0.085344"/>
</kw>
<arg>${VALID_PASSWORD}</arg>
<doc>Enter password into password textbox using password input.</doc>
<status status="PASS" start="2026-06-22T13:59:49.402107" elapsed="0.086343"/>
</kw>
<kw name="Click Sign In Button" owner="login_page">
<kw name="Click When Ready" owner="common_keywords">
<kw name="Wait For Element To Be Ready" owner="common_keywords">
<kw name="Wait Until Element Is Visible" owner="SeleniumLibrary">
<arg>${locator}</arg>
<arg>${timeout}</arg>
<doc>Waits until the element ``locator`` is visible.</doc>
<status status="PASS" start="2026-06-22T13:59:49.489438" elapsed="0.010024"/>
</kw>
<kw name="Wait Until Element Is Enabled" owner="SeleniumLibrary">
<arg>${locator}</arg>
<arg>${timeout}</arg>
<doc>Waits until the element ``locator`` is enabled.</doc>
<status status="PASS" start="2026-06-22T13:59:49.500462" elapsed="0.012517"/>
</kw>
<arg>${locator}</arg>
<arg>${timeout}</arg>
<doc>Waits until the provided locator is visible and enabled.</doc>
<status status="PASS" start="2026-06-22T13:59:49.489438" elapsed="0.024540"/>
</kw>
<kw name="Click Element" owner="SeleniumLibrary">
<msg time="2026-06-22T13:59:49.513978" level="INFO">Clicking element 'xpath=//ion-button[normalize-space()='SIGN IN']'.</msg>
<arg>${locator}</arg>
<doc>Click the element identified by ``locator``.</doc>
<status status="PASS" start="2026-06-22T13:59:49.513978" elapsed="0.047579"/>
</kw>
<arg>${SIGN_IN_BUTTON}</arg>
<doc>Waits for an element and then clicks it.</doc>
<status status="PASS" start="2026-06-22T13:59:49.488450" elapsed="0.073107"/>
</kw>
<doc>Click the SIGN IN button.</doc>
<status status="PASS" start="2026-06-22T13:59:49.488450" elapsed="0.073107"/>
</kw>
<kw name="Verify Username Required Validation" owner="login_page">
<kw name="Wait Until Location Is" owner="SeleniumLibrary">
<arg>${LOGIN_PAGE_URL}</arg>
<arg>10s</arg>
<doc>Waits until the current URL is ``expected``.</doc>
<status status="PASS" start="2026-06-22T13:59:49.562560" elapsed="0.004993"/>
</kw>
<kw name="Wait For Element To Be Ready" owner="common_keywords">
<kw name="Wait Until Element Is Visible" owner="SeleniumLibrary">
<arg>${locator}</arg>
<arg>${timeout}</arg>
<doc>Waits until the element ``locator`` is visible.</doc>
<status status="PASS" start="2026-06-22T13:59:49.567553" elapsed="0.012999"/>
</kw>
<kw name="Wait Until Element Is Enabled" owner="SeleniumLibrary">
<arg>${locator}</arg>
<arg>${timeout}</arg>
<doc>Waits until the element ``locator`` is enabled.</doc>
<status status="PASS" start="2026-06-22T13:59:49.580552" elapsed="0.017362"/>
</kw>
<arg>${USERNAME_TEXTBOX}</arg>
<doc>Waits until the provided locator is visible and enabled.</doc>
[...]
</kw>
<kw name="Input Text" owner="SeleniumLibrary">
<msg time="2026-06-22T14:02:46.629201" level="INFO">Typing text 'Icstunnel1' into text field 'xpath=//input[@name='ion-input-1']'.</msg>
<arg>${locator}</arg>
<arg>${text}</arg>
<doc>Types the given ``text`` into the text field identified by ``locator``.</doc>
<status status="PASS" start="2026-06-22T14:02:46.628199" elapsed="0.122784"/>
</kw>
<arg>${PASSWORD_TEXTBOX}</arg>
<arg>${password}</arg>
<doc>Waits for an element and then inputs the provided text.</doc>
<status status="PASS" start="2026-06-22T14:02:46.593698" elapsed="0.157285"/>
</kw>
<arg>${VALID_PASSWORD}</arg>
<doc>Enter password into password textbox using password input.</doc>
<status status="PASS" start="2026-06-22T14:02:46.592688" elapsed="0.159278"/>
</kw>
<kw name="Click Sign In Button" owner="login_page">
<kw name="Click When Ready" owner="common_keywords">
<kw name="Wait For Element To Be Ready" owner="common_keywords">
<kw name="Wait Until Element Is Visible" owner="SeleniumLibrary">
<arg>${locator}</arg>
<arg>${timeout}</arg>
<doc>Waits until the element ``locator`` is visible.</doc>
<status status="PASS" start="2026-06-22T14:02:46.753965" elapsed="0.023892"/>
</kw>
<kw name="Wait Until Element Is Enabled" owner="SeleniumLibrary">
<arg>${locator}</arg>
<arg>${timeout}</arg>
<doc>Waits until the element ``locator`` is enabled.</doc>
<status status="PASS" start="2026-06-22T14:02:46.777857" elapsed="0.031004"/>
</kw>
<arg>${locator}</arg>
<arg>${timeout}</arg>
<doc>Waits until the provided locator is visible and enabled.</doc>
<status status="PASS" start="2026-06-22T14:02:46.753965" elapsed="0.055895"/>
</kw>
<kw name="Click Element" owner="SeleniumLibrary">
<msg time="2026-06-22T14:02:46.810858" level="INFO">Clicking element 'xpath=//ion-button[normalize-space()='SIGN IN']'.</msg>
<arg>${locator}</arg>
<doc>Click the element identified by ``locator``.</doc>
<status status="PASS" start="2026-06-22T14:02:46.809860" elapsed="0.084676"/>
</kw>
<arg>${SIGN_IN_BUTTON}</arg>
<doc>Waits for an element and then clicks it.</doc>
<status status="PASS" start="2026-06-22T14:02:46.752966" elapsed="0.142566"/>
</kw>
<doc>Click the SIGN IN button.</doc>
<status status="PASS" start="2026-06-22T14:02:46.751966" elapsed="0.143566"/>
</kw>
<kw name="Verify Login Failed And Still On Login Page" owner="login_page">
<kw name="Wait Until Location Is" owner="SeleniumLibrary">
<arg>${LOGIN_PAGE_URL}</arg>
<arg>10s</arg>
<doc>Waits until the current URL is ``expected``.</doc>
<status status="PASS" start="2026-06-22T14:02:46.895532" elapsed="0.008007"/>
</kw>
<kw name="Wait For Element To Be Ready" owner="common_keywords">
<kw name="Wait Until Element Is Visible" owner="SeleniumLibrary">
<arg>${locator}</arg>
<arg>${timeout}</arg>
<doc>Waits until the element ``locator`` is visible.</doc>
<status status="PASS" start="2026-06-22T14:02:46.904554" elapsed="0.019517"/>
</kw>
<kw name="Wait Until Element Is Enabled" owner="SeleniumLibrary">
<arg>${locator}</arg>
<arg>${timeout}</arg>
<doc>Waits until the element ``locator`` is enabled.</doc>
<status status="PASS" start="2026-06-22T14:02:46.924071" elapsed="0.030998"/>
</kw>
<arg>${SIGN_IN_BUTTON}</arg>
<doc>Waits until the provided locator is visible and enabled.</doc>
<status status="PASS" start="2026-06-22T14:02:46.903539" elapsed="0.052531"/>
</kw>
<doc>Verify authentication failure keeps the user on the login page.</doc>
<status status="PASS" start="2026-06-22T14:02:46.895532" elapsed="0.060538"/>
</kw>
<kw name="Close Browser Session" owner="common_keywords" type="TEARDOWN">
<kw name="Close All Browsers" owner="SeleniumLibrary">
<doc>Closes all open browsers and resets the browser cache.</doc>
<status status="PASS" start="2026-06-22T14:02:46.957073" elapsed="2.314826"/>
</kw>
<doc>Closes all open browser instances for the current execution.</doc>
<status status="PASS" start="2026-06-22T14:02:46.956070" elapsed="2.315829"/>
</kw>
<tag>edge</tag>
<tag>WT-LOGIN17</tag>
<status status="PASS" start="2026-06-22T14:02:37.771537" elapsed="11.500362"/>
</test>
<test id="s1-t18" name="AUT-WT-LOGIN18: Verify login fails when extremely long values are entered in username and password fields" line="137">
<kw name="Open Home Page And Click User Button" owner="common_keywords" type="SETUP">
<kw name="Open Browser To Url" owner="common_keywords">
<kw name="Open Browser Session" owner="common_keywords">
<kw name="Open Browser" owner="SeleniumLibrary">
<msg time="2026-06-22T14:02:49.275875" level="INFO">Opening browser 'chrome' to base url 'about:blank'.</msg>
<arg>about:blank</arg>
<arg>${browser}</arg>
<doc>Opens a new browser instance to the optional ``url``.</doc>
<status status="PASS" start="2026-06-22T14:02:49.275875" elapsed="1.583404"/>
</kw>
<kw name="Maximize Browser Window" owner="SeleniumLibrary">
<doc>Maximizes current browser window.</doc>
<status status="PASS" start="2026-06-22T14:02:50.860281" elapsed="0.036545"/>
</kw>
<arg>${browser}</arg>
<doc>Opens a browser session on a blank page and maximizes the window.</doc>
<status status="PASS" start="2026-06-22T14:02:49.273849" elapsed="1.622977"/>
</kw>
<kw name="Go To Url" owner="common_keywords">
<kw name="Go To" owner="SeleniumLibrary">
<msg time="2026-06-22T14:02:50.899346" level="INFO">Opening url 'http://172.21.166.115/washtabui/home'</msg>
<arg>${url}</arg>
<doc>Navigates the current browser window to the provided ``url``.</doc>
<status status="PASS" start="2026-06-22T14:02:50.898355" elapsed="5.268305"/>
</kw>
<arg>${url}</arg>
<doc>Navigates the current browser session to the provided URL.</doc>
<status status="PASS" start="2026-06-22T14:02:50.897336" elapsed="5.269324"/>
</kw>
<arg>${url}</arg>
<doc>Opens a browser session and navigates to the provided URL.</doc>
<status status="PASS" start="2026-06-22T14:02:49.273849" elapsed="6.892811"/>
</kw>
<kw name="Click When Ready" owner="common_keywords">
<kw name="Wait For Element To Be Ready" owner="common_keywords">
<kw name="Wait Until Element Is Visible" owner="SeleniumLibrary">
<arg>${locator}</arg>
<arg>${timeout}</arg>
<doc>Waits until the element ``locator`` is visible.</doc>
<status status="PASS" start="2026-06-22T14:02:56.167664" elapsed="0.025026"/>
</kw>
<kw name="Wait Until Element Is Enabled" owner="SeleniumLibrary">
<arg>${locator}</arg>
<arg>${timeout}</arg>
<doc>Waits until the element ``locator`` is enabled.</doc>
<status status="PASS" start="2026-06-22T14:02:56.192690" elapsed="0.028488"/>
</kw>
<arg>${locator}</arg>
<arg>${timeout}</arg>
<doc>Waits until the provided locator is visible and enabled.</doc>
<status status="PASS" start="2026-06-22T14:02:56.167664" elapsed="0.053514"/>
</kw>
<kw name="Click Element" owner="SeleniumLibrary">
<msg time="2026-06-22T14:02:56.222219" level="INFO">Clicking element '//ion-icon[@aria-label='person']'.</msg>
<arg>${locator}</arg>
<doc>Click the element identified by ``locator``.</doc>
<status status="PASS" start="2026-06-22T14:02:56.222219" elapsed="0.103334"/>
</kw>
<arg>//ion-icon[@aria-label='person']</arg>
<doc>Waits for an element and then clicks it.</doc>
<status status="PASS" start="2026-06-22T14:02:56.166660" elapsed="0.158893"/>
</kw>
<arg>${HOME_PAGE_URL}</arg>
<status status="PASS" start="2026-06-22T14:02:49.272774" elapsed="7.052779"/>
</kw>
<kw name="Verify Login Page Loaded" owner="login_page">
<kw name="Wait Until Location Is" owner="SeleniumLibrary">
<arg>${LOGIN_PAGE_URL}</arg>
<arg>10s</arg>
<doc>Waits until the current URL is ``expected``.</doc>
<status status="PASS" start="2026-06-22T14:02:56.326553" elapsed="0.009995"/>
</kw>
<kw name="Wait For Element To Be Ready" owner="common_keywords">
<kw name="Wait Until Element Is Visible" owner="SeleniumLibrary">
<arg>${locator}</arg>
<arg>${timeout}</arg>
<doc>Waits until the element ``locator`` is visible.</doc>
<status status="PASS" start="2026-06-22T14:02:56.338103" elapsed="0.874865"/>
</kw>
<kw name="Wait Until Element Is Enabled" owner="SeleniumLibrary">
<arg>${locator}</arg>
<arg>${timeout}</arg>
<doc>Waits until the element ``locator`` is enabled.</doc>
<status status="PASS" start="2026-06-22T14:02:57.212968" elapsed="0.023520"/>
</kw>
<arg>${USERNAME_TEXTBOX}</arg>
<doc>Waits until the provided locator is visible and enabled.</doc>
<status status="PASS" start="2026-06-22T14:02:56.337570" elapsed="0.898918"/>
</kw>
<kw name="Wait For Element To Be Ready" owner="common_keywords">
<kw name="Wait Until Element Is Visible" owner="SeleniumLibrary">
<arg>${locator}</arg>
<arg>${timeout}</arg>
<doc>Waits until the element ``locator`` is visible.</doc>
<status status="PASS" start="2026-06-22T14:02:57.237486" elapsed="0.023109"/>
</kw>
<kw name="Wait Until Element Is Enabled" owner="SeleniumLibrary">
<arg>${locator}</arg>
<arg>${timeout}</arg>
<doc>Waits until the element ``locator`` is enabled.</doc>
<status status="PASS" start="2026-06-22T14:02:57.260595" elapsed="0.021579"/>
</kw>
<arg>${PASSWORD_TEXTBOX}</arg>
<doc>Waits until the provided locator is visible and enabled.</doc>
<status status="PASS" start="2026-06-22T14:02:57.236488" elapsed="0.045686"/>
</kw>
<kw name="Wait For Element To Be Ready" owner="common_keywords">
<kw name="Wait Until Element Is Visible" owner="SeleniumLibrary">
<arg>${locator}</arg>
<arg>${timeout}</arg>
<doc>Waits until the element ``locator`` is visible.</doc>
<status status="PASS" start="2026-06-22T14:02:57.283173" elapsed="0.026818"/>
</kw>
<kw name="Wait Until Element Is Enabled" owner="SeleniumLibrary">
<arg>${locator}</arg>
<arg>${timeout}</arg>
<doc>Waits until the element ``locator`` is enabled.</doc>
<status status="PASS" start="2026-06-22T14:02:57.309991" elapsed="0.024653"/>
</kw>
<arg>${SIGN_IN_BUTTON}</arg>
<doc>Waits until the provided locator is visible and enabled.</doc>
<status status="PASS" start="2026-06-22T14:02:57.283173" elapsed="0.051471"/>
</kw>
<kw name="Wait For Element To Be Ready" owner="common_keywords">
<kw name="Wait Until Element Is Visible" owner="SeleniumLibrary">
<arg>${locator}</arg>
<arg>${timeout}</arg>
<doc>Waits until the element ``locator`` is visible.</doc>
<status status="PASS" start="2026-06-22T14:02:57.335643" elapsed="0.020002"/>
</kw>
<kw name="Wait Until Element Is Enabled" owner="SeleniumLibrary">
<arg>${locator}</arg>
<arg>${timeout}</arg>
<doc>Waits until the element ``locator`` is enabled.</doc>
<status status="PASS" start="2026-06-22T14:02:57.355645" elapsed="0.022199"/>
</kw>
<arg>${HOME_NAVIGATION_BUTTON}</arg>
<doc>Waits until the provided locator is visible and enabled.</doc>
<status status="PASS" start="2026-06-22T14:02:57.334644" elapsed="0.044210"/>
</kw>
<kw name="Wait For Element To Be Ready" owner="common_keywords">
<kw name="Wait Until Element Is Visible" owner="SeleniumLibrary">
<arg>${locator}</arg>
<arg>${timeout}</arg>
<doc>Waits until the element ``locator`` is visible.</doc>
<status status="PASS" start="2026-06-22T14:02:57.379850" elapsed="0.021750"/>
</kw>
<kw name="Wait Until Element Is Enabled" owner="SeleniumLibrary">
<arg>${locator}</arg>
<arg>${timeout}</arg>
<doc>Waits until the element ``locator`` is enabled.</doc>
<status status="PASS" start="2026-06-22T14:02:57.401600" elapsed="0.019600"/>
</kw>
<arg>${BACK_NAVIGATION_BUTTON}</arg>
<doc>Waits until the provided locator is visible and enabled.</doc>
<status status="PASS" start="2026-06-22T14:02:57.379850" elapsed="0.041350"/>
</kw>
<doc>Verify login page URL and required UI elements are visible and ready for interaction.</doc>
<status status="PASS" start="2026-06-22T14:02:56.326553" elapsed="1.095650"/>
</kw>
<kw name="Enter Username" owner="login_page">
<kw name="Input Text When Ready" owner="common_keywords">
<kw name="Wait For Element To Be Ready" owner="common_keywords">
<kw name="Wait Until Element Is Visible" owner="SeleniumLibrary">
<arg>${locator}</arg>
<arg>${timeout}</arg>
<doc>Waits until the element ``locator`` is visible.</doc>
<status status="PASS" start="2026-06-22T14:02:57.423217" elapsed="0.016228"/>
</kw>
<kw name="Wait Until Element Is Enabled" owner="SeleniumLibrary">
<arg>${locator}</arg>
<arg>${timeout}</arg>
<doc>Waits until the element ``locator`` is enabled.</doc>
<status status="PASS" start="2026-06-22T14:02:57.439445" elapsed="0.026199"/>
</kw>
<arg>${locator}</arg>
<arg>${timeout}</arg>
<doc>Waits until the provided locator is visible and enabled.</doc>
<status status="PASS" start="2026-06-22T14:02:57.423217" elapsed="0.042427"/>
</kw>
<kw name="Input Text" owner="SeleniumLibrary">
<msg time="2026-06-22T14:02:57.466601" level="INFO">Typing text 'invaliduserinvaliduserinvaliduserinvaliduserinvaliduserinvaliduserinvaliduserinvaliduser' into text field 'xpath=//input[@name='ion-input-0']'.</msg>
<arg>${locator}</arg>
<arg>${text}</arg>
<doc>Types the given ``text`` into the text field identified by ``locator``.</doc>
<status status="PASS" start="2026-06-22T14:02:57.466601" elapsed="0.210395"/>
</kw>
<arg>${USERNAME_TEXTBOX}</arg>
<arg>${username}</arg>
<doc>Waits for an element and then inputs the provided text.</doc>
<status status="PASS" start="2026-06-22T14:02:57.422203" elapsed="0.255812"/>
</kw>
<arg>${INVALID_USERNAME}${INVALID_USERNAME}${INVALID_USERNAME}${INVALID_USERNAME}${INVALID_USERNAME}${INVALID_USERNAME}${INVALID_USERNAME}${INVALID_USERNAME}</arg>
<doc>Enter username into username textbox.</doc>
<status status="PASS" start="2026-06-22T14:02:57.422203" elapsed="0.255812"/>
</kw>
<kw name="Enter Password" owner="login_page">
<kw name="Input Text When Ready" owner="common_keywords">
<kw name="Wait For Element To Be Ready" owner="common_keywords">
<kw name="Wait Until Element Is Visible" owner="SeleniumLibrary">
<arg>${locator}</arg>
<arg>${timeout}</arg>
<doc>Waits until the element ``locator`` is visible.</doc>
<status status="PASS" start="2026-06-22T14:02:57.681351" elapsed="0.017340"/>
</kw>
<kw name="Wait Until Element Is Enabled" owner="SeleniumLibrary">
<arg>${locator}</arg>
<arg>${timeout}</arg>
<doc>Waits until the element ``locator`` is enabled.</doc>
<status status="PASS" start="2026-06-22T14:02:57.699692" elapsed="0.021094"/>
</kw>
<arg>${locator}</arg>
<arg>${timeout}</arg>
<doc>Waits until the provided locator is visible and enabled.</doc>
<status status="PASS" start="2026-06-22T14:02:57.680345" elapsed="0.040441"/>
</kw>
<kw name="Input Text" owner="SeleniumLibrary">
<msg time="2026-06-22T14:02:57.721801" level="INFO">Typing text 'invalidpasswordinvalidpasswordinvalidpasswordinvalidpasswordinvalidpasswordinvalidpasswordinvalidpasswordinvalidpassword' into text field 'xpath=//input[@name='ion-input-1']'.</msg>
<arg>${locator}</arg>
<arg>${text}</arg>
<doc>Types the given ``text`` into the text field identified by ``locator``.</doc>
<status status="PASS" start="2026-06-22T14:02:57.721801" elapsed="0.174152"/>
</kw>
<arg>${PASSWORD_TEXTBOX}</arg>
<arg>${password}</arg>
<doc>Waits for an element and then inputs the provided text.</doc>
<status status="PASS" start="2026-06-22T14:02:57.680345" elapsed="0.216643"/>
</kw>
<arg>${INVALID_PASSWORD}${INVALID_PASSWORD}${INVALID_PASSWORD}${INVALID_PASSWORD}${INVALID_PASSWORD}${INVALID_PASSWORD}${INVALID_PASSWORD}${INVALID_PASSWORD}</arg>
<doc>Enter password into password textbox using password input.</doc>
<status status="PASS" start="2026-06-22T14:02:57.678993" elapsed="0.217995"/>
</kw>
<kw name="Click Sign In Button" owner="login_page">
<kw name="Click When Ready" owner="common_keywords">
<kw name="Wait For Element To Be Ready" owner="common_keywords">
<kw name="Wait Until Element Is Visible" owner="SeleniumLibrary">
<arg>${locator}</arg>
<arg>${timeout}</arg>
<doc>Waits until the element ``locator`` is visible.</doc>
<status status="PASS" start="2026-06-22T14:02:57.897966" elapsed="0.017084"/>
</kw>
<kw name="Wait Until Element Is Enabled" owner="SeleniumLibrary">
<arg>${locator}</arg>
<arg>${timeout}</arg>
<doc>Waits until the element ``locator`` is enabled.</doc>
<status status="PASS" start="2026-06-22T14:02:57.915050" elapsed="0.022009"/>
</kw>
<arg>${locator}</arg>
<arg>${timeout}</arg>
<doc>Waits until the provided locator is visible and enabled.</doc>
<status status="PASS" start="2026-06-22T14:02:57.897966" elapsed="0.039093"/>
</kw>
<kw name="Click Element" owner="SeleniumLibrary">
<msg time="2026-06-22T14:02:57.938068" level="INFO">Clicking element 'xpath=//ion-button[normalize-space()='SIGN IN']'.</msg>
<arg>${locator}</arg>
<doc>Click the element identified by ``locator``.</doc>
<status status="PASS" start="2026-06-22T14:02:57.937059" elapsed="0.063692"/>
</kw>
<arg>${SIGN_IN_BUTTON}</arg>
<doc>Waits for an element and then clicks it.</doc>
<status status="PASS" start="2026-06-22T14:02:57.897966" elapsed="0.102785"/>
</kw>
<doc>Click the SIGN IN button.</doc>
<status status="PASS" start="2026-06-22T14:02:57.896988" elapsed="0.103763"/>
</kw>
<kw name="Verify Login Failed And Still On Login Page" owner="login_page">
<kw name="Wait Until Location Is" owner="SeleniumLibrary">
<arg>${LOGIN_PAGE_URL}</arg>
<arg>10s</arg>
<doc>Waits until the current URL is ``expected``.</doc>
<status status="PASS" start="2026-06-22T14:02:58.001732" elapsed="0.005654"/>
</kw>
<kw name="Wait For Element To Be Ready" owner="common_keywords">
<kw name="Wait Until Element Is Visible" owner="SeleniumLibrary">
<arg>${locator}</arg>
<arg>${timeout}</arg>
<doc>Waits until the element ``locator`` is visible.</doc>
<status status="PASS" start="2026-06-22T14:02:58.008391" elapsed="0.013665"/>
</kw>
<kw name="Wait Until Element Is Enabled" owner="SeleniumLibrary">
<arg>${locator}</arg>
<arg>${timeout}</arg>
<doc>Waits until the element ``locator`` is enabled.</doc>
<status status="PASS" start="2026-06-22T14:02:58.023068" elapsed="0.019715"/>
</kw>
<arg>${SIGN_IN_BUTTON}</arg>
<doc>Waits until the provided locator is visible and enabled.</doc>
<status status="PASS" start="2026-06-22T14:02:58.007386" elapsed="0.036397"/>
</kw>
<doc>Verify authentication failure keeps the user on the login page.</doc>
<status status="PASS" start="2026-06-22T14:02:58.000751" elapsed="0.043032"/>
</kw>
<kw name="Close Browser Session" owner="common_keywords" type="TEARDOWN">
<kw name="Close All Browsers" owner="SeleniumLibrary">
<doc>Closes all open browsers and resets the browser cache.</doc>
<status status="PASS" start="2026-06-22T14:02:58.044783" elapsed="2.300193"/>
</kw>
<doc>Closes all open browser instances for the current execution.</doc>
<status status="PASS" start="2026-06-22T14:02:58.043783" elapsed="2.301193"/>
</kw>
<tag>edge</tag>
<tag>WT-LOGIN18</tag>
<status status="PASS" start="2026-06-22T14:02:49.272774" elapsed="11.072967"/>
</test>
<status status="FAIL" start="2026-06-22T13:58:34.047840" elapsed="266.298166"/>
</suite>
<statistics>
<total>
<stat pass="10" fail="8" skip="0">All Tests</stat>
</total>
<tag>
<stat pass="2" fail="4" skip="0">edge</stat>
<stat pass="6" fail="1" skip="0">negative</stat>
<stat pass="2" fail="3" skip="0">positive</stat>
<stat pass="0" fail="1" skip="0">WT-LOGIN01</stat>
<stat pass="1" fail="0" skip="0">WT-LOGIN02</stat>
<stat pass="1" fail="0" skip="0">WT-LOGIN03</stat>
<stat pass="1" fail="0" skip="0">WT-LOGIN04</stat>
<stat pass="1" fail="0" skip="0">WT-LOGIN05</stat>
<stat pass="1" fail="0" skip="0">WT-LOGIN06</stat>
<stat pass="0" fail="1" skip="0">WT-LOGIN07</stat>
<stat pass="1" fail="0" skip="0">WT-LOGIN08</stat>
<stat pass="0" fail="1" skip="0">WT-LOGIN09</stat>
<stat pass="0" fail="1" skip="0">WT-LOGIN10</stat>
<stat pass="1" fail="0" skip="0">WT-LOGIN11</stat>
<stat pass="0" fail="1" skip="0">WT-LOGIN12</stat>
<stat pass="0" fail="1" skip="0">WT-LOGIN13</stat>
<stat pass="0" fail="1" skip="0">WT-LOGIN14</stat>
<stat pass="1" fail="0" skip="0">WT-LOGIN15</stat>
<stat pass="0" fail="1" skip="0">WT-LOGIN16</stat>
<stat pass="1" fail="0" skip="0">WT-LOGIN17</stat>
<stat pass="1" fail="0" skip="0">WT-LOGIN18</stat>
</tag>
<suite>
<stat name="Login Tests" id="s1" pass="10" fail="8" skip="0">Login Tests</stat>
</suite>
</statistics>
<errors>
</errors>
</robot>
