<?xml version="1.0" encoding="UTF-8"?>
<robot generator="Robot 7.4.2 (Python 3.11.0 on win32)" generated="2026-05-28T12:52:43.758105" rpa="false" schemaversion="5">
<suite id="s1" name="Login Tests" source="D:\WashTab\WashTab_Automation\tests\login_tests.robot">
<kw name="Open Browser To Page" owner="login_page" type="SETUP">
<kw name="Open Browser" owner="SeleniumLibrary">
<msg time="2026-05-28T12:52:44.571351" level="INFO">Opening browser 'chrome' to base url 'about:blank'.</msg>
<arg>about:blank</arg>
<arg>${browser}</arg>
<doc>Opens a new browser instance to the optional ``url``.</doc>
<status status="PASS" start="2026-05-28T12:52:44.570342" elapsed="4.008493"/>
</kw>
<kw name="Maximize Browser Window" owner="SeleniumLibrary">
<doc>Maximizes current browser window.</doc>
<status status="PASS" start="2026-05-28T12:52:48.579343" elapsed="0.046887"/>
</kw>
<kw name="Open Page" owner="login_page">
<kw name="Go To" owner="SeleniumLibrary">
<msg time="2026-05-28T12:52:48.628740" level="INFO">Opening url 'http://172.21.166.115/washtabui/login?data=undefined'</msg>
<arg>http://172.21.166.115/washtabui/login?data=undefined</arg>
<doc>Navigates the current browser window to the provided ``url``.</doc>
<status status="PASS" start="2026-05-28T12:52:48.628230" elapsed="4.942551"/>
</kw>
<doc>Navigates current browser session to page URL.</doc>
<status status="PASS" start="2026-05-28T12:52:48.627230" elapsed="4.944176"/>
</kw>
<doc>Opens browser, maximizes window, and navigates to page URL.</doc>
<status status="PASS" start="2026-05-28T12:52:44.569018" elapsed="9.002388"/>
</kw>
<test id="s1-t1" name="TC01 Verify login page loads successfully" line="8">
<kw name="Open Page" owner="login_page" type="SETUP">
<kw name="Go To" owner="SeleniumLibrary">
<msg time="2026-05-28T12:52:53.575405" level="INFO">Opening url 'http://172.21.166.115/washtabui/login?data=undefined'</msg>
<arg>http://172.21.166.115/washtabui/login?data=undefined</arg>
<doc>Navigates the current browser window to the provided ``url``.</doc>
<status status="PASS" start="2026-05-28T12:52:53.574407" elapsed="0.281736"/>
</kw>
<doc>Navigates current browser session to page URL.</doc>
<status status="PASS" start="2026-05-28T12:52:53.574407" elapsed="0.282734"/>
</kw>
<kw name="Enter User Name" owner="login_page">
<kw name="Wait Until Element Is Visible" owner="SeleniumLibrary">
<arg>${USER_NAME_TEXTBOX}</arg>
<arg>10s</arg>
<doc>Waits until the element ``locator`` is visible.</doc>
<status status="PASS" start="2026-05-28T12:52:53.858651" elapsed="0.053798"/>
</kw>
<kw name="Input Text" owner="SeleniumLibrary">
<msg time="2026-05-28T12:52:53.914450" level="INFO">Typing text 'test' into text field 'xpath=//input[@name='ion-input-0']'.</msg>
<arg>${USER_NAME_TEXTBOX}</arg>
<arg>${text}</arg>
<doc>Types the given ``text`` into the text field identified by ``locator``.</doc>
<status status="PASS" start="2026-05-28T12:52:53.913463" elapsed="0.146779"/>
</kw>
<arg>test</arg>
<doc>Enter text action for User Name (textbox) using page object locator.</doc>
<status status="PASS" start="2026-05-28T12:52:53.857141" elapsed="0.204128"/>
</kw>
<kw name="Enter Password" owner="login_page">
<kw name="Wait Until Element Is Visible" owner="SeleniumLibrary">
<arg>${PASSWORD_TEXTBOX}</arg>
<arg>10s</arg>
<doc>Waits until the element ``locator`` is visible.</doc>
<status status="PASS" start="2026-05-28T12:52:54.063257" elapsed="0.038851"/>
</kw>
<kw name="Input Password" owner="SeleniumLibrary">
<msg time="2026-05-28T12:52:54.103106" level="INFO">Typing password into text field 'xpath=//input[@name='ion-input-1']'.</msg>
<msg time="2026-05-28T12:52:54.166992" level="INFO">Temporally setting log level to: NONE</msg>
<arg>${PASSWORD_TEXTBOX}</arg>
<arg>${password}</arg>
<doc>Types the given password into the text field identified by ``locator``.</doc>
<status status="PASS" start="2026-05-28T12:52:54.102108" elapsed="0.137048"/>
</kw>
<arg>test</arg>
<doc>Enter password action for Password (password) using page object locator.</doc>
<status status="PASS" start="2026-05-28T12:52:54.062287" elapsed="0.176869"/>
</kw>
<kw name="Click Sign In Button" owner="login_page">
<kw name="Wait Until Element Is Visible" owner="SeleniumLibrary">
<arg>${SIGN_IN_BUTTON}</arg>
<arg>10s</arg>
<doc>Waits until the element ``locator`` is visible.</doc>
<status status="PASS" start="2026-05-28T12:52:54.240689" elapsed="0.025623"/>
</kw>
<kw name="Click Button" owner="SeleniumLibrary">
<msg time="2026-05-28T12:52:54.267333" level="INFO">Clicking button 'xpath=//ion-button[@text='Login']'.</msg>
<msg time="2026-05-28T12:52:54.737541" level="INFO" html="true">&lt;/td&gt;&lt;/tr&gt;&lt;tr&gt;&lt;td colspan="3"&gt;&lt;a href="selenium-screenshot-1.png"&gt;&lt;img src="selenium-screenshot-1.png" width="800px"&gt;&lt;/a&gt;</msg>
<msg time="2026-05-28T12:52:54.737541" level="FAIL">Button with locator 'xpath=//ion-button[@text='Login']' not found.</msg>
<arg>${SIGN_IN_BUTTON}</arg>
<doc>Clicks the button identified by ``locator``.</doc>
<status status="FAIL" start="2026-05-28T12:52:54.266312" elapsed="0.479985">Button with locator 'xpath=//ion-button[@text='Login']' not found.</status>
</kw>
<doc>Click Sign In Button</doc>
<status status="FAIL" start="2026-05-28T12:52:54.240165" elapsed="0.506132">Button with locator 'xpath=//ion-button[@text='Login']' not found.</status>
</kw>
<status status="FAIL" start="2026-05-28T12:52:53.572410" elapsed="1.173887">Button with locator 'xpath=//ion-button[@text='Login']' not found.</status>
</test>
<test id="s1-t2" name="TC02 Verify successful login with valid username and password" line="13">
<kw name="Open Page" owner="login_page" type="SETUP">
<kw name="Go To" owner="SeleniumLibrary">
<msg time="2026-05-28T12:52:54.748348" level="INFO">Opening url 'http://172.21.166.115/washtabui/login?data=undefined'</msg>
<arg>http://172.21.166.115/washtabui/login?data=undefined</arg>
<doc>Navigates the current browser window to the provided ``url``.</doc>
<status status="PASS" start="2026-05-28T12:52:54.748348" elapsed="0.143003"/>
</kw>
<doc>Navigates current browser session to page URL.</doc>
<status status="PASS" start="2026-05-28T12:52:54.747338" elapsed="0.144013"/>
</kw>
<kw name="Enter User Name" owner="login_page">
<kw name="Wait Until Element Is Visible" owner="SeleniumLibrary">
<arg>${USER_NAME_TEXTBOX}</arg>
<arg>10s</arg>
<doc>Waits until the element ``locator`` is visible.</doc>
<status status="PASS" start="2026-05-28T12:52:54.892351" elapsed="0.061715"/>
</kw>
<kw name="Input Text" owner="SeleniumLibrary">
<msg time="2026-05-28T12:52:54.955064" level="INFO">Typing text 'haklarr' into text field 'xpath=//input[@name='ion-input-0']'.</msg>
<arg>${USER_NAME_TEXTBOX}</arg>
<arg>${text}</arg>
<doc>Types the given ``text`` into the text field identified by ``locator``.</doc>
<status status="PASS" start="2026-05-28T12:52:54.954066" elapsed="0.129089"/>
</kw>
<arg>haklarr</arg>
<doc>Enter text action for User Name (textbox) using page object locator.</doc>
<status status="PASS" start="2026-05-28T12:52:54.891351" elapsed="0.192806"/>
</kw>
<kw name="Enter Password" owner="login_page">
<kw name="Wait Until Element Is Visible" owner="SeleniumLibrary">
<arg>${PASSWORD_TEXTBOX}</arg>
<arg>10s</arg>
<doc>Waits until the element ``locator`` is visible.</doc>
<status status="PASS" start="2026-05-28T12:52:55.086155" elapsed="0.026005"/>
</kw>
<kw name="Input Password" owner="SeleniumLibrary">
<msg time="2026-05-28T12:52:55.113159" level="INFO">Typing password into text field 'xpath=//input[@name='ion-input-1']'.</msg>
<msg time="2026-05-28T12:52:55.163985" level="INFO">Temporally setting log level to: NONE</msg>
<arg>${PASSWORD_TEXTBOX}</arg>
<arg>${password}</arg>
<doc>Types the given password into the text field identified by ``locator``.</doc>
<status status="PASS" start="2026-05-28T12:52:55.112160" elapsed="0.143018"/>
</kw>
<arg>Icstunnel1</arg>
<doc>Enter password action for Password (password) using page object locator.</doc>
<status status="PASS" start="2026-05-28T12:52:55.084157" elapsed="0.172020"/>
</kw>
<kw name="Click Sign In Button" owner="login_page">
<kw name="Wait Until Element Is Visible" owner="SeleniumLibrary">
<arg>${SIGN_IN_BUTTON}</arg>
<arg>10s</arg>
<doc>Waits until the element ``locator`` is visible.</doc>
<status status="PASS" start="2026-05-28T12:52:55.257177" elapsed="0.029824"/>
</kw>
<kw name="Click Button" owner="SeleniumLibrary">
<msg time="2026-05-28T12:52:55.288508" level="INFO">Clicking button 'xpath=//ion-button[@text='Login']'.</msg>
<msg time="2026-05-28T12:52:55.775590" level="INFO" html="true">&lt;/td&gt;&lt;/tr&gt;&lt;tr&gt;&lt;td colspan="3"&gt;&lt;a href="selenium-screenshot-2.png"&gt;&lt;img src="selenium-screenshot-2.png" width="800px"&gt;&lt;/a&gt;</msg>
<msg time="2026-05-28T12:52:55.776578" level="FAIL">Button with locator 'xpath=//ion-button[@text='Login']' not found.</msg>
<arg>${SIGN_IN_BUTTON}</arg>
<doc>Clicks the button identified by ``locator``.</doc>
<status status="FAIL" start="2026-05-28T12:52:55.287001" elapsed="0.490612">Button with locator 'xpath=//ion-button[@text='Login']' not found.</status>
</kw>
<doc>Click Sign In Button</doc>
<status status="FAIL" start="2026-05-28T12:52:55.256177" elapsed="0.521436">Button with locator 'xpath=//ion-button[@text='Login']' not found.</status>
</kw>
<kw name="Location Should Contain" owner="SeleniumLibrary">
<arg>/home</arg>
<doc>Verifies that the current URL contains ``expected``.</doc>
<status status="NOT RUN" start="2026-05-28T12:52:55.778612" elapsed="0.000000"/>
</kw>
<status status="FAIL" start="2026-05-28T12:52:54.747338" elapsed="1.031274">Button with locator 'xpath=//ion-button[@text='Login']' not found.</status>
</test>
<test id="s1-t3" name="TC03 Verify login fails with incorrect username and correct password" line="19">
<kw name="Open Page" owner="login_page" type="SETUP">
<kw name="Go To" owner="SeleniumLibrary">
<msg time="2026-05-28T12:52:55.781316" level="INFO">Opening url 'http://172.21.166.115/washtabui/login?data=undefined'</msg>
<arg>http://172.21.166.115/washtabui/login?data=undefined</arg>
<doc>Navigates the current browser window to the provided ``url``.</doc>
<status status="PASS" start="2026-05-28T12:52:55.781316" elapsed="0.143478"/>
</kw>
<doc>Navigates current browser session to page URL.</doc>
<status status="PASS" start="2026-05-28T12:52:55.780332" elapsed="0.144462"/>
</kw>
<kw name="Enter User Name" owner="login_page">
<kw name="Wait Until Element Is Visible" owner="SeleniumLibrary">
<arg>${USER_NAME_TEXTBOX}</arg>
<arg>10s</arg>
<doc>Waits until the element ``locator`` is visible.</doc>
<status status="PASS" start="2026-05-28T12:52:55.925875" elapsed="0.049465"/>
</kw>
<kw name="Input Text" owner="SeleniumLibrary">
<msg time="2026-05-28T12:52:55.976417" level="INFO">Typing text 'wronguser' into text field 'xpath=//input[@name='ion-input-0']'.</msg>
<arg>${USER_NAME_TEXTBOX}</arg>
<arg>${text}</arg>
<doc>Types the given ``text`` into the text field identified by ``locator``.</doc>
<status status="PASS" start="2026-05-28T12:52:55.975340" elapsed="0.101051"/>
</kw>
<arg>wronguser</arg>
<doc>Enter text action for User Name (textbox) using page object locator.</doc>
<status status="PASS" start="2026-05-28T12:52:55.924794" elapsed="0.151597"/>
</kw>
<kw name="Enter Password" owner="login_page">
<kw name="Wait Until Element Is Visible" owner="SeleniumLibrary">
<arg>${PASSWORD_TEXTBOX}</arg>
<arg>10s</arg>
<doc>Waits until the element ``locator`` is visible.</doc>
<status status="PASS" start="2026-05-28T12:52:56.079426" elapsed="0.018976"/>
</kw>
<kw name="Input Password" owner="SeleniumLibrary">
<msg time="2026-05-28T12:52:56.099433" level="INFO">Typing password into text field 'xpath=//input[@name='ion-input-1']'.</msg>
<msg time="2026-05-28T12:52:56.141622" level="INFO">Temporally setting log level to: NONE</msg>
<arg>${PASSWORD_TEXTBOX}</arg>
<arg>${password}</arg>
<doc>Types the given password into the text field identified by ``locator``.</doc>
<status status="PASS" start="2026-05-28T12:52:56.098911" elapsed="0.106965"/>
</kw>
<arg>Icstunnel1</arg>
<doc>Enter password action for Password (password) using page object locator.</doc>
<status status="PASS" start="2026-05-28T12:52:56.077395" elapsed="0.129479"/>
</kw>
<kw name="Click Sign In Button" owner="login_page">
<kw name="Wait Until Element Is Visible" owner="SeleniumLibrary">
<arg>${SIGN_IN_BUTTON}</arg>
<arg>10s</arg>
<doc>Waits until the element ``locator`` is visible.</doc>
<status status="PASS" start="2026-05-28T12:52:56.206874" elapsed="0.021701"/>
</kw>
<kw name="Click Button" owner="SeleniumLibrary">
<msg time="2026-05-28T12:52:56.229128" level="INFO">Clicking button 'xpath=//ion-button[@text='Login']'.</msg>
<msg time="2026-05-28T12:52:56.697115" level="INFO" html="true">&lt;/td&gt;&lt;/tr&gt;&lt;tr&gt;&lt;td colspan="3"&gt;&lt;a href="selenium-screenshot-3.png"&gt;&lt;img src="selenium-screenshot-3.png" width="800px"&gt;&lt;/a&gt;</msg>
<msg time="2026-05-28T12:52:56.698623" level="FAIL">Button with locator 'xpath=//ion-button[@text='Login']' not found.</msg>
<arg>${SIGN_IN_BUTTON}</arg>
<doc>Clicks the button identified by ``locator``.</doc>
<status status="FAIL" start="2026-05-28T12:52:56.228575" elapsed="0.470571">Button with locator 'xpath=//ion-button[@text='Login']' not found.</status>
</kw>
<doc>Click Sign In Button</doc>
<status status="FAIL" start="2026-05-28T12:52:56.206874" elapsed="0.493281">Button with locator 'xpath=//ion-button[@text='Login']' not found.</status>
</kw>
<status status="FAIL" start="2026-05-28T12:52:55.779225" elapsed="0.920930">Button with locator 'xpath=//ion-button[@text='Login']' not found.</status>
</test>
<test id="s1-t4" name="TC04 Verify login fails with correct username and incorrect password" line="24">
<kw name="Open Page" owner="login_page" type="SETUP">
<kw name="Go To" owner="SeleniumLibrary">
<msg time="2026-05-28T12:52:56.702165" level="INFO">Opening url 'http://172.21.166.115/washtabui/login?data=undefined'</msg>
<arg>http://172.21.166.115/washtabui/login?data=undefined</arg>
<doc>Navigates the current browser window to the provided ``url``.</doc>
<status status="PASS" start="2026-05-28T12:52:56.702165" elapsed="0.155049"/>
</kw>
<doc>Navigates current browser session to page URL.</doc>
<status status="PASS" start="2026-05-28T12:52:56.701164" elapsed="0.157052"/>
</kw>
<kw name="Enter User Name" owner="login_page">
<kw name="Wait Until Element Is Visible" owner="SeleniumLibrary">
<arg>${USER_NAME_TEXTBOX}</arg>
<arg>10s</arg>
<doc>Waits until the element ``locator`` is visible.</doc>
<status status="PASS" start="2026-05-28T12:52:56.859230" elapsed="0.042836"/>
</kw>
<kw name="Input Text" owner="SeleniumLibrary">
<msg time="2026-05-28T12:52:56.903066" level="INFO">Typing text 'haklarr' into text field 'xpath=//input[@name='ion-input-0']'.</msg>
<arg>${USER_NAME_TEXTBOX}</arg>
<arg>${text}</arg>
<doc>Types the given ``text`` into the text field identified by ``locator``.</doc>
<status status="PASS" start="2026-05-28T12:52:56.903066" elapsed="0.079356"/>
</kw>
<arg>haklarr</arg>
<doc>Enter text action for User Name (textbox) using page object locator.</doc>
<status status="PASS" start="2026-05-28T12:52:56.858216" elapsed="0.125209"/>
</kw>
<kw name="Enter Password" owner="login_page">
<kw name="Wait Until Element Is Visible" owner="SeleniumLibrary">
<arg>${PASSWORD_TEXTBOX}</arg>
<arg>10s</arg>
<doc>Waits until the element ``locator`` is visible.</doc>
<status status="PASS" start="2026-05-28T12:52:56.983425" elapsed="0.016574"/>
</kw>
<kw name="Input Password" owner="SeleniumLibrary">
<msg time="2026-05-28T12:52:57.001000" level="INFO">Typing password into text field 'xpath=//input[@name='ion-input-1']'.</msg>
<msg time="2026-05-28T12:52:57.038995" level="INFO">Temporally setting log level to: NONE</msg>
<arg>${PASSWORD_TEXTBOX}</arg>
<arg>${password}</arg>
<doc>Types the given password into the text field identified by ``locator``.</doc>
<status status="PASS" start="2026-05-28T12:52:57.001000" elapsed="0.114988"/>
</kw>
<arg>WrongPass1</arg>
<doc>Enter password action for Password (password) using page object locator.</doc>
<status status="PASS" start="2026-05-28T12:52:56.983425" elapsed="0.133564"/>
</kw>
<kw name="Click Sign In Button" owner="login_page">
<kw name="Wait Until Element Is Visible" owner="SeleniumLibrary">
<arg>${SIGN_IN_BUTTON}</arg>
<arg>10s</arg>
<doc>Waits until the element ``locator`` is visible.</doc>
<status status="PASS" start="2026-05-28T12:52:57.118495" elapsed="0.020603"/>
</kw>
<kw name="Click Button" owner="SeleniumLibrary">
<msg time="2026-05-28T12:52:57.140536" level="INFO">Clicking button 'xpath=//ion-button[@text='Login']'.</msg>
<msg time="2026-05-28T12:52:57.563820" level="INFO" html="true">&lt;/td&gt;&lt;/tr&gt;&lt;tr&gt;&lt;td colspan="3"&gt;&lt;a href="selenium-screenshot-4.png"&gt;&lt;img src="selenium-screenshot-4.png" width="800px"&gt;&lt;/a&gt;</msg>
<msg time="2026-05-28T12:52:57.563820" level="FAIL">Button with locator 'xpath=//ion-button[@text='Login']' not found.</msg>
<arg>${SIGN_IN_BUTTON}</arg>
<doc>Clicks the button identified by ``locator``.</doc>
<status status="FAIL" start="2026-05-28T12:52:57.140106" elapsed="0.424716">Button with locator 'xpath=//ion-button[@text='Login']' not found.</status>
</kw>
<doc>Click Sign In Button</doc>
<status status="FAIL" start="2026-05-28T12:52:57.116989" elapsed="0.448834">Button with locator 'xpath=//ion-button[@text='Login']' not found.</status>
</kw>
<status status="FAIL" start="2026-05-28T12:52:56.700155" elapsed="0.865668">Button with locator 'xpath=//ion-button[@text='Login']' not found.</status>
</test>
<test id="s1-t5" name="TC05 Verify login fails when both username and password are incorrect" line="29">
<kw name="Open Page" owner="login_page" type="SETUP">
<kw name="Go To" owner="SeleniumLibrary">
<msg time="2026-05-28T12:52:57.568331" level="INFO">Opening url 'http://172.21.166.115/washtabui/login?data=undefined'</msg>
<arg>http://172.21.166.115/washtabui/login?data=undefined</arg>
<doc>Navigates the current browser window to the provided ``url``.</doc>
<status status="PASS" start="2026-05-28T12:52:57.568331" elapsed="0.172835"/>
</kw>
<doc>Navigates current browser session to page URL.</doc>
<status status="PASS" start="2026-05-28T12:52:57.568331" elapsed="0.172835"/>
</kw>
<kw name="Enter User Name" owner="login_page">
<kw name="Wait Until Element Is Visible" owner="SeleniumLibrary">
<arg>${USER_NAME_TEXTBOX}</arg>
<arg>10s</arg>
<doc>Waits until the element ``locator`` is visible.</doc>
<status status="PASS" start="2026-05-28T12:52:57.742187" elapsed="0.046876"/>
</kw>
<kw name="Input Text" owner="SeleniumLibrary">
<msg time="2026-05-28T12:52:57.790085" level="INFO">Typing text 'invaliduser' into text field 'xpath=//input[@name='ion-input-0']'.</msg>
<arg>${USER_NAME_TEXTBOX}</arg>
<arg>${text}</arg>
<doc>Types the given ``text`` into the text field identified by ``locator``.</doc>
<status status="PASS" start="2026-05-28T12:52:57.789063" elapsed="0.093393"/>
</kw>
<arg>invaliduser</arg>
<doc>Enter text action for User Name (textbox) using page object locator.</doc>
<status status="PASS" start="2026-05-28T12:52:57.741166" elapsed="0.142291"/>
</kw>
<kw name="Enter Password" owner="login_page">
<kw name="Wait Until Element Is Visible" owner="SeleniumLibrary">
<arg>${PASSWORD_TEXTBOX}</arg>
<arg>10s</arg>
<doc>Waits until the element ``locator`` is visible.</doc>
<status status="PASS" start="2026-05-28T12:52:57.884455" elapsed="0.019868"/>
</kw>
<kw name="Input Password" owner="SeleniumLibrary">
<msg time="2026-05-28T12:52:57.905301" level="INFO">Typing password into text field 'xpath=//input[@name='ion-input-1']'.</msg>
<msg time="2026-05-28T12:52:57.948535" level="INFO">Temporally setting log level to: NONE</msg>
<arg>${PASSWORD_TEXTBOX}</arg>
<arg>${password}</arg>
<doc>Types the given password into the text field identified by ``locator``.</doc>
<status status="PASS" start="2026-05-28T12:52:57.904323" elapsed="0.132378"/>
</kw>
<arg>invalidpass</arg>
<doc>Enter password action for Password (password) using page object locator.</doc>
<status status="PASS" start="2026-05-28T12:52:57.883457" elapsed="0.153244"/>
</kw>
<kw name="Click Sign In Button" owner="login_page">
<kw name="Wait Until Element Is Visible" owner="SeleniumLibrary">
<arg>${SIGN_IN_BUTTON}</arg>
<arg>10s</arg>
<doc>Waits until the element ``locator`` is visible.</doc>
<status status="PASS" start="2026-05-28T12:52:58.038214" elapsed="0.020826"/>
</kw>
<kw name="Click Button" owner="SeleniumLibrary">
<msg time="2026-05-28T12:52:58.060049" level="INFO">Clicking button 'xpath=//ion-button[@text='Login']'.</msg>
<msg time="2026-05-28T12:52:58.655794" level="INFO" html="true">&lt;/td&gt;&lt;/tr&gt;&lt;tr&gt;&lt;td colspan="3"&gt;&lt;a href="selenium-screenshot-5.png"&gt;&lt;img src="selenium-screenshot-5.png" width="800px"&gt;&lt;/a&gt;</msg>
<msg time="2026-05-28T12:52:58.655794" level="FAIL">Button with locator 'xpath=//ion-button[@text='Login']' not found.</msg>
<arg>${SIGN_IN_BUTTON}</arg>
<doc>Clicks the button identified by ``locator``.</doc>
<status status="FAIL" start="2026-05-28T12:52:58.059040" elapsed="0.599266">Button with locator 'xpath=//ion-button[@text='Login']' not found.</status>
</kw>
<doc>Click Sign In Button</doc>
<status status="FAIL" start="2026-05-28T12:52:58.036701" elapsed="0.623129">Button with locator 'xpath=//ion-button[@text='Login']' not found.</status>
</kw>
<status status="FAIL" start="2026-05-28T12:52:57.565823" elapsed="1.094007">Button with locator 'xpath=//ion-button[@text='Login']' not found.</status>
</test>
<test id="s1-t6" name="TC06 Verify login fails when username and password fields are blank" line="34">
<kw name="Open Page" owner="login_page" type="SETUP">
<kw name="Go To" owner="SeleniumLibrary">
<msg time="2026-05-28T12:52:58.662852" level="INFO">Opening url 'http://172.21.166.115/washtabui/login?data=undefined'</msg>
<arg>http://172.21.166.115/washtabui/login?data=undefined</arg>
<doc>Navigates the current browser window to the provided ``url``.</doc>
<status status="PASS" start="2026-05-28T12:52:58.662852" elapsed="0.242177"/>
</kw>
<doc>Navigates current browser session to page URL.</doc>
<status status="PASS" start="2026-05-28T12:52:58.661844" elapsed="0.243185"/>
</kw>
<kw name="Click Sign In Button" owner="login_page">
<kw name="Wait Until Element Is Visible" owner="SeleniumLibrary">
<arg>${SIGN_IN_BUTTON}</arg>
<arg>10s</arg>
<doc>Waits until the element ``locator`` is visible.</doc>
<status status="PASS" start="2026-05-28T12:52:58.907027" elapsed="0.041258"/>
</kw>
<kw name="Click Button" owner="SeleniumLibrary">
<msg time="2026-05-28T12:52:58.950351" level="INFO">Clicking button 'xpath=//ion-button[@text='Login']'.</msg>
<msg time="2026-05-28T12:52:59.563325" level="INFO" html="true">&lt;/td&gt;&lt;/tr&gt;&lt;tr&gt;&lt;td colspan="3"&gt;&lt;a href="selenium-screenshot-6.png"&gt;&lt;img src="selenium-screenshot-6.png" width="800px"&gt;&lt;/a&gt;</msg>
<msg time="2026-05-28T12:52:59.564325" level="FAIL">Button with locator 'xpath=//ion-button[@text='Login']' not found.</msg>
<arg>${SIGN_IN_BUTTON}</arg>
<doc>Clicks the button identified by ``locator``.</doc>
<status status="FAIL" start="2026-05-28T12:52:58.949337" elapsed="0.615989">Button with locator 'xpath=//ion-button[@text='Login']' not found.</status>
</kw>
<doc>Click Sign In Button</doc>
<status status="FAIL" start="2026-05-28T12:52:58.906026" elapsed="0.659300">Button with locator 'xpath=//ion-button[@text='Login']' not found.</status>
</kw>
<status status="FAIL" start="2026-05-28T12:52:58.660840" elapsed="0.905487">Button with locator 'xpath=//ion-button[@text='Login']' not found.</status>
</test>
<test id="s1-t7" name="TC07 Verify login fails when username is blank and password is filled" line="37">
<kw name="Open Page" owner="login_page" type="SETUP">
<kw name="Go To" owner="SeleniumLibrary">
<msg time="2026-05-28T12:52:59.568330" level="INFO">Opening url 'http://172.21.166.115/washtabui/login?data=undefined'</msg>
<arg>http://172.21.166.115/washtabui/login?data=undefined</arg>
<doc>Navigates the current browser window to the provided ``url``.</doc>
<status status="PASS" start="2026-05-28T12:52:59.568330" elapsed="0.200853"/>
</kw>
<doc>Navigates current browser session to page URL.</doc>
<status status="PASS" start="2026-05-28T12:52:59.568330" elapsed="0.200853"/>
</kw>
<kw name="Enter Password" owner="login_page">
<kw name="Wait Until Element Is Visible" owner="SeleniumLibrary">
<arg>${PASSWORD_TEXTBOX}</arg>
<arg>10s</arg>
<doc>Waits until the element ``locator`` is visible.</doc>
<status status="PASS" start="2026-05-28T12:52:59.770255" elapsed="0.038949"/>
</kw>
<kw name="Input Password" owner="SeleniumLibrary">
<msg time="2026-05-28T12:52:59.814223" level="INFO">Typing password into text field 'xpath=//input[@name='ion-input-1']'.</msg>
<msg time="2026-05-28T12:52:59.871012" level="INFO">Temporally setting log level to: NONE</msg>
<arg>${PASSWORD_TEXTBOX}</arg>
<arg>${password}</arg>
<doc>Types the given password into the text field identified by ``locator``.</doc>
<status status="PASS" start="2026-05-28T12:52:59.810219" elapsed="0.467457"/>
</kw>
<arg>Icstunnel1</arg>
<doc>Enter password action for Password (password) using page object locator.</doc>
<status status="PASS" start="2026-05-28T12:52:59.769183" elapsed="0.509494"/>
</kw>
<kw name="Click Sign In Button" owner="login_page">
<kw name="Wait Until Element Is Visible" owner="SeleniumLibrary">
<arg>${SIGN_IN_BUTTON}</arg>
<arg>10s</arg>
<doc>Waits until the element ``locator`` is visible.</doc>
<status status="PASS" start="2026-05-28T12:53:00.279187" elapsed="0.026205"/>
</kw>
<kw name="Click Button" owner="SeleniumLibrary">
<msg time="2026-05-28T12:53:00.306412" level="INFO">Clicking button 'xpath=//ion-button[@text='Login']'.</msg>
<msg time="2026-05-28T12:53:00.915217" level="INFO" html="true">&lt;/td&gt;&lt;/tr&gt;&lt;tr&gt;&lt;td colspan="3"&gt;&lt;a href="selenium-screenshot-7.png"&gt;&lt;img src="selenium-screenshot-7.png" width="800px"&gt;&lt;/a&gt;</msg>
<msg time="2026-05-28T12:53:00.916218" level="FAIL">Button with locator 'xpath=//ion-button[@text='Login']' not found.</msg>
<arg>${SIGN_IN_BUTTON}</arg>
<doc>Clicks the button identified by ``locator``.</doc>
<status status="FAIL" start="2026-05-28T12:53:00.305392" elapsed="0.611828">Button with locator 'xpath=//ion-button[@text='Login']' not found.</status>
</kw>
<doc>Click Sign In Button</doc>
<status status="FAIL" start="2026-05-28T12:53:00.279187" elapsed="0.638033">Button with locator 'xpath=//ion-button[@text='Login']' not found.</status>
</kw>
<status status="FAIL" start="2026-05-28T12:52:59.567325" elapsed="1.350894">Button with locator 'xpath=//ion-button[@text='Login']' not found.</status>
</test>
<test id="s1-t8" name="TC08 Verify login fails when password is blank and username is filled" line="41">
<kw name="Open Page" owner="login_page" type="SETUP">
<kw name="Go To" owner="SeleniumLibrary">
<msg time="2026-05-28T12:53:00.921247" level="INFO">Opening url 'http://172.21.166.115/washtabui/login?data=undefined'</msg>
<arg>http://172.21.166.115/washtabui/login?data=undefined</arg>
<doc>Navigates the current browser window to the provided ``url``.</doc>
<status status="PASS" start="2026-05-28T12:53:00.920240" elapsed="0.305186"/>
</kw>
<doc>Navigates current browser session to page URL.</doc>
<status status="PASS" start="2026-05-28T12:53:00.920240" elapsed="0.306185"/>
</kw>
<kw name="Enter User Name" owner="login_page">
<kw name="Wait Until Element Is Visible" owner="SeleniumLibrary">
<arg>${USER_NAME_TEXTBOX}</arg>
<arg>10s</arg>
<doc>Waits until the element ``locator`` is visible.</doc>
<status status="PASS" start="2026-05-28T12:53:01.231518" elapsed="0.048333"/>
</kw>
<kw name="Input Text" owner="SeleniumLibrary">
<msg time="2026-05-28T12:53:01.280970" level="INFO">Typing text 'haklarr' into text field 'xpath=//input[@name='ion-input-0']'.</msg>
<arg>${USER_NAME_TEXTBOX}</arg>
<arg>${text}</arg>
<doc>Types the given ``text`` into the text field identified by ``locator``.</doc>
<status status="PASS" start="2026-05-28T12:53:01.279851" elapsed="0.122439"/>
</kw>
<arg>haklarr</arg>
<doc>Enter text action for User Name (textbox) using page object locator.</doc>
<status status="PASS" start="2026-05-28T12:53:01.229479" elapsed="0.172811"/>
</kw>
<kw name="Click Sign In Button" owner="login_page">
<kw name="Wait Until Element Is Visible" owner="SeleniumLibrary">
<arg>${SIGN_IN_BUTTON}</arg>
<arg>10s</arg>
<doc>Waits until the element ``locator`` is visible.</doc>
<status status="PASS" start="2026-05-28T12:53:01.403289" elapsed="0.028696"/>
</kw>
<kw name="Click Button" owner="SeleniumLibrary">
<msg time="2026-05-28T12:53:01.432986" level="INFO">Clicking button 'xpath=//ion-button[@text='Login']'.</msg>
<msg time="2026-05-28T12:53:02.013020" level="INFO" html="true">&lt;/td&gt;&lt;/tr&gt;&lt;tr&gt;&lt;td colspan="3"&gt;&lt;a href="selenium-screenshot-8.png"&gt;&lt;img src="selenium-screenshot-8.png" width="800px"&gt;&lt;/a&gt;</msg>
<msg time="2026-05-28T12:53:02.013020" level="FAIL">Button with locator 'xpath=//ion-button[@text='Login']' not found.</msg>
<arg>${SIGN_IN_BUTTON}</arg>
<doc>Clicks the button identified by ``locator``.</doc>
<status status="FAIL" start="2026-05-28T12:53:01.432986" elapsed="0.582032">Button with locator 'xpath=//ion-button[@text='Login']' not found.</status>
</kw>
<doc>Click Sign In Button</doc>
<status status="FAIL" start="2026-05-28T12:53:01.403289" elapsed="0.612729">Button with locator 'xpath=//ion-button[@text='Login']' not found.</status>
</kw>
<status status="FAIL" start="2026-05-28T12:53:00.918726" elapsed="1.097292">Button with locator 'xpath=//ion-button[@text='Login']' not found.</status>
</test>
<test id="s1-t9" name="TC09 Verify username textbox accepts alphanumeric input" line="45">
<kw name="Open Page" owner="login_page" type="SETUP">
<kw name="Go To" owner="SeleniumLibrary">
<msg time="2026-05-28T12:53:02.019528" level="INFO">Opening url 'http://172.21.166.115/washtabui/login?data=undefined'</msg>
<arg>http://172.21.166.115/washtabui/login?data=undefined</arg>
<doc>Navigates the current browser window to the provided ``url``.</doc>
<status status="PASS" start="2026-05-28T12:53:02.019019" elapsed="0.212661"/>
</kw>
<doc>Navigates current browser session to page URL.</doc>
<status status="PASS" start="2026-05-28T12:53:02.018020" elapsed="0.213660"/>
</kw>
<kw name="Enter User Name" owner="login_page">
<kw name="Wait Until Element Is Visible" owner="SeleniumLibrary">
<arg>${USER_NAME_TEXTBOX}</arg>
<arg>10s</arg>
<doc>Waits until the element ``locator`` is visible.</doc>
<status status="PASS" start="2026-05-28T12:53:02.233684" elapsed="0.057509"/>
</kw>
<kw name="Input Text" owner="SeleniumLibrary">
<msg time="2026-05-28T12:53:02.293203" level="INFO">Typing text 'user123' into text field 'xpath=//input[@name='ion-input-0']'.</msg>
<arg>${USER_NAME_TEXTBOX}</arg>
<arg>${text}</arg>
<doc>Types the given ``text`` into the text field identified by ``locator``.</doc>
<status status="PASS" start="2026-05-28T12:53:02.292194" elapsed="0.110981"/>
</kw>
<arg>user123</arg>
<doc>Enter text action for User Name (textbox) using page object locator.</doc>
<status status="PASS" start="2026-05-28T12:53:02.232686" elapsed="0.171491"/>
</kw>
<status status="PASS" start="2026-05-28T12:53:02.017017" elapsed="0.387160"/>
</test>
<test id="s1-t10" name="TC10 Verify password textbox masks entered characters" line="48">
<kw name="Open Page" owner="login_page" type="SETUP">
<kw name="Go To" owner="SeleniumLibrary">
<msg time="2026-05-28T12:53:02.407172" level="INFO">Opening url 'http://172.21.166.115/washtabui/login?data=undefined'</msg>
<arg>http://172.21.166.115/washtabui/login?data=undefined</arg>
<doc>Navigates the current browser window to the provided ``url``.</doc>
<status status="PASS" start="2026-05-28T12:53:02.406172" elapsed="0.217991"/>
</kw>
<doc>Navigates current browser session to page URL.</doc>
<status status="PASS" start="2026-05-28T12:53:02.406172" elapsed="0.218989"/>
</kw>
<kw name="Enter Password" owner="login_page">
<kw name="Wait Until Element Is Visible" owner="SeleniumLibrary">
<arg>${PASSWORD_TEXTBOX}</arg>
<arg>10s</arg>
<doc>Waits until the element ``locator`` is visible.</doc>
<status status="PASS" start="2026-05-28T12:53:02.626162" elapsed="0.055781"/>
</kw>
<kw name="Input Password" owner="SeleniumLibrary">
<msg time="2026-05-28T12:53:02.682940" level="INFO">Typing password into text field 'xpath=//input[@name='ion-input-1']'.</msg>
<msg time="2026-05-28T12:53:02.732251" level="INFO">Temporally setting log level to: NONE</msg>
<arg>${PASSWORD_TEXTBOX}</arg>
<arg>${password}</arg>
<doc>Types the given password into the text field identified by ``locator``.</doc>
<status status="PASS" start="2026-05-28T12:53:02.681943" elapsed="0.123086"/>
</kw>
<arg>Icstunnel1</arg>
<doc>Enter password action for Password (password) using page object locator.</doc>
<status status="PASS" start="2026-05-28T12:53:02.625161" elapsed="0.180875"/>
</kw>
<status status="PASS" start="2026-05-28T12:53:02.405172" elapsed="0.400864"/>
</test>
<test id="s1-t11" name="TC11 Verify login button is clickable" line="51">
<kw name="Open Page" owner="login_page" type="SETUP">
<kw name="Go To" owner="SeleniumLibrary">
<msg time="2026-05-28T12:53:02.807029" level="INFO">Opening url 'http://172.21.166.115/washtabui/login?data=undefined'</msg>
<arg>http://172.21.166.115/washtabui/login?data=undefined</arg>
<doc>Navigates the current browser window to the provided ``url``.</doc>
<status status="PASS" start="2026-05-28T12:53:02.807029" elapsed="0.264423"/>
</kw>
<doc>Navigates current browser session to page URL.</doc>
<status status="PASS" start="2026-05-28T12:53:02.807029" elapsed="0.264423"/>
</kw>
<kw name="Click Sign In Button" owner="login_page">
<kw name="Wait Until Element Is Visible" owner="SeleniumLibrary">
<arg>${SIGN_IN_BUTTON}</arg>
<arg>10s</arg>
<doc>Waits until the element ``locator`` is visible.</doc>
<status status="PASS" start="2026-05-28T12:53:03.073455" elapsed="0.056433"/>
</kw>
<kw name="Click Button" owner="SeleniumLibrary">
<msg time="2026-05-28T12:53:03.131905" level="INFO">Clicking button 'xpath=//ion-button[@text='Login']'.</msg>
<msg time="2026-05-28T12:53:03.844611" level="INFO" html="true">&lt;/td&gt;&lt;/tr&gt;&lt;tr&gt;&lt;td colspan="3"&gt;&lt;a href="selenium-screenshot-9.png"&gt;&lt;img src="selenium-screenshot-9.png" width="800px"&gt;&lt;/a&gt;</msg>
<msg time="2026-05-28T12:53:03.845612" level="FAIL">Button with locator 'xpath=//ion-button[@text='Login']' not found.</msg>
<arg>${SIGN_IN_BUTTON}</arg>
<doc>Clicks the button identified by ``locator``.</doc>
<status status="FAIL" start="2026-05-28T12:53:03.130905" elapsed="0.715708">Button with locator 'xpath=//ion-button[@text='Login']' not found.</status>
</kw>
<doc>Click Sign In Button</doc>
<status status="FAIL" start="2026-05-28T12:53:03.072452" elapsed="0.775674">Button with locator 'xpath=//ion-button[@text='Login']' not found.</status>
</kw>
<status status="FAIL" start="2026-05-28T12:53:02.806036" elapsed="1.042090">Button with locator 'xpath=//ion-button[@text='Login']' not found.</status>
</test>
<test id="s1-t12" name="TC12 Verify error message appears in error message area on failed login" line="54">
<kw name="Open Page" owner="login_page" type="SETUP">
<kw name="Go To" owner="SeleniumLibrary">
<msg time="2026-05-28T12:53:03.851664" level="INFO">Opening url 'http://172.21.166.115/washtabui/login?data=undefined'</msg>
<arg>http://172.21.166.115/washtabui/login?data=undefined</arg>
<doc>Navigates the current browser window to the provided ``url``.</doc>
<status status="PASS" start="2026-05-28T12:53:03.851664" elapsed="0.031189"/>
</kw>
<doc>Navigates current browser session to page URL.</doc>
<status status="PASS" start="2026-05-28T12:53:03.850664" elapsed="0.032189"/>
</kw>
<kw name="Enter User Name" owner="login_page">
<kw name="Wait Until Element Is Visible" owner="SeleniumLibrary">
<arg>${USER_NAME_TEXTBOX}</arg>
<arg>10s</arg>
<doc>Waits until the element ``locator`` is visible.</doc>
<status status="PASS" start="2026-05-28T12:53:03.883853" elapsed="0.233005"/>
</kw>
<kw name="Input Text" owner="SeleniumLibrary">
<msg time="2026-05-28T12:53:04.116858" level="INFO">Typing text 'abc' into text field 'xpath=//input[@name='ion-input-0']'.</msg>
<arg>${USER_NAME_TEXTBOX}</arg>
<arg>${text}</arg>
<doc>Types the given ``text`` into the text field identified by ``locator``.</doc>
<status status="PASS" start="2026-05-28T12:53:04.116858" elapsed="0.106411"/>
</kw>
<arg>abc</arg>
<doc>Enter text action for User Name (textbox) using page object locator.</doc>
<status status="PASS" start="2026-05-28T12:53:03.882853" elapsed="0.341414"/>
</kw>
<kw name="Enter Password" owner="login_page">
<kw name="Wait Until Element Is Visible" owner="SeleniumLibrary">
<arg>${PASSWORD_TEXTBOX}</arg>
<arg>10s</arg>
<doc>Waits until the element ``locator`` is visible.</doc>
<status status="PASS" start="2026-05-28T12:53:04.225269" elapsed="0.028758"/>
</kw>
<kw name="Input Password" owner="SeleniumLibrary">
<msg time="2026-05-28T12:53:04.255027" level="INFO">Typing password into text field 'xpath=//input[@name='ion-input-1']'.</msg>
<msg time="2026-05-28T12:53:04.308374" level="INFO">Temporally setting log level to: NONE</msg>
<arg>${PASSWORD_TEXTBOX}</arg>
<arg>${password}</arg>
<doc>Types the given password into the text field identified by ``locator``.</doc>
<status status="PASS" start="2026-05-28T12:53:04.254027" elapsed="0.115148"/>
</kw>
<arg>xyz</arg>
<doc>Enter password action for Password (password) using page object locator.</doc>
<status status="PASS" start="2026-05-28T12:53:04.224267" elapsed="0.144908"/>
</kw>
<kw name="Click Sign In Button" owner="login_page">
<kw name="Wait Until Element Is Visible" owner="SeleniumLibrary">
<arg>${SIGN_IN_BUTTON}</arg>
<arg>10s</arg>
<doc>Waits until the element ``locator`` is visible.</doc>
<status status="PASS" start="2026-05-28T12:53:04.370437" elapsed="0.018403"/>
</kw>
<kw name="Click Button" owner="SeleniumLibrary">
<msg time="2026-05-28T12:53:04.389360" level="INFO">Clicking button 'xpath=//ion-button[@text='Login']'.</msg>
<msg time="2026-05-28T12:53:04.916259" level="INFO" html="true">&lt;/td&gt;&lt;/tr&gt;&lt;tr&gt;&lt;td colspan="3"&gt;&lt;a href="selenium-screenshot-10.png"&gt;&lt;img src="selenium-screenshot-10.png" width="800px"&gt;&lt;/a&gt;</msg>
<msg time="2026-05-28T12:53:04.916259" level="FAIL">Button with locator 'xpath=//ion-button[@text='Login']' not found.</msg>
<arg>${SIGN_IN_BUTTON}</arg>
<doc>Clicks the button identified by ``locator``.</doc>
<status status="FAIL" start="2026-05-28T12:53:04.389360" elapsed="0.528898">Button with locator 'xpath=//ion-button[@text='Login']' not found.</status>
</kw>
<doc>Click Sign In Button</doc>
<status status="FAIL" start="2026-05-28T12:53:04.369175" elapsed="0.549083">Button with locator 'xpath=//ion-button[@text='Login']' not found.</status>
</kw>
<status status="FAIL" start="2026-05-28T12:53:03.849651" elapsed="1.068607">Button with locator 'xpath=//ion-button[@text='Login']' not found.</status>
</test>
<test id="s1-t13" name="TC13 Verify login with username containing leading and trailing spaces" line="59">
<kw name="Open Page" owner="login_page" type="SETUP">
<kw name="Go To" owner="SeleniumLibrary">
<msg time="2026-05-28T12:53:04.921459" level="INFO">Opening url 'http://172.21.166.115/washtabui/login?data=undefined'</msg>
<arg>http://172.21.166.115/washtabui/login?data=undefined</arg>
<doc>Navigates the current browser window to the provided ``url``.</doc>
<status status="PASS" start="2026-05-28T12:53:04.921459" elapsed="0.182571"/>
</kw>
<doc>Navigates current browser session to page URL.</doc>
<status status="PASS" start="2026-05-28T12:53:04.920942" elapsed="0.183088"/>
</kw>
<kw name="Enter User Name" owner="login_page">
<kw name="Wait Until Element Is Visible" owner="SeleniumLibrary">
<arg>${USER_NAME_TEXTBOX}</arg>
<arg>10s</arg>
<doc>Waits until the element ``locator`` is visible.</doc>
<status status="PASS" start="2026-05-28T12:53:05.106031" elapsed="0.033361"/>
</kw>
<kw name="Input Text" owner="SeleniumLibrary">
<msg time="2026-05-28T12:53:05.140810" level="INFO">Typing text 'haklarr' into text field 'xpath=//input[@name='ion-input-0']'.</msg>
<arg>${USER_NAME_TEXTBOX}</arg>
<arg>${text}</arg>
<doc>Types the given ``text`` into the text field identified by ``locator``.</doc>
<status status="PASS" start="2026-05-28T12:53:05.140433" elapsed="0.095767"/>
</kw>
<arg>haklarr</arg>
<doc>Enter text action for User Name (textbox) using page object locator.</doc>
<status status="PASS" start="2026-05-28T12:53:05.105032" elapsed="0.131168"/>
</kw>
<kw name="Enter Password" owner="login_page">
<kw name="Wait Until Element Is Visible" owner="SeleniumLibrary">
<arg>${PASSWORD_TEXTBOX}</arg>
<arg>10s</arg>
<doc>Waits until the element ``locator`` is visible.</doc>
<status status="PASS" start="2026-05-28T12:53:05.237194" elapsed="0.019476"/>
</kw>
<kw name="Input Password" owner="SeleniumLibrary">
<msg time="2026-05-28T12:53:05.258186" level="INFO">Typing password into text field 'xpath=//input[@name='ion-input-1']'.</msg>
<msg time="2026-05-28T12:53:05.300346" level="INFO">Temporally setting log level to: NONE</msg>
<arg>${PASSWORD_TEXTBOX}</arg>
<arg>${password}</arg>
<doc>Types the given password into the text field identified by ``locator``.</doc>
<status status="PASS" start="2026-05-28T12:53:05.256670" elapsed="0.128231"/>
</kw>
<arg>Icstunnel1</arg>
<doc>Enter password action for Password (password) using page object locator.</doc>
<status status="PASS" start="2026-05-28T12:53:05.237194" elapsed="0.147707"/>
</kw>
<kw name="Click Sign In Button" owner="login_page">
<kw name="Wait Until Element Is Visible" owner="SeleniumLibrary">
<arg>${SIGN_IN_BUTTON}</arg>
<arg>10s</arg>
<doc>Waits until the element ``locator`` is visible.</doc>
<status status="PASS" start="2026-05-28T12:53:05.386899" elapsed="0.021647"/>
</kw>
<kw name="Click Button" owner="SeleniumLibrary">
<msg time="2026-05-28T12:53:05.410690" level="INFO">Clicking button 'xpath=//ion-button[@text='Login']'.</msg>
<msg time="2026-05-28T12:53:05.898270" level="INFO" html="true">&lt;/td&gt;&lt;/tr&gt;&lt;tr&gt;&lt;td colspan="3"&gt;&lt;a href="selenium-screenshot-11.png"&gt;&lt;img src="selenium-screenshot-11.png" width="800px"&gt;&lt;/a&gt;</msg>
<msg time="2026-05-28T12:53:05.899346" level="FAIL">Button with locator 'xpath=//ion-button[@text='Login']' not found.</msg>
<arg>${SIGN_IN_BUTTON}</arg>
<doc>Clicks the button identified by ``locator``.</doc>
<status status="FAIL" start="2026-05-28T12:53:05.409124" elapsed="0.491230">Button with locator 'xpath=//ion-button[@text='Login']' not found.</status>
</kw>
<doc>Click Sign In Button</doc>
<status status="FAIL" start="2026-05-28T12:53:05.385899" elapsed="0.515461">Button with locator 'xpath=//ion-button[@text='Login']' not found.</status>
</kw>
<status status="FAIL" start="2026-05-28T12:53:04.919441" elapsed="0.981919">Button with locator 'xpath=//ion-button[@text='Login']' not found.</status>
</test>
<test id="s1-t14" name="TC14 Verify login with password containing leading and trailing spaces" line="64">
<kw name="Open Page" owner="login_page" type="SETUP">
<kw name="Go To" owner="SeleniumLibrary">
<msg time="2026-05-28T12:53:05.904354" level="INFO">Opening url 'http://172.21.166.115/washtabui/login?data=undefined'</msg>
<arg>http://172.21.166.115/washtabui/login?data=undefined</arg>
<doc>Navigates the current browser window to the provided ``url``.</doc>
<status status="PASS" start="2026-05-28T12:53:05.903356" elapsed="0.204050"/>
</kw>
<doc>Navigates current browser session to page URL.</doc>
<status status="PASS" start="2026-05-28T12:53:05.903356" elapsed="0.204050"/>
</kw>
<kw name="Enter User Name" owner="login_page">
<kw name="Wait Until Element Is Visible" owner="SeleniumLibrary">
<arg>${USER_NAME_TEXTBOX}</arg>
<arg>10s</arg>
<doc>Waits until the element ``locator`` is visible.</doc>
<status status="PASS" start="2026-05-28T12:53:06.108916" elapsed="0.028121"/>
</kw>
<kw name="Input Text" owner="SeleniumLibrary">
<msg time="2026-05-28T12:53:06.139175" level="INFO">Typing text 'haklarr' into text field 'xpath=//input[@name='ion-input-0']'.</msg>
<arg>${USER_NAME_TEXTBOX}</arg>
<arg>${text}</arg>
<doc>Types the given ``text`` into the text field identified by ``locator``.</doc>
<status status="PASS" start="2026-05-28T12:53:06.138553" elapsed="0.096562"/>
</kw>
<arg>haklarr</arg>
<doc>Enter text action for User Name (textbox) using page object locator.</doc>
<status status="PASS" start="2026-05-28T12:53:06.108408" elapsed="0.126707"/>
</kw>
<kw name="Enter Password" owner="login_page">
<kw name="Wait Until Element Is Visible" owner="SeleniumLibrary">
<arg>${PASSWORD_TEXTBOX}</arg>
<arg>10s</arg>
<doc>Waits until the element ``locator`` is visible.</doc>
<status status="PASS" start="2026-05-28T12:53:06.236114" elapsed="0.029396"/>
</kw>
<kw name="Input Password" owner="SeleniumLibrary">
<msg time="2026-05-28T12:53:06.267507" level="INFO">Typing password into text field 'xpath=//input[@name='ion-input-1']'.</msg>
<msg time="2026-05-28T12:53:06.325014" level="INFO">Temporally setting log level to: NONE</msg>
<arg>${PASSWORD_TEXTBOX}</arg>
<arg>${password}</arg>
<doc>Types the given password into the text field identified by ``locator``.</doc>
<status status="PASS" start="2026-05-28T12:53:06.266507" elapsed="0.149382"/>
</kw>
<arg>Icstunnel1</arg>
<doc>Enter password action for Password (password) using page object locator.</doc>
<status status="PASS" start="2026-05-28T12:53:06.236114" elapsed="0.179775"/>
</kw>
<kw name="Click Sign In Button" owner="login_page">
<kw name="Wait Until Element Is Visible" owner="SeleniumLibrary">
<arg>${SIGN_IN_BUTTON}</arg>
<arg>10s</arg>
<doc>Waits until the element ``locator`` is visible.</doc>
<status status="PASS" start="2026-05-28T12:53:06.416886" elapsed="0.026178"/>
</kw>
<kw name="Click Button" owner="SeleniumLibrary">
<msg time="2026-05-28T12:53:06.444065" level="INFO">Clicking button 'xpath=//ion-button[@text='Login']'.</msg>
<msg time="2026-05-28T12:53:06.955886" level="INFO" html="true">&lt;/td&gt;&lt;/tr&gt;&lt;tr&gt;&lt;td colspan="3"&gt;&lt;a href="selenium-screenshot-12.png"&gt;&lt;img src="selenium-screenshot-12.png" width="800px"&gt;&lt;/a&gt;</msg>
<msg time="2026-05-28T12:53:06.956886" level="FAIL">Button with locator 'xpath=//ion-button[@text='Login']' not found.</msg>
<arg>${SIGN_IN_BUTTON}</arg>
<doc>Clicks the button identified by ``locator``.</doc>
<status status="FAIL" start="2026-05-28T12:53:06.443064" elapsed="0.515330">Button with locator 'xpath=//ion-button[@text='Login']' not found.</status>
</kw>
<doc>Click Sign In Button</doc>
<status status="FAIL" start="2026-05-28T12:53:06.415889" elapsed="0.542505">Button with locator 'xpath=//ion-button[@text='Login']' not found.</status>
</kw>
<status status="FAIL" start="2026-05-28T12:53:05.902358" elapsed="1.056036">Button with locator 'xpath=//ion-button[@text='Login']' not found.</status>
</test>
<test id="s1-t15" name="TC15 Verify login attempt with very long username input" line="69">
<kw name="Open Page" owner="login_page" type="SETUP">
<kw name="Go To" owner="SeleniumLibrary">
<msg time="2026-05-28T12:53:06.960921" level="INFO">Opening url 'http://172.21.166.115/washtabui/login?data=undefined'</msg>
<arg>http://172.21.166.115/washtabui/login?data=undefined</arg>
<doc>Navigates the current browser window to the provided ``url``.</doc>
<status status="PASS" start="2026-05-28T12:53:06.960921" elapsed="0.211879"/>
</kw>
<doc>Navigates current browser session to page URL.</doc>
<status status="PASS" start="2026-05-28T12:53:06.959912" elapsed="0.213895"/>
</kw>
<kw name="Evaluate" owner="BuiltIn">
<msg time="2026-05-28T12:53:07.175808" level="INFO">${LONG_USER} = aaaaaaaaaaaaaaaaaaaaaaaaaaaaaaaaaaaaaaaaaaaaaaaaaaaaaaaaaaaaaaaaaaaaaaaaaaaaaaaaaaaaaaaaaaaaaaaaaaaaaaaaaaaaaaaaaaaaaaaaaaaaaaaaaaaaaaaaaaaaaaaaaaaaaaaaaaaaaaaaaaaaaaaaaaaaaaaaaaaaaaaaaaaaaaaaaaaaaaaa</msg>
<var>${LONG_USER}</var>
<arg>"a"*200</arg>
<doc>Evaluates the given expression in Python and returns the result.</doc>
<status status="PASS" start="2026-05-28T12:53:07.173807" elapsed="0.002994"/>
</kw>
<kw name="Enter User Name" owner="login_page">
<kw name="Wait Until Element Is Visible" owner="SeleniumLibrary">
<arg>${USER_NAME_TEXTBOX}</arg>
<arg>10s</arg>
<doc>Waits until the element ``locator`` is visible.</doc>
<status status="PASS" start="2026-05-28T12:53:07.179848" elapsed="0.038757"/>
</kw>
<kw name="Input Text" owner="SeleniumLibrary">
<msg time="2026-05-28T12:53:07.219131" level="INFO">Typing text 'aaaaaaaaaaaaaaaaaaaaaaaaaaaaaaaaaaaaaaaaaaaaaaaaaaaaaaaaaaaaaaaaaaaaaaaaaaaaaaaaaaaaaaaaaaaaaaaaaaaaaaaaaaaaaaaaaaaaaaaaaaaaaaaaaaaaaaaaaaaaaaaaaaaaaaaaaaaaaaaaaaaaaaaaaaaaaaaaaaaaaaaaaaaaaaaaaaaaaaaa' into text field 'xpath=//input[@name='ion-input-0']'.</msg>
<arg>${USER_NAME_TEXTBOX}</arg>
<arg>${text}</arg>
<doc>Types the given ``text`` into the text field identified by ``locator``.</doc>
<status status="PASS" start="2026-05-28T12:53:07.218605" elapsed="0.385391"/>
</kw>
<arg>${LONG_USER}</arg>
<doc>Enter text action for User Name (textbox) using page object locator.</doc>
<status status="PASS" start="2026-05-28T12:53:07.178319" elapsed="0.425677"/>
</kw>
<kw name="Enter Password" owner="login_page">
<kw name="Wait Until Element Is Visible" owner="SeleniumLibrary">
<arg>${PASSWORD_TEXTBOX}</arg>
<arg>10s</arg>
<doc>Waits until the element ``locator`` is visible.</doc>
<status status="PASS" start="2026-05-28T12:53:07.604994" elapsed="0.019006"/>
</kw>
<kw name="Input Password" owner="SeleniumLibrary">
<msg time="2026-05-28T12:53:07.624999" level="INFO">Typing password into text field 'xpath=//input[@name='ion-input-1']'.</msg>
<msg time="2026-05-28T12:53:07.664141" level="INFO">Temporally setting log level to: NONE</msg>
<arg>${PASSWORD_TEXTBOX}</arg>
<arg>${password}</arg>
<doc>Types the given password into the text field identified by ``locator``.</doc>
<status status="PASS" start="2026-05-28T12:53:07.624000" elapsed="0.107272"/>
</kw>
<arg>Icstunnel1</arg>
<doc>Enter password action for Password (password) using page object locator.</doc>
<status status="PASS" start="2026-05-28T12:53:07.603996" elapsed="0.128276"/>
</kw>
<kw name="Click Sign In Button" owner="login_page">
<kw name="Wait Until Element Is Visible" owner="SeleniumLibrary">
<arg>${SIGN_IN_BUTTON}</arg>
<arg>10s</arg>
<doc>Waits until the element ``locator`` is visible.</doc>
<status status="PASS" start="2026-05-28T12:53:07.733264" elapsed="0.017998"/>
</kw>
<kw name="Click Button" owner="SeleniumLibrary">
<msg time="2026-05-28T12:53:07.752262" level="INFO">Clicking button 'xpath=//ion-button[@text='Login']'.</msg>
<msg time="2026-05-28T12:53:08.310149" level="INFO" html="true">&lt;/td&gt;&lt;/tr&gt;&lt;tr&gt;&lt;td colspan="3"&gt;&lt;a href="selenium-screenshot-13.png"&gt;&lt;img src="selenium-screenshot-13.png" width="800px"&gt;&lt;/a&gt;</msg>
<msg time="2026-05-28T12:53:08.310149" level="FAIL">Button with locator 'xpath=//ion-button[@text='Login']' not found.</msg>
<arg>${SIGN_IN_BUTTON}</arg>
<doc>Clicks the button identified by ``locator``.</doc>
<status status="FAIL" start="2026-05-28T12:53:07.751262" elapsed="0.560884">Button with locator 'xpath=//ion-button[@text='Login']' not found.</status>
</kw>
<doc>Click Sign In Button</doc>
<status status="FAIL" start="2026-05-28T12:53:07.732272" elapsed="0.579874">Button with locator 'xpath=//ion-button[@text='Login']' not found.</status>
</kw>
<status status="FAIL" start="2026-05-28T12:53:06.959404" elapsed="1.353742">Button with locator 'xpath=//ion-button[@text='Login']' not found.</status>
</test>
<test id="s1-t16" name="TC16 Verify login attempt with very long password input" line="75">
<kw name="Open Page" owner="login_page" type="SETUP">
<kw name="Go To" owner="SeleniumLibrary">
<msg time="2026-05-28T12:53:08.315241" level="INFO">Opening url 'http://172.21.166.115/washtabui/login?data=undefined'</msg>
<arg>http://172.21.166.115/washtabui/login?data=undefined</arg>
<doc>Navigates the current browser window to the provided ``url``.</doc>
<status status="PASS" start="2026-05-28T12:53:08.315241" elapsed="0.189744"/>
</kw>
<doc>Navigates current browser session to page URL.</doc>
<status status="PASS" start="2026-05-28T12:53:08.314241" elapsed="0.191747"/>
</kw>
<kw name="Evaluate" owner="BuiltIn">
<msg time="2026-05-28T12:53:08.506984" level="INFO">${LONG_PASS} = bbbbbbbbbbbbbbbbbbbbbbbbbbbbbbbbbbbbbbbbbbbbbbbbbbbbbbbbbbbbbbbbbbbbbbbbbbbbbbbbbbbbbbbbbbbbbbbbbbbbbbbbbbbbbbbbbbbbbbbbbbbbbbbbbbbbbbbbbbbbbbbbbbbbbbbbbbbbbbbbbbbbbbbbbbbbbbbbbbbbbbbbbbbbbbbbbbbbbbbb</msg>
<var>${LONG_PASS}</var>
<arg>"b"*200</arg>
<doc>Evaluates the given expression in Python and returns the result.</doc>
<status status="PASS" start="2026-05-28T12:53:08.505988" elapsed="0.000996"/>
</kw>
<kw name="Enter User Name" owner="login_page">
<kw name="Wait Until Element Is Visible" owner="SeleniumLibrary">
<arg>${USER_NAME_TEXTBOX}</arg>
<arg>10s</arg>
<doc>Waits until the element ``locator`` is visible.</doc>
<status status="PASS" start="2026-05-28T12:53:08.508491" elapsed="0.052872"/>
</kw>
<kw name="Input Text" owner="SeleniumLibrary">
<msg time="2026-05-28T12:53:08.565367" level="INFO">Typing text 'haklarr' into text field 'xpath=//input[@name='ion-input-0']'.</msg>
<arg>${USER_NAME_TEXTBOX}</arg>
<arg>${text}</arg>
<doc>Types the given ``text`` into the text field identified by ``locator``.</doc>
<status status="PASS" start="2026-05-28T12:53:08.563376" elapsed="0.110842"/>
</kw>
<arg>haklarr</arg>
<doc>Enter text action for User Name (textbox) using page object locator.</doc>
<status status="PASS" start="2026-05-28T12:53:08.506984" elapsed="0.167234"/>
</kw>
<kw name="Enter Password" owner="login_page">
<kw name="Wait Until Element Is Visible" owner="SeleniumLibrary">
<arg>${PASSWORD_TEXTBOX}</arg>
<arg>10s</arg>
<doc>Waits until the element ``locator`` is visible.</doc>
<status status="PASS" start="2026-05-28T12:53:08.675293" elapsed="0.025899"/>
</kw>
<kw name="Input Password" owner="SeleniumLibrary">
<msg time="2026-05-28T12:53:08.702192" level="INFO">Typing password into text field 'xpath=//input[@name='ion-input-1']'.</msg>
<msg time="2026-05-28T12:53:08.743097" level="INFO">Temporally setting log level to: NONE</msg>
<arg>${PASSWORD_TEXTBOX}</arg>
<arg>${password}</arg>
<doc>Types the given password into the text field identified by ``locator``.</doc>
<status status="PASS" start="2026-05-28T12:53:08.702192" elapsed="0.318911"/>
</kw>
<arg>${LONG_PASS}</arg>
<doc>Enter password action for Password (password) using page object locator.</doc>
<status status="PASS" start="2026-05-28T12:53:08.675293" elapsed="0.346809"/>
</kw>
<kw name="Click Sign In Button" owner="login_page">
<kw name="Wait Until Element Is Visible" owner="SeleniumLibrary">
<arg>${SIGN_IN_BUTTON}</arg>
<arg>10s</arg>
<doc>Waits until the element ``locator`` is visible.</doc>
<status status="PASS" start="2026-05-28T12:53:09.023100" elapsed="0.017333"/>
</kw>
<kw name="Click Button" owner="SeleniumLibrary">
<msg time="2026-05-28T12:53:09.041221" level="INFO">Clicking button 'xpath=//ion-button[@text='Login']'.</msg>
<msg time="2026-05-28T12:53:09.535343" level="INFO" html="true">&lt;/td&gt;&lt;/tr&gt;&lt;tr&gt;&lt;td colspan="3"&gt;&lt;a href="selenium-screenshot-14.png"&gt;&lt;img src="selenium-screenshot-14.png" width="800px"&gt;&lt;/a&gt;</msg>
<msg time="2026-05-28T12:53:09.535343" level="FAIL">Button with locator 'xpath=//ion-button[@text='Login']' not found.</msg>
<arg>${SIGN_IN_BUTTON}</arg>
<doc>Clicks the button identified by ``locator``.</doc>
<status status="FAIL" start="2026-05-28T12:53:09.040433" elapsed="0.495933">Button with locator 'xpath=//ion-button[@text='Login']' not found.</status>
</kw>
<doc>Click Sign In Button</doc>
<status status="FAIL" start="2026-05-28T12:53:09.022102" elapsed="0.515248">Button with locator 'xpath=//ion-button[@text='Login']' not found.</status>
</kw>
<status status="FAIL" start="2026-05-28T12:53:08.313146" elapsed="1.224204">Button with locator 'xpath=//ion-button[@text='Login']' not found.</status>
</test>
<test id="s1-t17" name="TC17 Verify login fails when username contains only whitespace" line="81">
<kw name="Open Page" owner="login_page" type="SETUP">
<kw name="Go To" owner="SeleniumLibrary">
<msg time="2026-05-28T12:53:09.539039" level="INFO">Opening url 'http://172.21.166.115/washtabui/login?data=undefined'</msg>
<arg>http://172.21.166.115/washtabui/login?data=undefined</arg>
<doc>Navigates the current browser window to the provided ``url``.</doc>
<status status="PASS" start="2026-05-28T12:53:09.539039" elapsed="0.246358"/>
</kw>
<doc>Navigates current browser session to page URL.</doc>
<status status="PASS" start="2026-05-28T12:53:09.539039" elapsed="0.246358"/>
</kw>
<kw name="Enter User Name" owner="login_page">
<kw name="Wait Until Element Is Visible" owner="SeleniumLibrary">
<arg>${USER_NAME_TEXTBOX}</arg>
<arg>10s</arg>
<doc>Waits until the element ``locator`` is visible.</doc>
<status status="PASS" start="2026-05-28T12:53:09.786402" elapsed="0.027762"/>
</kw>
<kw name="Input Text" owner="SeleniumLibrary">
<msg time="2026-05-28T12:53:09.815164" level="INFO">Typing text '  ' into text field 'xpath=//input[@name='ion-input-0']'.</msg>
<arg>${USER_NAME_TEXTBOX}</arg>
<arg>${text}</arg>
<doc>Types the given ``text`` into the text field identified by ``locator``.</doc>
<status status="PASS" start="2026-05-28T12:53:09.814164" elapsed="0.082739"/>
</kw>
<arg>${SPACE}${SPACE}</arg>
<doc>Enter text action for User Name (textbox) using page object locator.</doc>
<status status="PASS" start="2026-05-28T12:53:09.786402" elapsed="0.110501"/>
</kw>
<kw name="Enter Password" owner="login_page">
<kw name="Wait Until Element Is Visible" owner="SeleniumLibrary">
<arg>${PASSWORD_TEXTBOX}</arg>
<arg>10s</arg>
<doc>Waits until the element ``locator`` is visible.</doc>
<status status="PASS" start="2026-05-28T12:53:09.899426" elapsed="0.020964"/>
</kw>
<kw name="Input Password" owner="SeleniumLibrary">
<msg time="2026-05-28T12:53:09.921025" level="INFO">Typing password into text field 'xpath=//input[@name='ion-input-1']'.</msg>
<msg time="2026-05-28T12:53:09.967281" level="INFO">Temporally setting log level to: NONE</msg>
<arg>${PASSWORD_TEXTBOX}</arg>
<arg>${password}</arg>
<doc>Types the given password into the text field identified by ``locator``.</doc>
<status status="PASS" start="2026-05-28T12:53:09.921025" elapsed="0.128975"/>
</kw>
<arg>Icstunnel1</arg>
<doc>Enter password action for Password (password) using page object locator.</doc>
<status status="PASS" start="2026-05-28T12:53:09.898415" elapsed="0.151585"/>
</kw>
<kw name="Click Sign In Button" owner="login_page">
<kw name="Wait Until Element Is Visible" owner="SeleniumLibrary">
<arg>${SIGN_IN_BUTTON}</arg>
<arg>10s</arg>
<doc>Waits until the element ``locator`` is visible.</doc>
<status status="PASS" start="2026-05-28T12:53:10.050999" elapsed="0.018076"/>
</kw>
<kw name="Click Button" owner="SeleniumLibrary">
<msg time="2026-05-28T12:53:10.070274" level="INFO">Clicking button 'xpath=//ion-button[@text='Login']'.</msg>
<msg time="2026-05-28T12:53:10.608313" level="INFO" html="true">&lt;/td&gt;&lt;/tr&gt;&lt;tr&gt;&lt;td colspan="3"&gt;&lt;a href="selenium-screenshot-15.png"&gt;&lt;img src="selenium-screenshot-15.png" width="800px"&gt;&lt;/a&gt;</msg>
<msg time="2026-05-28T12:53:10.609324" level="FAIL">Button with locator 'xpath=//ion-button[@text='Login']' not found.</msg>
<arg>${SIGN_IN_BUTTON}</arg>
<doc>Clicks the button identified by ``locator``.</doc>
<status status="FAIL" start="2026-05-28T12:53:10.070104" elapsed="0.541494">Button with locator 'xpath=//ion-button[@text='Login']' not found.</status>
</kw>
<doc>Click Sign In Button</doc>
<status status="FAIL" start="2026-05-28T12:53:10.050999" elapsed="0.560599">Button with locator 'xpath=//ion-button[@text='Login']' not found.</status>
</kw>
<status status="FAIL" start="2026-05-28T12:53:09.538348" elapsed="1.074761">Button with locator 'xpath=//ion-button[@text='Login']' not found.</status>
</test>
<test id="s1-t18" name="TC18 Verify login fails when password contains only whitespace" line="86">
<kw name="Open Page" owner="login_page" type="SETUP">
<kw name="Go To" owner="SeleniumLibrary">
<msg time="2026-05-28T12:53:10.616635" level="INFO">Opening url 'http://172.21.166.115/washtabui/login?data=undefined'</msg>
<arg>http://172.21.166.115/washtabui/login?data=undefined</arg>
<doc>Navigates the current browser window to the provided ``url``.</doc>
<status status="PASS" start="2026-05-28T12:53:10.616635" elapsed="0.250205"/>
</kw>
<doc>Navigates current browser session to page URL.</doc>
<status status="PASS" start="2026-05-28T12:53:10.615632" elapsed="0.251208"/>
</kw>
<kw name="Enter User Name" owner="login_page">
<kw name="Wait Until Element Is Visible" owner="SeleniumLibrary">
<arg>${USER_NAME_TEXTBOX}</arg>
<arg>10s</arg>
<doc>Waits until the element ``locator`` is visible.</doc>
<status status="PASS" start="2026-05-28T12:53:10.867850" elapsed="0.038247"/>
</kw>
<kw name="Input Text" owner="SeleniumLibrary">
<msg time="2026-05-28T12:53:10.907111" level="INFO">Typing text 'haklarr' into text field 'xpath=//input[@name='ion-input-0']'.</msg>
<arg>${USER_NAME_TEXTBOX}</arg>
<arg>${text}</arg>
<doc>Types the given ``text`` into the text field identified by ``locator``.</doc>
<status status="PASS" start="2026-05-28T12:53:10.906097" elapsed="0.117322"/>
</kw>
<arg>haklarr</arg>
<doc>Enter text action for User Name (textbox) using page object locator.</doc>
<status status="PASS" start="2026-05-28T12:53:10.867850" elapsed="0.155569"/>
</kw>
<kw name="Enter Password" owner="login_page">
<kw name="Wait Until Element Is Visible" owner="SeleniumLibrary">
<arg>${PASSWORD_TEXTBOX}</arg>
<arg>10s</arg>
<doc>Waits until the element ``locator`` is visible.</doc>
<status status="PASS" start="2026-05-28T12:53:11.024820" elapsed="0.041037"/>
</kw>
<kw name="Input Password" owner="SeleniumLibrary">
<msg time="2026-05-28T12:53:11.066859" level="INFO">Typing password into text field 'xpath=//input[@name='ion-input-1']'.</msg>
<msg time="2026-05-28T12:53:11.117366" level="INFO">Temporally setting log level to: NONE</msg>
<arg>${PASSWORD_TEXTBOX}</arg>
<arg>${password}</arg>
<doc>Types the given password into the text field identified by ``locator``.</doc>
<status status="PASS" start="2026-05-28T12:53:11.065857" elapsed="0.230627"/>
</kw>
<arg>${SPACE}${SPACE}</arg>
<doc>Enter password action for Password (password) using page object locator.</doc>
<status status="PASS" start="2026-05-28T12:53:11.023419" elapsed="0.273065"/>
</kw>
<kw name="Click Sign In Button" owner="login_page">
<kw name="Wait Until Element Is Visible" owner="SeleniumLibrary">
<arg>${SIGN_IN_BUTTON}</arg>
<arg>10s</arg>
<doc>Waits until the element ``locator`` is visible.</doc>
<status status="PASS" start="2026-05-28T12:53:11.299018" elapsed="0.052395"/>
</kw>
<kw name="Click Button" owner="SeleniumLibrary">
<msg time="2026-05-28T12:53:11.353939" level="INFO">Clicking button 'xpath=//ion-button[@text='Login']'.</msg>
<msg time="2026-05-28T12:53:12.113893" level="INFO" html="true">&lt;/td&gt;&lt;/tr&gt;&lt;tr&gt;&lt;td colspan="3"&gt;&lt;a href="selenium-screenshot-16.png"&gt;&lt;img src="selenium-screenshot-16.png" width="800px"&gt;&lt;/a&gt;</msg>
<msg time="2026-05-28T12:53:12.113893" level="FAIL">Button with locator 'xpath=//ion-button[@text='Login']' not found.</msg>
<arg>${SIGN_IN_BUTTON}</arg>
<doc>Clicks the button identified by ``locator``.</doc>
<status status="FAIL" start="2026-05-28T12:53:11.351936" elapsed="0.764263">Button with locator 'xpath=//ion-button[@text='Login']' not found.</status>
</kw>
<doc>Click Sign In Button</doc>
<status status="FAIL" start="2026-05-28T12:53:11.297503" elapsed="0.818696">Button with locator 'xpath=//ion-button[@text='Login']' not found.</status>
</kw>
<status status="FAIL" start="2026-05-28T12:53:10.614647" elapsed="1.502962">Button with locator 'xpath=//ion-button[@text='Login']' not found.</status>
</test>
<test id="s1-t19" name="TC19 Verify login using copy paste for username and password" line="91">
<kw name="Open Page" owner="login_page" type="SETUP">
<kw name="Go To" owner="SeleniumLibrary">
<msg time="2026-05-28T12:53:12.120607" level="INFO">Opening url 'http://172.21.166.115/washtabui/login?data=undefined'</msg>
<arg>http://172.21.166.115/washtabui/login?data=undefined</arg>
<doc>Navigates the current browser window to the provided ``url``.</doc>
<status status="PASS" start="2026-05-28T12:53:12.120607" elapsed="0.281560"/>
</kw>
<doc>Navigates current browser session to page URL.</doc>
<status status="PASS" start="2026-05-28T12:53:12.119176" elapsed="0.283991"/>
</kw>
<kw name="Enter User Name" owner="login_page">
<kw name="Wait Until Element Is Visible" owner="SeleniumLibrary">
<arg>${USER_NAME_TEXTBOX}</arg>
<arg>10s</arg>
<doc>Waits until the element ``locator`` is visible.</doc>
<status status="PASS" start="2026-05-28T12:53:12.404169" elapsed="0.033088"/>
</kw>
<kw name="Input Text" owner="SeleniumLibrary">
<msg time="2026-05-28T12:53:12.439255" level="INFO">Typing text 'haklarr' into text field 'xpath=//input[@name='ion-input-0']'.</msg>
<arg>${USER_NAME_TEXTBOX}</arg>
<arg>${text}</arg>
<doc>Types the given ``text`` into the text field identified by ``locator``.</doc>
<status status="PASS" start="2026-05-28T12:53:12.438256" elapsed="0.150788"/>
</kw>
<arg>haklarr</arg>
<doc>Enter text action for User Name (textbox) using page object locator.</doc>
<status status="PASS" start="2026-05-28T12:53:12.403167" elapsed="0.186385"/>
</kw>
<kw name="Enter Password" owner="login_page">
<kw name="Wait Until Element Is Visible" owner="SeleniumLibrary">
<arg>${PASSWORD_TEXTBOX}</arg>
<arg>10s</arg>
<doc>Waits until the element ``locator`` is visible.</doc>
<status status="PASS" start="2026-05-28T12:53:12.590562" elapsed="0.032882"/>
</kw>
<kw name="Input Password" owner="SeleniumLibrary">
<msg time="2026-05-28T12:53:12.624443" level="INFO">Typing password into text field 'xpath=//input[@name='ion-input-1']'.</msg>
<msg time="2026-05-28T12:53:12.722889" level="INFO">Temporally setting log level to: NONE</msg>
<arg>${PASSWORD_TEXTBOX}</arg>
<arg>${password}</arg>
<doc>Types the given password into the text field identified by ``locator``.</doc>
<status status="PASS" start="2026-05-28T12:53:12.623444" elapsed="0.212513"/>
</kw>
<arg>Icstunnel1</arg>
<doc>Enter password action for Password (password) using page object locator.</doc>
<status status="PASS" start="2026-05-28T12:53:12.589552" elapsed="0.246405"/>
</kw>
<kw name="Click Sign In Button" owner="login_page">
<kw name="Wait Until Element Is Visible" owner="SeleniumLibrary">
<arg>${SIGN_IN_BUTTON}</arg>
<arg>10s</arg>
<doc>Waits until the element ``locator`` is visible.</doc>
<status status="PASS" start="2026-05-28T12:53:12.836958" elapsed="0.031119"/>
</kw>
<kw name="Click Button" owner="SeleniumLibrary">
<msg time="2026-05-28T12:53:12.869582" level="INFO">Clicking button 'xpath=//ion-button[@text='Login']'.</msg>
<msg time="2026-05-28T12:53:13.602112" level="INFO" html="true">&lt;/td&gt;&lt;/tr&gt;&lt;tr&gt;&lt;td colspan="3"&gt;&lt;a href="selenium-screenshot-17.png"&gt;&lt;img src="selenium-screenshot-17.png" width="800px"&gt;&lt;/a&gt;</msg>
<msg time="2026-05-28T12:53:13.603112" level="FAIL">Button with locator 'xpath=//ion-button[@text='Login']' not found.</msg>
<arg>${SIGN_IN_BUTTON}</arg>
<doc>Clicks the button identified by ``locator``.</doc>
<status status="FAIL" start="2026-05-28T12:53:12.869072" elapsed="0.736042">Button with locator 'xpath=//ion-button[@text='Login']' not found.</status>
</kw>
<doc>Click Sign In Button</doc>
<status status="FAIL" start="2026-05-28T12:53:12.836958" elapsed="0.768156">Button with locator 'xpath=//ion-button[@text='Login']' not found.</status>
</kw>
<kw name="Location Should Contain" owner="SeleniumLibrary">
<arg>/home</arg>
<doc>Verifies that the current URL contains ``expected``.</doc>
<status status="NOT RUN" start="2026-05-28T12:53:13.606112" elapsed="0.000000"/>
</kw>
<status status="FAIL" start="2026-05-28T12:53:12.117609" elapsed="1.488503">Button with locator 'xpath=//ion-button[@text='Login']' not found.</status>
</test>
<kw name="Close Browser" owner="SeleniumLibrary" type="TEARDOWN">
<doc>Closes the current browser.</doc>
<status status="PASS" start="2026-05-28T12:53:13.608606" elapsed="3.037439"/>
</kw>
<status status="FAIL" start="2026-05-28T12:52:43.765654" elapsed="32.880391"/>
</suite>
<statistics>
<total>
<stat pass="2" fail="17" skip="0">All Tests</stat>
</total>
<tag>
</tag>
<suite>
<stat name="Login Tests" id="s1" pass="2" fail="17" skip="0">Login Tests</stat>
</suite>
</statistics>
<errors>
</errors>
</robot>
