<?xml version="1.0" encoding="UTF-8"?>
<robot generator="Robot 7.4.2 (Python 3.11.0 on win32)" generated="2026-06-29T12:17:07.151538" rpa="false" schemaversion="5">
<suite id="s1" name="Results Summary" source="D:\New folder\WashTab_Automation\tests\test_suites_summary\results_summary.robot">
<test id="s1-t1" name="Print Robot Execution Summary From Results Folder" line="11">
<kw name="Run Process" owner="Process">
<msg time="2026-06-29T12:17:07.200682" level="INFO">Starting process:
python scripts/robot_results_summary.py results/output.xml</msg>
<msg time="2026-06-29T12:17:07.209687" level="INFO">Waiting for process to complete.</msg>
<msg time="2026-06-29T12:17:07.251700" level="INFO">Process completed.</msg>
<msg time="2026-06-29T12:17:07.251700" level="INFO">${result} = &lt;result object with rc 2&gt;</msg>
<var>${result}</var>
<arg>python</arg>
<arg>${SUMMARY_SCRIPT}</arg>
<arg>${RESULTS_OUTPUT_XML}</arg>
<arg>shell=False</arg>
<arg>stdout=PIPE</arg>
<arg>stderr=PIPE</arg>
<doc>Runs a process and waits for it to complete.</doc>
<status status="PASS" start="2026-06-29T12:17:07.198682" elapsed="0.053018"/>
</kw>
<kw name="Should Be Equal As Integers" owner="BuiltIn">
<msg time="2026-06-29T12:17:07.253718" level="INFO">Argument types are:
&lt;class 'int'&gt;
&lt;class 'str'&gt;</msg>
<msg time="2026-06-29T12:17:07.253718" level="FAIL">python: can't open file 'D:\\New folder\\WashTab_Automation\\tests\\test_suites_summary\\scripts\\robot_results_summary.py': [Errno 2] No such file or directory: 2 != 0</msg>
<arg>${result.rc}</arg>
<arg>0</arg>
<arg>msg=${result.stderr}</arg>
<doc>Fails if objects are unequal after converting them to integers.</doc>
<status status="FAIL" start="2026-06-29T12:17:07.252607" elapsed="0.001111">python: can't open file 'D:\\New folder\\WashTab_Automation\\tests\\test_suites_summary\\scripts\\robot_results_summary.py': [Errno 2] No such file or directory: 2 != 0</status>
</kw>
<kw name="Split To Lines">
<var>@{summary_lines}</var>
<arg>${result.stdout}</arg>
<status status="NOT RUN" start="2026-06-29T12:17:07.254608" elapsed="0.000000"/>
</kw>
<kw name="Get Summary Value">
<var>${total_tests_count}</var>
<arg>TOTAL=</arg>
<arg>@{summary_lines}</arg>
<status status="NOT RUN" start="2026-06-29T12:17:07.255607" elapsed="0.000000"/>
</kw>
<kw name="Get Summary Value">
<var>${pass_tests_count}</var>
<arg>PASSED=</arg>
<arg>@{summary_lines}</arg>
<status status="NOT RUN" start="2026-06-29T12:17:07.255607" elapsed="0.000000"/>
</kw>
<kw name="Get Summary Value">
<var>${fail_tests_count}</var>
<arg>FAILED=</arg>
<arg>@{summary_lines}</arg>
<status status="NOT RUN" start="2026-06-29T12:17:07.255607" elapsed="0.000000"/>
</kw>
<kw name="Log To Console" owner="BuiltIn">
<arg>\nTotal Tests----&gt;${total_tests_count}</arg>
<doc>Logs the given message to the console.</doc>
<status status="NOT RUN" start="2026-06-29T12:17:07.256606" elapsed="0.000000"/>
</kw>
<kw name="Log To Console" owner="BuiltIn">
<arg>Passed Tests---&gt;${pass_tests_count}</arg>
<doc>Logs the given message to the console.</doc>
<status status="NOT RUN" start="2026-06-29T12:17:07.256606" elapsed="0.000000"/>
</kw>
<kw name="Log To Console" owner="BuiltIn">
<arg>Failed Tests---&gt;${fail_tests_count}</arg>
<doc>Logs the given message to the console.</doc>
<status status="NOT RUN" start="2026-06-29T12:17:07.256606" elapsed="0.000000"/>
</kw>
<kw name="Log Failure Messages Section">
<arg>@{summary_lines}</arg>
<status status="NOT RUN" start="2026-06-29T12:17:07.257619" elapsed="0.000000"/>
</kw>
<tag>summary</tag>
<status status="FAIL" start="2026-06-29T12:17:07.197675" elapsed="0.059944">python: can't open file 'D:\\New folder\\WashTab_Automation\\tests\\test_suites_summary\\scripts\\robot_results_summary.py': [Errno 2] No such file or directory: 2 != 0</status>
</test>
<status status="FAIL" start="2026-06-29T12:17:07.153536" elapsed="0.104083"/>
</suite>
<statistics>
<total>
<stat pass="0" fail="1" skip="0">All Tests</stat>
</total>
<tag>
<stat pass="0" fail="1" skip="0">summary</stat>
</tag>
<suite>
<stat name="Results Summary" id="s1" pass="0" fail="1" skip="0">Results Summary</stat>
</suite>
</statistics>
<errors>
</errors>
</robot>
